oct. 19, 2022 3:44:37 P. M. org.apache.catalina.core.AprLifecycleListener init
WARNING: The Apache Tomcat Native library failed to load. The error reported was [C:\Users\Emi Chiófalo\Documents\TUP-UTN\SEMESTRE 3\PROG3\PROYECTOS EJEMPLO\apache-tomcat-7.0.104-windows-x86\apache-tomcat-7\bin\tcnative-1.dll: Can't load IA 32-bit .dll on a AMD 64-bit platform]
java.lang.UnsatisfiedLinkError: C:\Users\Emi Chiófalo\Documents\TUP-UTN\SEMESTRE 3\PROG3\PROYECTOS EJEMPLO\apache-tomcat-7.0.104-windows-x86\apache-tomcat-7\bin\tcnative-1.dll: Can't load IA 32-bit .dll on a AMD 64-bit platform
	at java.base/java.lang.ClassLoader$NativeLibrary.load0(Native Method)
	at java.base/java.lang.ClassLoader$NativeLibrary.load(ClassLoader.java:2432)
	at java.base/java.lang.ClassLoader$NativeLibrary.loadLibrary(ClassLoader.java:2489)
	at java.base/java.lang.ClassLoader.loadLibrary0(ClassLoader.java:2689)
	at java.base/java.lang.ClassLoader.loadLibrary(ClassLoader.java:2651)
	at java.base/java.lang.Runtime.loadLibrary0(Runtime.java:827)
	at java.base/java.lang.System.loadLibrary(System.java:1871)
	at org.apache.tomcat.jni.Library.<init>(Library.java:42)
	at org.apache.tomcat.jni.Library.initialize(Library.java:178)
	at org.apache.catalina.core.AprLifecycleListener.init(AprLifecycleListener.java:200)
	at org.apache.catalina.core.AprLifecycleListener.isAprAvailable(AprLifecycleListener.java:108)
	at org.apache.catalina.connector.Connector.setProtocol(Connector.java:639)
	at org.apache.catalina.connector.Connector.<init>(Connector.java:72)
	at org.apache.catalina.startup.ConnectorCreateRule.begin(ConnectorCreateRule.java:62)
	at org.apache.tomcat.util.digester.Digester.startElement(Digester.java:1263)
	at java.xml/com.sun.org.apache.xerces.internal.parsers.AbstractSAXParser.startElement(AbstractSAXParser.java:510)
	at java.xml/com.sun.org.apache.xerces.internal.parsers.AbstractXMLDocumentParser.emptyElement(AbstractXMLDocumentParser.java:183)
	at java.xml/com.sun.org.apache.xerces.internal.impl.XMLDocumentFragmentScannerImpl.scanStartElement(XMLDocumentFragmentScannerImpl.java:1377)
	at java.xml/com.sun.org.apache.xerces.internal.impl.XMLDocumentFragmentScannerImpl$FragmentContentDriver.next(XMLDocumentFragmentScannerImpl.java:2710)
	at java.xml/com.sun.org.apache.xerces.internal.impl.XMLDocumentScannerImpl.next(XMLDocumentScannerImpl.java:605)
	at java.xml/com.sun.org.apache.xerces.internal.impl.XMLDocumentFragmentScannerImpl.scanDocument(XMLDocumentFragmentScannerImpl.java:534)
	at java.xml/com.sun.org.apache.xerces.internal.parsers.XML11Configuration.parse(XML11Configuration.java:888)
	at java.xml/com.sun.org.apache.xerces.internal.parsers.XML11Configuration.parse(XML11Configuration.java:824)
	at java.xml/com.sun.org.apache.xerces.internal.parsers.XMLParser.parse(XMLParser.java:141)
	at java.xml/com.sun.org.apache.xerces.internal.parsers.AbstractSAXParser.parse(AbstractSAXParser.java:1216)
	at java.xml/com.sun.org.apache.xerces.internal.jaxp.SAXParserImpl$JAXPSAXParser.parse(SAXParserImpl.java:635)
	at org.apache.tomcat.util.digester.Digester.parse(Digester.java:1525)
	at org.apache.catalina.startup.Catalina.load(Catalina.java:637)
	at org.apache.catalina.startup.Catalina.load(Catalina.java:686)
	at java.base/jdk.internal.reflect.NativeMethodAccessorImpl.invoke0(Native Method)
	at java.base/jdk.internal.reflect.NativeMethodAccessorImpl.invoke(NativeMethodAccessorImpl.java:62)
	at java.base/jdk.internal.reflect.DelegatingMethodAccessorImpl.invoke(DelegatingMethodAccessorImpl.java:43)
	at java.base/java.lang.reflect.Method.invoke(Method.java:566)
	at org.apache.catalina.startup.Bootstrap.load(Bootstrap.java:244)
	at org.apache.catalina.startup.Bootstrap.main(Bootstrap.java:414)

oct. 19, 2022 3:44:37 P. M. org.apache.catalina.startup.VersionLoggerListener log
INFO: Nombre de la versión del servidor:   Apache Tomcat/7.0.104

oct. 19, 2022 3:44:37 P. M. org.apache.catalina.startup.VersionLoggerListener log
INFO: Server built:          May 7 2020 19:31:18 UTC
oct. 19, 2022 3:44:37 P. M. org.apache.catalina.startup.VersionLoggerListener log
INFO: Número de versión de servidor:         7.0.104.0
oct. 19, 2022 3:44:37 P. M. org.apache.catalina.startup.VersionLoggerListener log
INFO: OS Name:               Windows 10
oct. 19, 2022 3:44:37 P. M. org.apache.catalina.startup.VersionLoggerListener log
INFO: Versión de Systema Operativo:      10.0

oct. 19, 2022 3:44:37 P. M. org.apache.catalina.startup.VersionLoggerListener log
INFO: Arquitectura:          amd64

oct. 19, 2022 3:44:37 P. M. org.apache.catalina.startup.VersionLoggerListener log
INFO: Java Home:             C:\Program Files\Java\jdk-11.0.16
oct. 19, 2022 3:44:37 P. M. org.apache.catalina.startup.VersionLoggerListener log
INFO: JVM Version:           11.0.16+11-LTS-199
oct. 19, 2022 3:44:37 P. M. org.apache.catalina.startup.VersionLoggerListener log
INFO: Vededor JVM:     Oracle Corporation
oct. 19, 2022 3:44:37 P. M. org.apache.catalina.startup.VersionLoggerListener log
INFO: CATALINA_BASE:         C:\Users\Emi Chiófalo\Documents\TUP-UTN\SEMESTRE 3\PROG3\PROYECTOS EJEMPLO\apache-tomcat-7.0.104-windows-x86\apache-tomcat-7
oct. 19, 2022 3:44:37 P. M. org.apache.catalina.startup.VersionLoggerListener log
INFO: CATALINA_HOME:         C:\Users\Emi Chiófalo\Documents\TUP-UTN\SEMESTRE 3\PROG3\PROYECTOS EJEMPLO\apache-tomcat-7.0.104-windows-x86\apache-tomcat-7
oct. 19, 2022 3:44:37 P. M. org.apache.catalina.startup.VersionLoggerListener log
INFO: Command line argument: --add-opens=java.base/java.lang=ALL-UNNAMED
oct. 19, 2022 3:44:37 P. M. org.apache.catalina.startup.VersionLoggerListener log
INFO: Command line argument: --add-opens=java.base/java.io=ALL-UNNAMED
oct. 19, 2022 3:44:37 P. M. org.apache.catalina.startup.VersionLoggerListener log
INFO: Command line argument: --add-opens=java.rmi/sun.rmi.transport=ALL-UNNAMED
oct. 19, 2022 3:44:37 P. M. org.apache.catalina.startup.VersionLoggerListener log
INFO: Command line argument: -Djava.util.logging.config.file=C:\Users\Emi Chiófalo\Documents\TUP-UTN\SEMESTRE 3\PROG3\PROYECTOS EJEMPLO\apache-tomcat-7.0.104-windows-x86\apache-tomcat-7\conf\logging.properties
oct. 19, 2022 3:44:37 P. M. org.apache.catalina.startup.VersionLoggerListener log
INFO: Command line argument: -Djava.util.logging.manager=org.apache.juli.ClassLoaderLogManager
oct. 19, 2022 3:44:37 P. M. org.apache.catalina.startup.VersionLoggerListener log
INFO: Command line argument: -Dhttp.nonProxyHosts=localhost|127.0.0.1|EMI-CHIOFALO
oct. 19, 2022 3:44:37 P. M. org.apache.catalina.startup.VersionLoggerListener log
INFO: Command line argument: -Djdk.tls.ephemeralDHKeySize=2048
oct. 19, 2022 3:44:37 P. M. org.apache.catalina.startup.VersionLoggerListener log
INFO: Command line argument: -Dignore.endorsed.dirs=
oct. 19, 2022 3:44:37 P. M. org.apache.catalina.startup.VersionLoggerListener log
INFO: Command line argument: -Dcatalina.base=C:\Users\Emi Chiófalo\Documents\TUP-UTN\SEMESTRE 3\PROG3\PROYECTOS EJEMPLO\apache-tomcat-7.0.104-windows-x86\apache-tomcat-7
oct. 19, 2022 3:44:37 P. M. org.apache.catalina.startup.VersionLoggerListener log
INFO: Command line argument: -Dcatalina.home=C:\Users\Emi Chiófalo\Documents\TUP-UTN\SEMESTRE 3\PROG3\PROYECTOS EJEMPLO\apache-tomcat-7.0.104-windows-x86\apache-tomcat-7
oct. 19, 2022 3:44:37 P. M. org.apache.catalina.startup.VersionLoggerListener log
INFO: Command line argument: -Djava.io.tmpdir=C:\Users\Emi Chiófalo\Documents\TUP-UTN\SEMESTRE 3\PROG3\PROYECTOS EJEMPLO\apache-tomcat-7.0.104-windows-x86\apache-tomcat-7\temp
oct. 19, 2022 3:44:37 P. M. org.apache.coyote.AbstractProtocol init
INFO: Inicializando el manejador de protocolo ["http-bio-8080"]

oct. 19, 2022 3:44:37 P. M. org.apache.catalina.startup.Catalina load
INFO: Initialization processed in 1422 ms
oct. 19, 2022 3:44:37 P. M. org.apache.catalina.core.StandardService startInternal
INFO: Arrancando servicio [Catalina]
oct. 19, 2022 3:44:37 P. M. org.apache.catalina.core.StandardEngine startInternal
INFO: Starting Servlet Engine: Apache Tomcat/7.0.104
oct. 19, 2022 3:44:37 P. M. org.apache.catalina.startup.HostConfig deployDescriptor
INFO: Desplieque del descriptor de configuración [C:\Users\Emi Chiófalo\Documents\TUP-UTN\SEMESTRE 3\PROG3\PROYECTOS EJEMPLO\apache-tomcat-7.0.104-windows-x86\apache-tomcat-7\conf\Catalina\localhost\EjemploJSP.xml]
oct. 19, 2022 3:44:38 P. M. org.apache.catalina.util.SessionIdGeneratorBase createSecureRandom
WARNING: Creation of SecureRandom instance for session ID generation using [SHA1PRNG] took [250] milliseconds.
oct. 19, 2022 3:44:38 P. M. org.apache.catalina.startup.HostConfig deployDescriptor
INFO: Deployment of deployment descriptor [C:\Users\Emi Chiófalo\Documents\TUP-UTN\SEMESTRE 3\PROG3\PROYECTOS EJEMPLO\apache-tomcat-7.0.104-windows-x86\apache-tomcat-7\conf\Catalina\localhost\EjemploJSP.xml] has finished in [750] ms
oct. 19, 2022 3:44:38 P. M. org.apache.catalina.startup.HostConfig deployDescriptor
INFO: Desplieque del descriptor de configuración [C:\Users\Emi Chiófalo\Documents\TUP-UTN\SEMESTRE 3\PROG3\PROYECTOS EJEMPLO\apache-tomcat-7.0.104-windows-x86\apache-tomcat-7\conf\Catalina\localhost\ROOT.xml]
oct. 19, 2022 3:44:38 P. M. org.apache.catalina.startup.HostConfig deployDescriptor
INFO: Deployment of deployment descriptor [C:\Users\Emi Chiófalo\Documents\TUP-UTN\SEMESTRE 3\PROG3\PROYECTOS EJEMPLO\apache-tomcat-7.0.104-windows-x86\apache-tomcat-7\conf\Catalina\localhost\ROOT.xml] has finished in [141] ms
oct. 19, 2022 3:44:38 P. M. org.apache.catalina.startup.HostConfig deployDescriptor
INFO: Desplieque del descriptor de configuración [C:\Users\Emi Chiófalo\Documents\TUP-UTN\SEMESTRE 3\PROG3\PROYECTOS EJEMPLO\apache-tomcat-7.0.104-windows-x86\apache-tomcat-7\conf\Catalina\localhost\TP7-JSP.xml]
oct. 19, 2022 3:44:38 P. M. org.apache.catalina.startup.HostConfig deployDescriptor
INFO: Deployment of deployment descriptor [C:\Users\Emi Chiófalo\Documents\TUP-UTN\SEMESTRE 3\PROG3\PROYECTOS EJEMPLO\apache-tomcat-7.0.104-windows-x86\apache-tomcat-7\conf\Catalina\localhost\TP7-JSP.xml] has finished in [187] ms
oct. 19, 2022 3:44:38 P. M. org.apache.catalina.startup.HostConfig deployDirectory
INFO: Desplegando el directorio [C:\Users\Emi Chiófalo\Documents\TUP-UTN\SEMESTRE 3\PROG3\PROYECTOS EJEMPLO\apache-tomcat-7.0.104-windows-x86\apache-tomcat-7\webapps\docs] de la aplicación web
oct. 19, 2022 3:44:38 P. M. org.apache.catalina.startup.HostConfig deployDirectory
INFO: Deployment of web application directory [C:\Users\Emi Chiófalo\Documents\TUP-UTN\SEMESTRE 3\PROG3\PROYECTOS EJEMPLO\apache-tomcat-7.0.104-windows-x86\apache-tomcat-7\webapps\docs] has finished in [94] ms
oct. 19, 2022 3:44:38 P. M. org.apache.catalina.startup.HostConfig deployDirectory
INFO: Desplegando el directorio [C:\Users\Emi Chiófalo\Documents\TUP-UTN\SEMESTRE 3\PROG3\PROYECTOS EJEMPLO\apache-tomcat-7.0.104-windows-x86\apache-tomcat-7\webapps\examples] de la aplicación web
oct. 19, 2022 3:44:39 P. M. org.apache.catalina.startup.HostConfig deployDirectory
INFO: Deployment of web application directory [C:\Users\Emi Chiófalo\Documents\TUP-UTN\SEMESTRE 3\PROG3\PROYECTOS EJEMPLO\apache-tomcat-7.0.104-windows-x86\apache-tomcat-7\webapps\examples] has finished in [468] ms
oct. 19, 2022 3:44:39 P. M. org.apache.catalina.startup.HostConfig deployDirectory
INFO: Desplegando el directorio [C:\Users\Emi Chiófalo\Documents\TUP-UTN\SEMESTRE 3\PROG3\PROYECTOS EJEMPLO\apache-tomcat-7.0.104-windows-x86\apache-tomcat-7\webapps\host-manager] de la aplicación web
oct. 19, 2022 3:44:39 P. M. org.apache.catalina.startup.HostConfig deployDirectory
INFO: Deployment of web application directory [C:\Users\Emi Chiófalo\Documents\TUP-UTN\SEMESTRE 3\PROG3\PROYECTOS EJEMPLO\apache-tomcat-7.0.104-windows-x86\apache-tomcat-7\webapps\host-manager] has finished in [110] ms
oct. 19, 2022 3:44:39 P. M. org.apache.catalina.startup.HostConfig deployDirectory
INFO: Desplegando el directorio [C:\Users\Emi Chiófalo\Documents\TUP-UTN\SEMESTRE 3\PROG3\PROYECTOS EJEMPLO\apache-tomcat-7.0.104-windows-x86\apache-tomcat-7\webapps\manager] de la aplicación web
oct. 19, 2022 3:44:39 P. M. org.apache.catalina.startup.HostConfig deployDirectory
INFO: Deployment of web application directory [C:\Users\Emi Chiófalo\Documents\TUP-UTN\SEMESTRE 3\PROG3\PROYECTOS EJEMPLO\apache-tomcat-7.0.104-windows-x86\apache-tomcat-7\webapps\manager] has finished in [187] ms
oct. 19, 2022 3:44:39 P. M. org.apache.coyote.AbstractProtocol start
INFO: Starting ProtocolHandler ["http-bio-8080"]
oct. 19, 2022 3:44:39 P. M. org.apache.catalina.startup.Catalina start
INFO: Server startup in 2111 ms
oct. 19, 2022 3:47:36 P. M. org.apache.catalina.startup.HostConfig deployDescriptor
INFO: Desplieque del descriptor de configuración [C:\Users\Emi Chiófalo\Documents\TUP-UTN\SEMESTRE 3\PROG3\PROYECTOS EJEMPLO\apache-tomcat-7.0.104-windows-x86\apache-tomcat-7\conf\Catalina\localhost\WebApplication2.xml]
oct. 19, 2022 3:47:36 P. M. org.apache.catalina.startup.HostConfig deployDescriptor
INFO: Deployment of deployment descriptor [C:\Users\Emi Chiófalo\Documents\TUP-UTN\SEMESTRE 3\PROG3\PROYECTOS EJEMPLO\apache-tomcat-7.0.104-windows-x86\apache-tomcat-7\conf\Catalina\localhost\WebApplication2.xml] has finished in [125] ms
oct. 19, 2022 3:47:36 P. M. org.apache.catalina.util.LifecycleBase start
INFO: The start() method was called on component [StandardEngine[Catalina].StandardHost[localhost].StandardContext[/WebApplication2]] after start() had already been called. The second call will be ignored.
oct. 19, 2022 3:52:05 P. M. org.apache.catalina.startup.HostConfig undeploy
INFO: Repliegue (undeploy) de la aplicación web que tiene como trayectoria de contexto [/WebApplication2]
oct. 19, 2022 3:52:51 P. M. org.apache.catalina.core.StandardServer await
INFO: Se ha recibido un comando de apagado a través del puerto de apagado. Parando la instancia del Servidor.
oct. 19, 2022 3:52:51 P. M. org.apache.coyote.AbstractProtocol pause
INFO: Pausing ProtocolHandler ["http-bio-8080"]
oct. 19, 2022 3:52:51 P. M. org.apache.catalina.core.StandardService stopInternal
INFO: Parando servicio [Catalina]
oct. 19, 2022 3:52:51 P. M. org.apache.coyote.AbstractProtocol stop
INFO: Stopping ProtocolHandler ["http-bio-8080"]
oct. 19, 2022 3:52:51 P. M. org.apache.coyote.AbstractProtocol destroy
INFO: Destroying ProtocolHandler ["http-bio-8080"]
oct 19, 2022 3:55:44 P. M. org.apache.catalina.core.AprLifecycleListener init
WARNING: The Apache Tomcat Native library failed to load. The error reported was [C:\Users\Emi Chiófalo\Documents\TUP-UTN\SEMESTRE 3\PROG3\PROYECTOS EJEMPLO\apache-tomcat-7.0.104-windows-x86\apache-tomcat-7\bin\tcnative-1.dll: Can't load IA 32-bit .dll on a AMD 64-bit platform]
java.lang.UnsatisfiedLinkError: C:\Users\Emi Chiófalo\Documents\TUP-UTN\SEMESTRE 3\PROG3\PROYECTOS EJEMPLO\apache-tomcat-7.0.104-windows-x86\apache-tomcat-7\bin\tcnative-1.dll: Can't load IA 32-bit .dll on a AMD 64-bit platform
	at java.base/jdk.internal.loader.NativeLibraries.load(Native Method)
	at java.base/jdk.internal.loader.NativeLibraries$NativeLibraryImpl.open(NativeLibraries.java:383)
	at java.base/jdk.internal.loader.NativeLibraries.loadLibrary(NativeLibraries.java:227)
	at java.base/jdk.internal.loader.NativeLibraries.loadLibrary(NativeLibraries.java:169)
	at java.base/jdk.internal.loader.NativeLibraries.findFromPaths(NativeLibraries.java:310)
	at java.base/jdk.internal.loader.NativeLibraries.loadLibrary(NativeLibraries.java:282)
	at java.base/java.lang.ClassLoader.loadLibrary(ClassLoader.java:2416)
	at java.base/java.lang.Runtime.loadLibrary0(Runtime.java:808)
	at java.base/java.lang.System.loadLibrary(System.java:1893)
	at org.apache.tomcat.jni.Library.<init>(Library.java:42)
	at org.apache.tomcat.jni.Library.initialize(Library.java:178)
	at org.apache.catalina.core.AprLifecycleListener.init(AprLifecycleListener.java:200)
	at org.apache.catalina.core.AprLifecycleListener.isAprAvailable(AprLifecycleListener.java:108)
	at org.apache.catalina.connector.Connector.setProtocol(Connector.java:639)
	at org.apache.catalina.connector.Connector.<init>(Connector.java:72)
	at org.apache.catalina.startup.ConnectorCreateRule.begin(ConnectorCreateRule.java:62)
	at org.apache.tomcat.util.digester.Digester.startElement(Digester.java:1263)
	at java.xml/com.sun.org.apache.xerces.internal.parsers.AbstractSAXParser.startElement(AbstractSAXParser.java:518)
	at java.xml/com.sun.org.apache.xerces.internal.parsers.AbstractXMLDocumentParser.emptyElement(AbstractXMLDocumentParser.java:183)
	at java.xml/com.sun.org.apache.xerces.internal.impl.XMLDocumentFragmentScannerImpl.scanStartElement(XMLDocumentFragmentScannerImpl.java:1386)
	at java.xml/com.sun.org.apache.xerces.internal.impl.XMLDocumentFragmentScannerImpl$FragmentContentDriver.next(XMLDocumentFragmentScannerImpl.java:2725)
	at java.xml/com.sun.org.apache.xerces.internal.impl.XMLDocumentScannerImpl.next(XMLDocumentScannerImpl.java:605)
	at java.xml/com.sun.org.apache.xerces.internal.impl.XMLDocumentFragmentScannerImpl.scanDocument(XMLDocumentFragmentScannerImpl.java:541)
	at java.xml/com.sun.org.apache.xerces.internal.parsers.XML11Configuration.parse(XML11Configuration.java:888)
	at java.xml/com.sun.org.apache.xerces.internal.parsers.XML11Configuration.parse(XML11Configuration.java:824)
	at java.xml/com.sun.org.apache.xerces.internal.parsers.XMLParser.parse(XMLParser.java:141)
	at java.xml/com.sun.org.apache.xerces.internal.parsers.AbstractSAXParser.parse(AbstractSAXParser.java:1224)
	at java.xml/com.sun.org.apache.xerces.internal.jaxp.SAXParserImpl$JAXPSAXParser.parse(SAXParserImpl.java:635)
	at org.apache.tomcat.util.digester.Digester.parse(Digester.java:1525)
	at org.apache.catalina.startup.Catalina.load(Catalina.java:637)
	at org.apache.catalina.startup.Catalina.load(Catalina.java:686)
	at java.base/jdk.internal.reflect.NativeMethodAccessorImpl.invoke0(Native Method)
	at java.base/jdk.internal.reflect.NativeMethodAccessorImpl.invoke(NativeMethodAccessorImpl.java:78)
	at java.base/jdk.internal.reflect.DelegatingMethodAccessorImpl.invoke(DelegatingMethodAccessorImpl.java:43)
	at java.base/java.lang.reflect.Method.invoke(Method.java:567)
	at org.apache.catalina.startup.Bootstrap.load(Bootstrap.java:244)
	at org.apache.catalina.startup.Bootstrap.main(Bootstrap.java:414)

oct 19, 2022 3:55:45 P. M. org.apache.catalina.startup.VersionLoggerListener log
INFO: Nombre de la versión del servidor:   Apache Tomcat/7.0.104

oct 19, 2022 3:55:45 P. M. org.apache.catalina.startup.VersionLoggerListener log
INFO: Server built:          May 7 2020 19:31:18 UTC
oct 19, 2022 3:55:45 P. M. org.apache.catalina.startup.VersionLoggerListener log
INFO: Número de versión de servidor:         7.0.104.0
oct 19, 2022 3:55:45 P. M. org.apache.catalina.startup.VersionLoggerListener log
INFO: OS Name:               Windows 10
oct 19, 2022 3:55:45 P. M. org.apache.catalina.startup.VersionLoggerListener log
INFO: Versión de Systema Operativo:      10.0

oct 19, 2022 3:55:45 P. M. org.apache.catalina.startup.VersionLoggerListener log
INFO: Arquitectura:          amd64

oct 19, 2022 3:55:45 P. M. org.apache.catalina.startup.VersionLoggerListener log
INFO: Java Home:             C:\Program Files\Java\jdk-16.0.2
oct 19, 2022 3:55:45 P. M. org.apache.catalina.startup.VersionLoggerListener log
INFO: JVM Version:           16.0.2+7-67
oct 19, 2022 3:55:45 P. M. org.apache.catalina.startup.VersionLoggerListener log
INFO: Vededor JVM:     Oracle Corporation
oct 19, 2022 3:55:45 P. M. org.apache.catalina.startup.VersionLoggerListener log
INFO: CATALINA_BASE:         C:\Users\Emi Chiófalo\Documents\TUP-UTN\SEMESTRE 3\PROG3\PROYECTOS EJEMPLO\apache-tomcat-7.0.104-windows-x86\apache-tomcat-7
oct 19, 2022 3:55:45 P. M. org.apache.catalina.startup.VersionLoggerListener log
INFO: CATALINA_HOME:         C:\Users\Emi Chiófalo\Documents\TUP-UTN\SEMESTRE 3\PROG3\PROYECTOS EJEMPLO\apache-tomcat-7.0.104-windows-x86\apache-tomcat-7
oct 19, 2022 3:55:45 P. M. org.apache.catalina.startup.VersionLoggerListener log
INFO: Command line argument: --add-opens=java.base/java.lang=ALL-UNNAMED
oct 19, 2022 3:55:45 P. M. org.apache.catalina.startup.VersionLoggerListener log
INFO: Command line argument: --add-opens=java.base/java.io=ALL-UNNAMED
oct 19, 2022 3:55:45 P. M. org.apache.catalina.startup.VersionLoggerListener log
INFO: Command line argument: --add-opens=java.rmi/sun.rmi.transport=ALL-UNNAMED
oct 19, 2022 3:55:45 P. M. org.apache.catalina.startup.VersionLoggerListener log
INFO: Command line argument: -Djava.util.logging.config.file=C:\Users\Emi Chiófalo\Documents\TUP-UTN\SEMESTRE 3\PROG3\PROYECTOS EJEMPLO\apache-tomcat-7.0.104-windows-x86\apache-tomcat-7\conf\logging.properties
oct 19, 2022 3:55:45 P. M. org.apache.catalina.startup.VersionLoggerListener log
INFO: Command line argument: -Djava.util.logging.manager=org.apache.juli.ClassLoaderLogManager
oct 19, 2022 3:55:45 P. M. org.apache.catalina.startup.VersionLoggerListener log
INFO: Command line argument: -Dhttp.nonProxyHosts=localhost|127.0.0.1|EMI-CHIOFALO
oct 19, 2022 3:55:45 P. M. org.apache.catalina.startup.VersionLoggerListener log
INFO: Command line argument: -Djdk.tls.ephemeralDHKeySize=2048
oct 19, 2022 3:55:45 P. M. org.apache.catalina.startup.VersionLoggerListener log
INFO: Command line argument: -Dignore.endorsed.dirs=
oct 19, 2022 3:55:45 P. M. org.apache.catalina.startup.VersionLoggerListener log
INFO: Command line argument: -Dcatalina.base=C:\Users\Emi Chiófalo\Documents\TUP-UTN\SEMESTRE 3\PROG3\PROYECTOS EJEMPLO\apache-tomcat-7.0.104-windows-x86\apache-tomcat-7
oct 19, 2022 3:55:45 P. M. org.apache.catalina.startup.VersionLoggerListener log
INFO: Command line argument: -Dcatalina.home=C:\Users\Emi Chiófalo\Documents\TUP-UTN\SEMESTRE 3\PROG3\PROYECTOS EJEMPLO\apache-tomcat-7.0.104-windows-x86\apache-tomcat-7
oct 19, 2022 3:55:45 P. M. org.apache.catalina.startup.VersionLoggerListener log
INFO: Command line argument: -Djava.io.tmpdir=C:\Users\Emi Chiófalo\Documents\TUP-UTN\SEMESTRE 3\PROG3\PROYECTOS EJEMPLO\apache-tomcat-7.0.104-windows-x86\apache-tomcat-7\temp
oct 19, 2022 3:55:45 P. M. org.apache.coyote.AbstractProtocol init
INFO: Inicializando el manejador de protocolo ["http-bio-8080"]

oct 19, 2022 3:55:45 P. M. org.apache.catalina.startup.Catalina load
INFO: Initialization processed in 1626 ms
oct 19, 2022 3:55:45 P. M. org.apache.catalina.core.StandardService startInternal
INFO: Arrancando servicio [Catalina]
oct 19, 2022 3:55:45 P. M. org.apache.catalina.core.StandardEngine startInternal
INFO: Starting Servlet Engine: Apache Tomcat/7.0.104
oct 19, 2022 3:55:45 P. M. org.apache.catalina.startup.HostConfig deployDescriptor
INFO: Desplieque del descriptor de configuración [C:\Users\Emi Chiófalo\Documents\TUP-UTN\SEMESTRE 3\PROG3\PROYECTOS EJEMPLO\apache-tomcat-7.0.104-windows-x86\apache-tomcat-7\conf\Catalina\localhost\EjemploJSP.xml]
oct 19, 2022 3:55:46 P. M. org.apache.catalina.startup.HostConfig deployDescriptor
INFO: Deployment of deployment descriptor [C:\Users\Emi Chiófalo\Documents\TUP-UTN\SEMESTRE 3\PROG3\PROYECTOS EJEMPLO\apache-tomcat-7.0.104-windows-x86\apache-tomcat-7\conf\Catalina\localhost\EjemploJSP.xml] has finished in [888] ms
oct 19, 2022 3:55:46 P. M. org.apache.catalina.startup.HostConfig deployDescriptor
INFO: Desplieque del descriptor de configuración [C:\Users\Emi Chiófalo\Documents\TUP-UTN\SEMESTRE 3\PROG3\PROYECTOS EJEMPLO\apache-tomcat-7.0.104-windows-x86\apache-tomcat-7\conf\Catalina\localhost\ROOT.xml]
oct 19, 2022 3:55:46 P. M. org.apache.catalina.startup.HostConfig deployDescriptor
INFO: Deployment of deployment descriptor [C:\Users\Emi Chiófalo\Documents\TUP-UTN\SEMESTRE 3\PROG3\PROYECTOS EJEMPLO\apache-tomcat-7.0.104-windows-x86\apache-tomcat-7\conf\Catalina\localhost\ROOT.xml] has finished in [305] ms
oct 19, 2022 3:55:46 P. M. org.apache.catalina.startup.HostConfig deployDescriptor
INFO: Desplieque del descriptor de configuración [C:\Users\Emi Chiófalo\Documents\TUP-UTN\SEMESTRE 3\PROG3\PROYECTOS EJEMPLO\apache-tomcat-7.0.104-windows-x86\apache-tomcat-7\conf\Catalina\localhost\TP7-JSP.xml]
oct 19, 2022 3:55:47 P. M. org.apache.catalina.startup.HostConfig deployDescriptor
INFO: Deployment of deployment descriptor [C:\Users\Emi Chiófalo\Documents\TUP-UTN\SEMESTRE 3\PROG3\PROYECTOS EJEMPLO\apache-tomcat-7.0.104-windows-x86\apache-tomcat-7\conf\Catalina\localhost\TP7-JSP.xml] has finished in [199] ms
oct 19, 2022 3:55:47 P. M. org.apache.catalina.startup.HostConfig deployDirectory
INFO: Desplegando el directorio [C:\Users\Emi Chiófalo\Documents\TUP-UTN\SEMESTRE 3\PROG3\PROYECTOS EJEMPLO\apache-tomcat-7.0.104-windows-x86\apache-tomcat-7\webapps\docs] de la aplicación web
oct 19, 2022 3:55:47 P. M. org.apache.catalina.startup.HostConfig deployDirectory
INFO: Deployment of web application directory [C:\Users\Emi Chiófalo\Documents\TUP-UTN\SEMESTRE 3\PROG3\PROYECTOS EJEMPLO\apache-tomcat-7.0.104-windows-x86\apache-tomcat-7\webapps\docs] has finished in [356] ms
oct 19, 2022 3:55:47 P. M. org.apache.catalina.startup.HostConfig deployDirectory
INFO: Desplegando el directorio [C:\Users\Emi Chiófalo\Documents\TUP-UTN\SEMESTRE 3\PROG3\PROYECTOS EJEMPLO\apache-tomcat-7.0.104-windows-x86\apache-tomcat-7\webapps\examples] de la aplicación web
oct 19, 2022 3:55:48 P. M. org.apache.catalina.startup.HostConfig deployDirectory
INFO: Deployment of web application directory [C:\Users\Emi Chiófalo\Documents\TUP-UTN\SEMESTRE 3\PROG3\PROYECTOS EJEMPLO\apache-tomcat-7.0.104-windows-x86\apache-tomcat-7\webapps\examples] has finished in [1.057] ms
oct 19, 2022 3:55:48 P. M. org.apache.catalina.startup.HostConfig deployDirectory
INFO: Desplegando el directorio [C:\Users\Emi Chiófalo\Documents\TUP-UTN\SEMESTRE 3\PROG3\PROYECTOS EJEMPLO\apache-tomcat-7.0.104-windows-x86\apache-tomcat-7\webapps\host-manager] de la aplicación web
oct 19, 2022 3:55:48 P. M. org.apache.catalina.startup.HostConfig deployDirectory
INFO: Deployment of web application directory [C:\Users\Emi Chiófalo\Documents\TUP-UTN\SEMESTRE 3\PROG3\PROYECTOS EJEMPLO\apache-tomcat-7.0.104-windows-x86\apache-tomcat-7\webapps\host-manager] has finished in [197] ms
oct 19, 2022 3:55:48 P. M. org.apache.catalina.startup.HostConfig deployDirectory
INFO: Desplegando el directorio [C:\Users\Emi Chiófalo\Documents\TUP-UTN\SEMESTRE 3\PROG3\PROYECTOS EJEMPLO\apache-tomcat-7.0.104-windows-x86\apache-tomcat-7\webapps\manager] de la aplicación web
oct 19, 2022 3:55:48 P. M. org.apache.catalina.startup.HostConfig deployDirectory
INFO: Deployment of web application directory [C:\Users\Emi Chiófalo\Documents\TUP-UTN\SEMESTRE 3\PROG3\PROYECTOS EJEMPLO\apache-tomcat-7.0.104-windows-x86\apache-tomcat-7\webapps\manager] has finished in [239] ms
oct 19, 2022 3:55:48 P. M. org.apache.coyote.AbstractProtocol start
INFO: Starting ProtocolHandler ["http-bio-8080"]
oct 19, 2022 3:55:48 P. M. org.apache.catalina.startup.Catalina start
INFO: Server startup in 3394 ms
oct 19, 2022 3:55:50 P. M. org.apache.catalina.startup.HostConfig undeploy
INFO: Repliegue (undeploy) de la aplicación web que tiene como trayectoria de contexto [/TP7-JSP]
oct 19, 2022 3:55:50 P. M. org.apache.catalina.startup.HostConfig deployDescriptor
INFO: Desplieque del descriptor de configuración [C:\Users\Emi Chiófalo\Documents\TUP-UTN\SEMESTRE 3\PROG3\PROYECTOS EJEMPLO\apache-tomcat-7.0.104-windows-x86\apache-tomcat-7\conf\Catalina\localhost\TP7-JSP.xml]
oct 19, 2022 3:55:50 P. M. org.apache.catalina.startup.HostConfig deployDescriptor
INFO: Deployment of deployment descriptor [C:\Users\Emi Chiófalo\Documents\TUP-UTN\SEMESTRE 3\PROG3\PROYECTOS EJEMPLO\apache-tomcat-7.0.104-windows-x86\apache-tomcat-7\conf\Catalina\localhost\TP7-JSP.xml] has finished in [165] ms
oct 19, 2022 3:55:50 P. M. org.apache.catalina.util.LifecycleBase start
INFO: The start() method was called on component [StandardEngine[Catalina].StandardHost[localhost].StandardContext[/TP7-JSP]] after start() had already been called. The second call will be ignored.
oct 19, 2022 5:41:12 P. M. org.apache.catalina.core.StandardContext reload
INFO: Ha comenzado la recarga de Contexto [/TP7-JSP]
oct 19, 2022 5:41:12 P. M. org.apache.catalina.core.StandardWrapper unload
INFO: Esperando por [1] instancia(s) para recuperar su espacio reservado
oct 19, 2022 5:41:13 P. M. org.apache.catalina.core.StandardWrapper unload
INFO: Esperando por [1] instancia(s) para recuperar su espacio reservado
oct 19, 2022 5:41:14 P. M. org.apache.catalina.core.StandardWrapper unload
INFO: Esperando por [1] instancia(s) para recuperar su espacio reservado
oct 19, 2022 5:41:14 P. M. org.apache.catalina.loader.WebappClassLoaderBase clearReferencesThreads
SEVERE: La aplicación web [/TP7-JSP] aún se encuentra procesando un requerimiento que no ha terminados. Esto tiene todas las papeletas de convertirse en un fallo de memoria. Puedes controlar el tiempo permitido a los requerimientos para acabar mediante el uso del atributo unloadDelay de la implementación estándar de Contexto.
oct 19, 2022 5:41:14 P. M. org.apache.catalina.startup.TldConfig execute
INFO: At least one JAR was scanned for TLDs yet contained no TLDs. Enable debug logging for this logger for a complete list of JARs that were scanned but no TLDs were found in them. Skipping unneeded JARs during scanning can improve startup time and JSP compilation time.
oct 19, 2022 5:41:14 P. M. org.apache.catalina.core.StandardContext reload
INFO: Se ha completado la recarga de este Contexto
oct 19, 2022 5:42:12 P. M. org.apache.catalina.core.StandardContext reload
INFO: Ha comenzado la recarga de Contexto [/TP7-JSP]
oct 19, 2022 5:42:12 P. M. org.apache.catalina.loader.WebappClassLoaderBase openJARs
WARNING: Failed to open JAR [null]
java.io.IOException: java.lang.reflect.InvocationTargetException
	at org.apache.tomcat.util.compat.Jre9Compat.jarFileNewInstance(Jre9Compat.java:231)
	at org.apache.catalina.loader.WebappClassLoaderBase.openJARs(WebappClassLoaderBase.java:3125)
	at org.apache.catalina.loader.WebappClassLoaderBase.findResourceInternal(WebappClassLoaderBase.java:3437)
	at org.apache.catalina.loader.WebappClassLoaderBase.findResource(WebappClassLoaderBase.java:1501)
	at org.apache.catalina.loader.WebappClassLoaderBase.getResourceAsStream(WebappClassLoaderBase.java:1746)
	at org.apache.catalina.loader.WebappClassLoaderBase.clearReferencesJdbc(WebappClassLoaderBase.java:2342)
	at org.apache.catalina.loader.WebappClassLoaderBase.clearReferences(WebappClassLoaderBase.java:2283)
	at org.apache.catalina.loader.WebappClassLoaderBase.stop(WebappClassLoaderBase.java:2183)
	at org.apache.catalina.loader.WebappLoader.stopInternal(WebappLoader.java:690)
	at org.apache.catalina.util.LifecycleBase.stop(LifecycleBase.java:257)
	at org.apache.catalina.core.StandardContext.stopInternal(StandardContext.java:5910)
	at org.apache.catalina.util.LifecycleBase.stop(LifecycleBase.java:257)
	at org.apache.catalina.core.StandardContext.reload(StandardContext.java:4142)
	at org.apache.catalina.manager.ManagerServlet.reload(ManagerServlet.java:1016)
	at org.apache.catalina.manager.ManagerServlet.doGet(ManagerServlet.java:371)
	at javax.servlet.http.HttpServlet.service(HttpServlet.java:621)
	at javax.servlet.http.HttpServlet.service(HttpServlet.java:728)
	at org.apache.catalina.core.ApplicationFilterChain.internalDoFilter(ApplicationFilterChain.java:303)
	at org.apache.catalina.core.ApplicationFilterChain.doFilter(ApplicationFilterChain.java:208)
	at org.apache.tomcat.websocket.server.WsFilter.doFilter(WsFilter.java:52)
	at org.apache.catalina.core.ApplicationFilterChain.internalDoFilter(ApplicationFilterChain.java:241)
	at org.apache.catalina.core.ApplicationFilterChain.doFilter(ApplicationFilterChain.java:208)
	at org.apache.catalina.filters.SetCharacterEncodingFilter.doFilter(SetCharacterEncodingFilter.java:109)
	at org.apache.catalina.core.ApplicationFilterChain.internalDoFilter(ApplicationFilterChain.java:241)
	at org.apache.catalina.core.ApplicationFilterChain.doFilter(ApplicationFilterChain.java:208)
	at org.apache.catalina.core.StandardWrapperValve.invoke(StandardWrapperValve.java:219)
	at org.apache.catalina.core.StandardContextValve.invoke(StandardContextValve.java:110)
	at org.apache.catalina.authenticator.AuthenticatorBase.invoke(AuthenticatorBase.java:604)
	at org.apache.catalina.core.StandardHostValve.invoke(StandardHostValve.java:165)
	at org.apache.catalina.valves.ErrorReportValve.invoke(ErrorReportValve.java:104)
	at org.apache.catalina.valves.AccessLogValve.invoke(AccessLogValve.java:1025)
	at org.apache.catalina.core.StandardEngineValve.invoke(StandardEngineValve.java:116)
	at org.apache.catalina.connector.CoyoteAdapter.service(CoyoteAdapter.java:452)
	at org.apache.coyote.http11.AbstractHttp11Processor.process(AbstractHttp11Processor.java:1201)
	at org.apache.coyote.AbstractProtocol$AbstractConnectionHandler.process(AbstractProtocol.java:654)
	at org.apache.tomcat.util.net.JIoEndpoint$SocketProcessor.run(JIoEndpoint.java:319)
	at java.base/java.util.concurrent.ThreadPoolExecutor.runWorker(ThreadPoolExecutor.java:1130)
	at java.base/java.util.concurrent.ThreadPoolExecutor$Worker.run(ThreadPoolExecutor.java:630)
	at org.apache.tomcat.util.threads.TaskThread$WrappingRunnable.run(TaskThread.java:61)
	at java.base/java.lang.Thread.run(Thread.java:831)
Caused by: java.lang.reflect.InvocationTargetException
	at java.base/jdk.internal.reflect.NativeConstructorAccessorImpl.newInstance0(Native Method)
	at java.base/jdk.internal.reflect.NativeConstructorAccessorImpl.newInstance(NativeConstructorAccessorImpl.java:78)
	at java.base/jdk.internal.reflect.DelegatingConstructorAccessorImpl.newInstance(DelegatingConstructorAccessorImpl.java:45)
	at java.base/java.lang.reflect.Constructor.newInstanceWithCaller(Constructor.java:499)
	at java.base/java.lang.reflect.Constructor.newInstance(Constructor.java:480)
	at org.apache.tomcat.util.compat.Jre9Compat.jarFileNewInstance(Jre9Compat.java:222)
	... 39 more
Caused by: java.nio.file.NoSuchFileException: C:\Users\Emi Chiófalo\Documents\TUP-UTN\SEMESTRE 3\PROG3\TP7-JSP\build\web\WEB-INF\lib\postgresql-42.2.16.jar
	at java.base/sun.nio.fs.WindowsException.translateToIOException(WindowsException.java:85)
	at java.base/sun.nio.fs.WindowsException.rethrowAsIOException(WindowsException.java:103)
	at java.base/sun.nio.fs.WindowsException.rethrowAsIOException(WindowsException.java:108)
	at java.base/sun.nio.fs.WindowsFileAttributeViews$Basic.readAttributes(WindowsFileAttributeViews.java:53)
	at java.base/sun.nio.fs.WindowsFileAttributeViews$Basic.readAttributes(WindowsFileAttributeViews.java:38)
	at java.base/sun.nio.fs.WindowsFileSystemProvider.readAttributes(WindowsFileSystemProvider.java:199)
	at java.base/java.nio.file.Files.readAttributes(Files.java:1843)
	at java.base/java.util.zip.ZipFile$Source.get(ZipFile.java:1230)
	at java.base/java.util.zip.ZipFile$CleanableResource.<init>(ZipFile.java:707)
	at java.base/java.util.zip.ZipFile.<init>(ZipFile.java:241)
	at java.base/java.util.zip.ZipFile.<init>(ZipFile.java:171)
	at java.base/java.util.jar.JarFile.<init>(JarFile.java:348)
	... 45 more

oct 19, 2022 5:42:12 P. M. org.apache.catalina.startup.TldConfig execute
INFO: At least one JAR was scanned for TLDs yet contained no TLDs. Enable debug logging for this logger for a complete list of JARs that were scanned but no TLDs were found in them. Skipping unneeded JARs during scanning can improve startup time and JSP compilation time.
oct 19, 2022 5:42:12 P. M. org.apache.catalina.core.StandardContext reload
INFO: Se ha completado la recarga de este Contexto
oct 19, 2022 5:42:15 P. M. org.apache.catalina.core.StandardContext reload
INFO: Ha comenzado la recarga de Contexto [/TP7-JSP]
oct 19, 2022 5:42:15 P. M. org.apache.catalina.startup.TldConfig execute
INFO: At least one JAR was scanned for TLDs yet contained no TLDs. Enable debug logging for this logger for a complete list of JARs that were scanned but no TLDs were found in them. Skipping unneeded JARs during scanning can improve startup time and JSP compilation time.
oct 19, 2022 5:42:16 P. M. org.apache.catalina.core.StandardContext reload
INFO: Se ha completado la recarga de este Contexto
oct 19, 2022 6:20:21 P. M. org.apache.catalina.core.StandardServer await
INFO: Se ha recibido un comando de apagado a través del puerto de apagado. Parando la instancia del Servidor.
oct 19, 2022 6:20:21 P. M. org.apache.coyote.AbstractProtocol pause
INFO: Pausing ProtocolHandler ["http-bio-8080"]
oct 19, 2022 6:20:21 P. M. org.apache.catalina.core.StandardService stopInternal
INFO: Parando servicio [Catalina]
oct 19, 2022 6:20:21 P. M. org.apache.catalina.loader.WebappClassLoaderBase clearReferencesJdbc
SEVERE: La aplicación web [/TP7-JSP] registró el conductor JDBC [com.mysql.jdbc.Driver] pero falló al anular el registro mientras la aplicación web estaba parada. Para prevenir un fallo de memoria, se ha anulado el registro del conductor JDBC por la fuerza.
oct 19, 2022 6:20:21 P. M. org.apache.coyote.AbstractProtocol stop
INFO: Stopping ProtocolHandler ["http-bio-8080"]
oct 19, 2022 6:20:21 P. M. org.apache.coyote.AbstractProtocol destroy
INFO: Destroying ProtocolHandler ["http-bio-8080"]
oct. 19, 2022 6:22:08 P. M. org.apache.catalina.core.AprLifecycleListener init
WARNING: The Apache Tomcat Native library failed to load. The error reported was [C:\Users\Emi Chiófalo\Documents\TUP-UTN\SEMESTRE 3\PROG3\PROYECTOS EJEMPLO\apache-tomcat-7.0.104-windows-x86\apache-tomcat-7\bin\tcnative-1.dll: Can't load IA 32-bit .dll on a AMD 64-bit platform]
java.lang.UnsatisfiedLinkError: C:\Users\Emi Chiófalo\Documents\TUP-UTN\SEMESTRE 3\PROG3\PROYECTOS EJEMPLO\apache-tomcat-7.0.104-windows-x86\apache-tomcat-7\bin\tcnative-1.dll: Can't load IA 32-bit .dll on a AMD 64-bit platform
	at java.base/java.lang.ClassLoader$NativeLibrary.load0(Native Method)
	at java.base/java.lang.ClassLoader$NativeLibrary.load(ClassLoader.java:2432)
	at java.base/java.lang.ClassLoader$NativeLibrary.loadLibrary(ClassLoader.java:2489)
	at java.base/java.lang.ClassLoader.loadLibrary0(ClassLoader.java:2689)
	at java.base/java.lang.ClassLoader.loadLibrary(ClassLoader.java:2651)
	at java.base/java.lang.Runtime.loadLibrary0(Runtime.java:827)
	at java.base/java.lang.System.loadLibrary(System.java:1871)
	at org.apache.tomcat.jni.Library.<init>(Library.java:42)
	at org.apache.tomcat.jni.Library.initialize(Library.java:178)
	at org.apache.catalina.core.AprLifecycleListener.init(AprLifecycleListener.java:200)
	at org.apache.catalina.core.AprLifecycleListener.isAprAvailable(AprLifecycleListener.java:108)
	at org.apache.catalina.connector.Connector.setProtocol(Connector.java:639)
	at org.apache.catalina.connector.Connector.<init>(Connector.java:72)
	at org.apache.catalina.startup.ConnectorCreateRule.begin(ConnectorCreateRule.java:62)
	at org.apache.tomcat.util.digester.Digester.startElement(Digester.java:1263)
	at java.xml/com.sun.org.apache.xerces.internal.parsers.AbstractSAXParser.startElement(AbstractSAXParser.java:510)
	at java.xml/com.sun.org.apache.xerces.internal.parsers.AbstractXMLDocumentParser.emptyElement(AbstractXMLDocumentParser.java:183)
	at java.xml/com.sun.org.apache.xerces.internal.impl.XMLDocumentFragmentScannerImpl.scanStartElement(XMLDocumentFragmentScannerImpl.java:1377)
	at java.xml/com.sun.org.apache.xerces.internal.impl.XMLDocumentFragmentScannerImpl$FragmentContentDriver.next(XMLDocumentFragmentScannerImpl.java:2710)
	at java.xml/com.sun.org.apache.xerces.internal.impl.XMLDocumentScannerImpl.next(XMLDocumentScannerImpl.java:605)
	at java.xml/com.sun.org.apache.xerces.internal.impl.XMLDocumentFragmentScannerImpl.scanDocument(XMLDocumentFragmentScannerImpl.java:534)
	at java.xml/com.sun.org.apache.xerces.internal.parsers.XML11Configuration.parse(XML11Configuration.java:888)
	at java.xml/com.sun.org.apache.xerces.internal.parsers.XML11Configuration.parse(XML11Configuration.java:824)
	at java.xml/com.sun.org.apache.xerces.internal.parsers.XMLParser.parse(XMLParser.java:141)
	at java.xml/com.sun.org.apache.xerces.internal.parsers.AbstractSAXParser.parse(AbstractSAXParser.java:1216)
	at java.xml/com.sun.org.apache.xerces.internal.jaxp.SAXParserImpl$JAXPSAXParser.parse(SAXParserImpl.java:635)
	at org.apache.tomcat.util.digester.Digester.parse(Digester.java:1525)
	at org.apache.catalina.startup.Catalina.load(Catalina.java:637)
	at org.apache.catalina.startup.Catalina.load(Catalina.java:686)
	at java.base/jdk.internal.reflect.NativeMethodAccessorImpl.invoke0(Native Method)
	at java.base/jdk.internal.reflect.NativeMethodAccessorImpl.invoke(NativeMethodAccessorImpl.java:62)
	at java.base/jdk.internal.reflect.DelegatingMethodAccessorImpl.invoke(DelegatingMethodAccessorImpl.java:43)
	at java.base/java.lang.reflect.Method.invoke(Method.java:566)
	at org.apache.catalina.startup.Bootstrap.load(Bootstrap.java:244)
	at org.apache.catalina.startup.Bootstrap.main(Bootstrap.java:414)

oct. 19, 2022 6:22:08 P. M. org.apache.catalina.startup.VersionLoggerListener log
INFO: Nombre de la versión del servidor:   Apache Tomcat/7.0.104

oct. 19, 2022 6:22:08 P. M. org.apache.catalina.startup.VersionLoggerListener log
INFO: Server built:          May 7 2020 19:31:18 UTC
oct. 19, 2022 6:22:08 P. M. org.apache.catalina.startup.VersionLoggerListener log
INFO: Número de versión de servidor:         7.0.104.0
oct. 19, 2022 6:22:08 P. M. org.apache.catalina.startup.VersionLoggerListener log
INFO: OS Name:               Windows 10
oct. 19, 2022 6:22:08 P. M. org.apache.catalina.startup.VersionLoggerListener log
INFO: Versión de Systema Operativo:      10.0

oct. 19, 2022 6:22:08 P. M. org.apache.catalina.startup.VersionLoggerListener log
INFO: Arquitectura:          amd64

oct. 19, 2022 6:22:08 P. M. org.apache.catalina.startup.VersionLoggerListener log
INFO: Java Home:             C:\Program Files\Java\jdk-11.0.16
oct. 19, 2022 6:22:08 P. M. org.apache.catalina.startup.VersionLoggerListener log
INFO: JVM Version:           11.0.16+11-LTS-199
oct. 19, 2022 6:22:08 P. M. org.apache.catalina.startup.VersionLoggerListener log
INFO: Vededor JVM:     Oracle Corporation
oct. 19, 2022 6:22:08 P. M. org.apache.catalina.startup.VersionLoggerListener log
INFO: CATALINA_BASE:         C:\Users\Emi Chiófalo\Documents\TUP-UTN\SEMESTRE 3\PROG3\PROYECTOS EJEMPLO\apache-tomcat-7.0.104-windows-x86\apache-tomcat-7
oct. 19, 2022 6:22:08 P. M. org.apache.catalina.startup.VersionLoggerListener log
INFO: CATALINA_HOME:         C:\Users\Emi Chiófalo\Documents\TUP-UTN\SEMESTRE 3\PROG3\PROYECTOS EJEMPLO\apache-tomcat-7.0.104-windows-x86\apache-tomcat-7
oct. 19, 2022 6:22:08 P. M. org.apache.catalina.startup.VersionLoggerListener log
INFO: Command line argument: --add-opens=java.base/java.lang=ALL-UNNAMED
oct. 19, 2022 6:22:08 P. M. org.apache.catalina.startup.VersionLoggerListener log
INFO: Command line argument: --add-opens=java.base/java.io=ALL-UNNAMED
oct. 19, 2022 6:22:08 P. M. org.apache.catalina.startup.VersionLoggerListener log
INFO: Command line argument: --add-opens=java.rmi/sun.rmi.transport=ALL-UNNAMED
oct. 19, 2022 6:22:08 P. M. org.apache.catalina.startup.VersionLoggerListener log
INFO: Command line argument: -Djava.util.logging.config.file=C:\Users\Emi Chiófalo\Documents\TUP-UTN\SEMESTRE 3\PROG3\PROYECTOS EJEMPLO\apache-tomcat-7.0.104-windows-x86\apache-tomcat-7\conf\logging.properties
oct. 19, 2022 6:22:08 P. M. org.apache.catalina.startup.VersionLoggerListener log
INFO: Command line argument: -Djava.util.logging.manager=org.apache.juli.ClassLoaderLogManager
oct. 19, 2022 6:22:08 P. M. org.apache.catalina.startup.VersionLoggerListener log
INFO: Command line argument: -Dhttp.nonProxyHosts=localhost|127.0.0.1|EMI-CHIOFALO
oct. 19, 2022 6:22:08 P. M. org.apache.catalina.startup.VersionLoggerListener log
INFO: Command line argument: -Djdk.tls.ephemeralDHKeySize=2048
oct. 19, 2022 6:22:08 P. M. org.apache.catalina.startup.VersionLoggerListener log
INFO: Command line argument: -Dignore.endorsed.dirs=
oct. 19, 2022 6:22:08 P. M. org.apache.catalina.startup.VersionLoggerListener log
INFO: Command line argument: -Dcatalina.base=C:\Users\Emi Chiófalo\Documents\TUP-UTN\SEMESTRE 3\PROG3\PROYECTOS EJEMPLO\apache-tomcat-7.0.104-windows-x86\apache-tomcat-7
oct. 19, 2022 6:22:08 P. M. org.apache.catalina.startup.VersionLoggerListener log
INFO: Command line argument: -Dcatalina.home=C:\Users\Emi Chiófalo\Documents\TUP-UTN\SEMESTRE 3\PROG3\PROYECTOS EJEMPLO\apache-tomcat-7.0.104-windows-x86\apache-tomcat-7
oct. 19, 2022 6:22:08 P. M. org.apache.catalina.startup.VersionLoggerListener log
INFO: Command line argument: -Djava.io.tmpdir=C:\Users\Emi Chiófalo\Documents\TUP-UTN\SEMESTRE 3\PROG3\PROYECTOS EJEMPLO\apache-tomcat-7.0.104-windows-x86\apache-tomcat-7\temp
oct. 19, 2022 6:22:09 P. M. org.apache.coyote.AbstractProtocol init
INFO: Inicializando el manejador de protocolo ["http-bio-8080"]

oct. 19, 2022 6:22:09 P. M. org.apache.catalina.startup.Catalina load
INFO: Initialization processed in 1863 ms
oct. 19, 2022 6:22:09 P. M. org.apache.catalina.core.StandardService startInternal
INFO: Arrancando servicio [Catalina]
oct. 19, 2022 6:22:09 P. M. org.apache.catalina.core.StandardEngine startInternal
INFO: Starting Servlet Engine: Apache Tomcat/7.0.104
oct. 19, 2022 6:22:09 P. M. org.apache.catalina.startup.HostConfig deployDescriptor
INFO: Desplieque del descriptor de configuración [C:\Users\Emi Chiófalo\Documents\TUP-UTN\SEMESTRE 3\PROG3\PROYECTOS EJEMPLO\apache-tomcat-7.0.104-windows-x86\apache-tomcat-7\conf\Catalina\localhost\EjemploJSP.xml]
oct. 19, 2022 6:22:10 P. M. org.apache.catalina.util.SessionIdGeneratorBase createSecureRandom
WARNING: Creation of SecureRandom instance for session ID generation using [SHA1PRNG] took [321] milliseconds.
oct. 19, 2022 6:22:10 P. M. org.apache.catalina.startup.HostConfig deployDescriptor
INFO: Deployment of deployment descriptor [C:\Users\Emi Chiófalo\Documents\TUP-UTN\SEMESTRE 3\PROG3\PROYECTOS EJEMPLO\apache-tomcat-7.0.104-windows-x86\apache-tomcat-7\conf\Catalina\localhost\EjemploJSP.xml] has finished in [1.101] ms
oct. 19, 2022 6:22:10 P. M. org.apache.catalina.startup.HostConfig deployDescriptor
INFO: Desplieque del descriptor de configuración [C:\Users\Emi Chiófalo\Documents\TUP-UTN\SEMESTRE 3\PROG3\PROYECTOS EJEMPLO\apache-tomcat-7.0.104-windows-x86\apache-tomcat-7\conf\Catalina\localhost\ROOT.xml]
oct. 19, 2022 6:22:10 P. M. org.apache.catalina.startup.HostConfig deployDescriptor
INFO: Deployment of deployment descriptor [C:\Users\Emi Chiófalo\Documents\TUP-UTN\SEMESTRE 3\PROG3\PROYECTOS EJEMPLO\apache-tomcat-7.0.104-windows-x86\apache-tomcat-7\conf\Catalina\localhost\ROOT.xml] has finished in [331] ms
oct. 19, 2022 6:22:10 P. M. org.apache.catalina.startup.HostConfig deployDescriptor
INFO: Desplieque del descriptor de configuración [C:\Users\Emi Chiófalo\Documents\TUP-UTN\SEMESTRE 3\PROG3\PROYECTOS EJEMPLO\apache-tomcat-7.0.104-windows-x86\apache-tomcat-7\conf\Catalina\localhost\TP7-JSP.xml]
oct. 19, 2022 6:22:11 P. M. org.apache.catalina.startup.TldConfig execute
INFO: At least one JAR was scanned for TLDs yet contained no TLDs. Enable debug logging for this logger for a complete list of JARs that were scanned but no TLDs were found in them. Skipping unneeded JARs during scanning can improve startup time and JSP compilation time.
oct. 19, 2022 6:22:11 P. M. org.apache.catalina.startup.HostConfig deployDescriptor
INFO: Deployment of deployment descriptor [C:\Users\Emi Chiófalo\Documents\TUP-UTN\SEMESTRE 3\PROG3\PROYECTOS EJEMPLO\apache-tomcat-7.0.104-windows-x86\apache-tomcat-7\conf\Catalina\localhost\TP7-JSP.xml] has finished in [330] ms
oct. 19, 2022 6:22:11 P. M. org.apache.catalina.startup.HostConfig deployDirectory
INFO: Desplegando el directorio [C:\Users\Emi Chiófalo\Documents\TUP-UTN\SEMESTRE 3\PROG3\PROYECTOS EJEMPLO\apache-tomcat-7.0.104-windows-x86\apache-tomcat-7\webapps\docs] de la aplicación web
oct. 19, 2022 6:22:11 P. M. org.apache.catalina.startup.HostConfig deployDirectory
INFO: Deployment of web application directory [C:\Users\Emi Chiófalo\Documents\TUP-UTN\SEMESTRE 3\PROG3\PROYECTOS EJEMPLO\apache-tomcat-7.0.104-windows-x86\apache-tomcat-7\webapps\docs] has finished in [364] ms
oct. 19, 2022 6:22:11 P. M. org.apache.catalina.startup.HostConfig deployDirectory
INFO: Desplegando el directorio [C:\Users\Emi Chiófalo\Documents\TUP-UTN\SEMESTRE 3\PROG3\PROYECTOS EJEMPLO\apache-tomcat-7.0.104-windows-x86\apache-tomcat-7\webapps\examples] de la aplicación web
oct. 19, 2022 6:22:12 P. M. org.apache.catalina.startup.HostConfig deployDirectory
INFO: Deployment of web application directory [C:\Users\Emi Chiófalo\Documents\TUP-UTN\SEMESTRE 3\PROG3\PROYECTOS EJEMPLO\apache-tomcat-7.0.104-windows-x86\apache-tomcat-7\webapps\examples] has finished in [789] ms
oct. 19, 2022 6:22:12 P. M. org.apache.catalina.startup.HostConfig deployDirectory
INFO: Desplegando el directorio [C:\Users\Emi Chiófalo\Documents\TUP-UTN\SEMESTRE 3\PROG3\PROYECTOS EJEMPLO\apache-tomcat-7.0.104-windows-x86\apache-tomcat-7\webapps\host-manager] de la aplicación web
oct. 19, 2022 6:22:12 P. M. org.apache.catalina.startup.HostConfig deployDirectory
INFO: Deployment of web application directory [C:\Users\Emi Chiófalo\Documents\TUP-UTN\SEMESTRE 3\PROG3\PROYECTOS EJEMPLO\apache-tomcat-7.0.104-windows-x86\apache-tomcat-7\webapps\host-manager] has finished in [176] ms
oct. 19, 2022 6:22:12 P. M. org.apache.catalina.startup.HostConfig deployDirectory
INFO: Desplegando el directorio [C:\Users\Emi Chiófalo\Documents\TUP-UTN\SEMESTRE 3\PROG3\PROYECTOS EJEMPLO\apache-tomcat-7.0.104-windows-x86\apache-tomcat-7\webapps\manager] de la aplicación web
oct. 19, 2022 6:22:12 P. M. org.apache.catalina.startup.HostConfig deployDirectory
INFO: Deployment of web application directory [C:\Users\Emi Chiófalo\Documents\TUP-UTN\SEMESTRE 3\PROG3\PROYECTOS EJEMPLO\apache-tomcat-7.0.104-windows-x86\apache-tomcat-7\webapps\manager] has finished in [172] ms
oct. 19, 2022 6:22:12 P. M. org.apache.coyote.AbstractProtocol start
INFO: Starting ProtocolHandler ["http-bio-8080"]
oct. 19, 2022 6:22:12 P. M. org.apache.catalina.startup.Catalina start
INFO: Server startup in 3574 ms
oct. 19, 2022 6:26:12 P. M. org.apache.catalina.core.StandardContext reload
INFO: Ha comenzado la recarga de Contexto [/TP7-JSP]
oct. 19, 2022 6:26:12 P. M. org.apache.catalina.loader.WebappClassLoaderBase openJARs
WARNING: Failed to open JAR [null]
java.io.IOException: java.lang.reflect.InvocationTargetException
	at org.apache.tomcat.util.compat.Jre9Compat.jarFileNewInstance(Jre9Compat.java:231)
	at org.apache.catalina.loader.WebappClassLoaderBase.openJARs(WebappClassLoaderBase.java:3125)
	at org.apache.catalina.loader.WebappClassLoaderBase.findResourceInternal(WebappClassLoaderBase.java:3437)
	at org.apache.catalina.loader.WebappClassLoaderBase.findResource(WebappClassLoaderBase.java:1501)
	at org.apache.catalina.loader.WebappClassLoaderBase.getResourceAsStream(WebappClassLoaderBase.java:1746)
	at org.apache.catalina.loader.WebappClassLoaderBase.clearReferencesJdbc(WebappClassLoaderBase.java:2342)
	at org.apache.catalina.loader.WebappClassLoaderBase.clearReferences(WebappClassLoaderBase.java:2283)
	at org.apache.catalina.loader.WebappClassLoaderBase.stop(WebappClassLoaderBase.java:2183)
	at org.apache.catalina.loader.WebappLoader.stopInternal(WebappLoader.java:690)
	at org.apache.catalina.util.LifecycleBase.stop(LifecycleBase.java:257)
	at org.apache.catalina.core.StandardContext.stopInternal(StandardContext.java:5910)
	at org.apache.catalina.util.LifecycleBase.stop(LifecycleBase.java:257)
	at org.apache.catalina.core.StandardContext.reload(StandardContext.java:4142)
	at org.apache.catalina.manager.ManagerServlet.reload(ManagerServlet.java:1016)
	at org.apache.catalina.manager.ManagerServlet.doGet(ManagerServlet.java:371)
	at javax.servlet.http.HttpServlet.service(HttpServlet.java:621)
	at javax.servlet.http.HttpServlet.service(HttpServlet.java:728)
	at org.apache.catalina.core.ApplicationFilterChain.internalDoFilter(ApplicationFilterChain.java:303)
	at org.apache.catalina.core.ApplicationFilterChain.doFilter(ApplicationFilterChain.java:208)
	at org.apache.tomcat.websocket.server.WsFilter.doFilter(WsFilter.java:52)
	at org.apache.catalina.core.ApplicationFilterChain.internalDoFilter(ApplicationFilterChain.java:241)
	at org.apache.catalina.core.ApplicationFilterChain.doFilter(ApplicationFilterChain.java:208)
	at org.apache.catalina.filters.SetCharacterEncodingFilter.doFilter(SetCharacterEncodingFilter.java:109)
	at org.apache.catalina.core.ApplicationFilterChain.internalDoFilter(ApplicationFilterChain.java:241)
	at org.apache.catalina.core.ApplicationFilterChain.doFilter(ApplicationFilterChain.java:208)
	at org.apache.catalina.core.StandardWrapperValve.invoke(StandardWrapperValve.java:219)
	at org.apache.catalina.core.StandardContextValve.invoke(StandardContextValve.java:110)
	at org.apache.catalina.authenticator.AuthenticatorBase.invoke(AuthenticatorBase.java:604)
	at org.apache.catalina.core.StandardHostValve.invoke(StandardHostValve.java:165)
	at org.apache.catalina.valves.ErrorReportValve.invoke(ErrorReportValve.java:104)
	at org.apache.catalina.valves.AccessLogValve.invoke(AccessLogValve.java:1025)
	at org.apache.catalina.core.StandardEngineValve.invoke(StandardEngineValve.java:116)
	at org.apache.catalina.connector.CoyoteAdapter.service(CoyoteAdapter.java:452)
	at org.apache.coyote.http11.AbstractHttp11Processor.process(AbstractHttp11Processor.java:1201)
	at org.apache.coyote.AbstractProtocol$AbstractConnectionHandler.process(AbstractProtocol.java:654)
	at org.apache.tomcat.util.net.JIoEndpoint$SocketProcessor.run(JIoEndpoint.java:319)
	at java.base/java.util.concurrent.ThreadPoolExecutor.runWorker(ThreadPoolExecutor.java:1128)
	at java.base/java.util.concurrent.ThreadPoolExecutor$Worker.run(ThreadPoolExecutor.java:628)
	at org.apache.tomcat.util.threads.TaskThread$WrappingRunnable.run(TaskThread.java:61)
	at java.base/java.lang.Thread.run(Thread.java:834)
Caused by: java.lang.reflect.InvocationTargetException
	at java.base/jdk.internal.reflect.NativeConstructorAccessorImpl.newInstance0(Native Method)
	at java.base/jdk.internal.reflect.NativeConstructorAccessorImpl.newInstance(NativeConstructorAccessorImpl.java:62)
	at java.base/jdk.internal.reflect.DelegatingConstructorAccessorImpl.newInstance(DelegatingConstructorAccessorImpl.java:45)
	at java.base/java.lang.reflect.Constructor.newInstance(Constructor.java:490)
	at org.apache.tomcat.util.compat.Jre9Compat.jarFileNewInstance(Jre9Compat.java:222)
	... 39 more
Caused by: java.nio.file.NoSuchFileException: C:\Users\Emi Chiófalo\Documents\TUP-UTN\SEMESTRE 3\PROG3\TP7-JSP\build\web\WEB-INF\lib\mysql-connector-java-5.1.23-bin.jar
	at java.base/sun.nio.fs.WindowsException.translateToIOException(WindowsException.java:85)
	at java.base/sun.nio.fs.WindowsException.rethrowAsIOException(WindowsException.java:103)
	at java.base/sun.nio.fs.WindowsException.rethrowAsIOException(WindowsException.java:108)
	at java.base/sun.nio.fs.WindowsFileAttributeViews$Basic.readAttributes(WindowsFileAttributeViews.java:53)
	at java.base/sun.nio.fs.WindowsFileAttributeViews$Basic.readAttributes(WindowsFileAttributeViews.java:38)
	at java.base/sun.nio.fs.WindowsFileSystemProvider.readAttributes(WindowsFileSystemProvider.java:198)
	at java.base/java.nio.file.Files.readAttributes(Files.java:1764)
	at java.base/java.util.zip.ZipFile$Source.get(ZipFile.java:1250)
	at java.base/java.util.zip.ZipFile$CleanableResource.<init>(ZipFile.java:733)
	at java.base/java.util.zip.ZipFile$CleanableResource.get(ZipFile.java:842)
	at java.base/java.util.zip.ZipFile.<init>(ZipFile.java:248)
	at java.base/java.util.zip.ZipFile.<init>(ZipFile.java:177)
	at java.base/java.util.jar.JarFile.<init>(JarFile.java:350)
	... 44 more

oct. 19, 2022 6:26:12 P. M. org.apache.catalina.loader.WebappClassLoaderBase clearReferencesJdbc
SEVERE: La aplicación web [/TP7-JSP] registró el conductor JDBC [com.mysql.jdbc.Driver] pero falló al anular el registro mientras la aplicación web estaba parada. Para prevenir un fallo de memoria, se ha anulado el registro del conductor JDBC por la fuerza.
oct. 19, 2022 6:26:13 P. M. org.apache.catalina.startup.TldConfig execute
INFO: At least one JAR was scanned for TLDs yet contained no TLDs. Enable debug logging for this logger for a complete list of JARs that were scanned but no TLDs were found in them. Skipping unneeded JARs during scanning can improve startup time and JSP compilation time.
oct. 19, 2022 6:26:13 P. M. org.apache.catalina.core.StandardContext reload
INFO: Se ha completado la recarga de este Contexto
oct. 19, 2022 6:26:20 P. M. org.apache.catalina.core.StandardContext reload
INFO: Ha comenzado la recarga de Contexto [/TP7-JSP]
oct. 19, 2022 6:26:20 P. M. org.apache.catalina.startup.TldConfig execute
INFO: At least one JAR was scanned for TLDs yet contained no TLDs. Enable debug logging for this logger for a complete list of JARs that were scanned but no TLDs were found in them. Skipping unneeded JARs during scanning can improve startup time and JSP compilation time.
oct. 19, 2022 6:26:20 P. M. org.apache.catalina.core.StandardContext reload
INFO: Se ha completado la recarga de este Contexto
oct. 19, 2022 6:26:21 P. M. org.apache.catalina.core.StandardContext reload
INFO: Ha comenzado la recarga de Contexto [/TP7-JSP]
oct. 19, 2022 6:26:22 P. M. org.apache.catalina.startup.TldConfig execute
INFO: At least one JAR was scanned for TLDs yet contained no TLDs. Enable debug logging for this logger for a complete list of JARs that were scanned but no TLDs were found in them. Skipping unneeded JARs during scanning can improve startup time and JSP compilation time.
oct. 19, 2022 6:26:22 P. M. org.apache.catalina.core.StandardContext reload
INFO: Se ha completado la recarga de este Contexto
oct. 19, 2022 6:27:59 P. M. org.apache.catalina.core.StandardContext reload
INFO: Ha comenzado la recarga de Contexto [/TP7-JSP]
oct. 19, 2022 6:27:59 P. M. org.apache.catalina.loader.WebappClassLoaderBase clearReferencesJdbc
SEVERE: La aplicación web [/TP7-JSP] registró el conductor JDBC [com.mysql.cj.jdbc.Driver] pero falló al anular el registro mientras la aplicación web estaba parada. Para prevenir un fallo de memoria, se ha anulado el registro del conductor JDBC por la fuerza.
oct. 19, 2022 6:27:59 P. M. org.apache.catalina.loader.WebappClassLoaderBase clearReferencesThreads
SEVERE: La aplicación web [/TP7-JSP] parece haber arrancado un hilo llamado [mysql-cj-abandoned-connection-cleanup] pero no ha podido pararlo. Esto tiene todas las papeletas de convertirse en un fallo de memoria.
oct. 19, 2022 6:27:59 P. M. org.apache.catalina.startup.TldConfig execute
INFO: At least one JAR was scanned for TLDs yet contained no TLDs. Enable debug logging for this logger for a complete list of JARs that were scanned but no TLDs were found in them. Skipping unneeded JARs during scanning can improve startup time and JSP compilation time.
oct. 19, 2022 6:27:59 P. M. org.apache.catalina.core.StandardContext reload
INFO: Se ha completado la recarga de este Contexto
oct. 19, 2022 6:28:01 P. M. org.apache.catalina.loader.WebappClassLoaderBase findResourceInternal
INFO: Acceso ilegal: esta instancia de aplicación web ya ha sido parada.  Could not load [].  La eventual traza de pila que sigue ha sido motivada por un error lanzado con motivos de depuración así como para intentar terminar el hilo que motivó el acceso ilegal y no tiene impacto funcional.
oct. 19, 2022 6:28:21 P. M. org.apache.catalina.core.StandardContext reload
INFO: Ha comenzado la recarga de Contexto [/TP7-JSP]
oct. 19, 2022 6:28:22 P. M. org.apache.catalina.startup.TldConfig execute
INFO: At least one JAR was scanned for TLDs yet contained no TLDs. Enable debug logging for this logger for a complete list of JARs that were scanned but no TLDs were found in them. Skipping unneeded JARs during scanning can improve startup time and JSP compilation time.
oct. 19, 2022 6:28:22 P. M. org.apache.catalina.core.StandardContext reload
INFO: Se ha completado la recarga de este Contexto
oct. 19, 2022 6:28:26 P. M. org.apache.catalina.core.StandardContext reload
INFO: Ha comenzado la recarga de Contexto [/TP7-JSP]
oct. 19, 2022 6:28:27 P. M. org.apache.catalina.startup.TldConfig execute
INFO: At least one JAR was scanned for TLDs yet contained no TLDs. Enable debug logging for this logger for a complete list of JARs that were scanned but no TLDs were found in them. Skipping unneeded JARs during scanning can improve startup time and JSP compilation time.
oct. 19, 2022 6:28:27 P. M. org.apache.catalina.core.StandardContext reload
INFO: Se ha completado la recarga de este Contexto
oct. 19, 2022 6:29:02 P. M. org.apache.catalina.core.StandardContext reload
INFO: Ha comenzado la recarga de Contexto [/TP7-JSP]
oct. 19, 2022 6:29:02 P. M. org.apache.catalina.loader.WebappClassLoaderBase clearReferencesJdbc
SEVERE: La aplicación web [/TP7-JSP] registró el conductor JDBC [com.mysql.cj.jdbc.Driver] pero falló al anular el registro mientras la aplicación web estaba parada. Para prevenir un fallo de memoria, se ha anulado el registro del conductor JDBC por la fuerza.
oct. 19, 2022 6:29:02 P. M. org.apache.catalina.loader.WebappClassLoaderBase clearReferencesThreads
SEVERE: La aplicación web [/TP7-JSP] parece haber arrancado un hilo llamado [mysql-cj-abandoned-connection-cleanup] pero no ha podido pararlo. Esto tiene todas las papeletas de convertirse en un fallo de memoria.
oct. 19, 2022 6:29:03 P. M. org.apache.catalina.startup.TldConfig execute
INFO: At least one JAR was scanned for TLDs yet contained no TLDs. Enable debug logging for this logger for a complete list of JARs that were scanned but no TLDs were found in them. Skipping unneeded JARs during scanning can improve startup time and JSP compilation time.
oct. 19, 2022 6:29:03 P. M. org.apache.catalina.core.StandardContext reload
INFO: Se ha completado la recarga de este Contexto
oct. 19, 2022 6:29:06 P. M. org.apache.catalina.loader.WebappClassLoaderBase findResourceInternal
INFO: Acceso ilegal: esta instancia de aplicación web ya ha sido parada.  Could not load [].  La eventual traza de pila que sigue ha sido motivada por un error lanzado con motivos de depuración así como para intentar terminar el hilo que motivó el acceso ilegal y no tiene impacto funcional.
oct. 19, 2022 6:31:29 P. M. org.apache.catalina.core.StandardContext reload
INFO: Ha comenzado la recarga de Contexto [/TP7-JSP]
oct. 19, 2022 6:31:29 P. M. org.apache.catalina.loader.WebappClassLoaderBase clearReferencesJdbc
SEVERE: La aplicación web [/TP7-JSP] registró el conductor JDBC [com.mysql.cj.jdbc.Driver] pero falló al anular el registro mientras la aplicación web estaba parada. Para prevenir un fallo de memoria, se ha anulado el registro del conductor JDBC por la fuerza.
oct. 19, 2022 6:31:29 P. M. org.apache.catalina.loader.WebappClassLoaderBase clearReferencesThreads
SEVERE: La aplicación web [/TP7-JSP] parece haber arrancado un hilo llamado [mysql-cj-abandoned-connection-cleanup] pero no ha podido pararlo. Esto tiene todas las papeletas de convertirse en un fallo de memoria.
oct. 19, 2022 6:31:29 P. M. org.apache.catalina.startup.TldConfig execute
INFO: At least one JAR was scanned for TLDs yet contained no TLDs. Enable debug logging for this logger for a complete list of JARs that were scanned but no TLDs were found in them. Skipping unneeded JARs during scanning can improve startup time and JSP compilation time.
oct. 19, 2022 6:31:29 P. M. org.apache.catalina.core.StandardContext reload
INFO: Se ha completado la recarga de este Contexto
oct. 19, 2022 6:31:33 P. M. org.apache.catalina.loader.WebappClassLoaderBase findResourceInternal
INFO: Acceso ilegal: esta instancia de aplicación web ya ha sido parada.  Could not load [].  La eventual traza de pila que sigue ha sido motivada por un error lanzado con motivos de depuración así como para intentar terminar el hilo que motivó el acceso ilegal y no tiene impacto funcional.
oct. 19, 2022 6:33:05 P. M. org.apache.catalina.core.StandardContext reload
INFO: Ha comenzado la recarga de Contexto [/TP7-JSP]
oct. 19, 2022 6:33:05 P. M. org.apache.catalina.loader.WebappClassLoaderBase clearReferencesJdbc
SEVERE: La aplicación web [/TP7-JSP] registró el conductor JDBC [com.mysql.cj.jdbc.Driver] pero falló al anular el registro mientras la aplicación web estaba parada. Para prevenir un fallo de memoria, se ha anulado el registro del conductor JDBC por la fuerza.
oct. 19, 2022 6:33:05 P. M. org.apache.catalina.loader.WebappClassLoaderBase clearReferencesThreads
SEVERE: La aplicación web [/TP7-JSP] parece haber arrancado un hilo llamado [mysql-cj-abandoned-connection-cleanup] pero no ha podido pararlo. Esto tiene todas las papeletas de convertirse en un fallo de memoria.
oct. 19, 2022 6:33:06 P. M. org.apache.catalina.startup.TldConfig execute
INFO: At least one JAR was scanned for TLDs yet contained no TLDs. Enable debug logging for this logger for a complete list of JARs that were scanned but no TLDs were found in them. Skipping unneeded JARs during scanning can improve startup time and JSP compilation time.
oct. 19, 2022 6:33:06 P. M. org.apache.catalina.core.StandardContext reload
INFO: Se ha completado la recarga de este Contexto
oct. 19, 2022 6:33:09 P. M. org.apache.catalina.loader.WebappClassLoaderBase findResourceInternal
INFO: Acceso ilegal: esta instancia de aplicación web ya ha sido parada.  Could not load [].  La eventual traza de pila que sigue ha sido motivada por un error lanzado con motivos de depuración así como para intentar terminar el hilo que motivó el acceso ilegal y no tiene impacto funcional.
oct. 19, 2022 6:34:25 P. M. org.apache.catalina.core.StandardServer await
INFO: Se ha recibido un comando de apagado a través del puerto de apagado. Parando la instancia del Servidor.
oct. 19, 2022 6:34:25 P. M. org.apache.coyote.AbstractProtocol pause
INFO: Pausing ProtocolHandler ["http-bio-8080"]
oct. 19, 2022 6:34:25 P. M. org.apache.catalina.core.StandardService stopInternal
INFO: Parando servicio [Catalina]
oct. 19, 2022 6:34:25 P. M. org.apache.coyote.AbstractProtocol stop
INFO: Stopping ProtocolHandler ["http-bio-8080"]
oct. 19, 2022 6:34:25 P. M. org.apache.coyote.AbstractProtocol destroy
INFO: Destroying ProtocolHandler ["http-bio-8080"]
oct. 19, 2022 6:36:15 P. M. org.apache.catalina.core.AprLifecycleListener init
WARNING: The Apache Tomcat Native library failed to load. The error reported was [C:\Users\Emi Chiófalo\Documents\TUP-UTN\SEMESTRE 3\PROG3\PROYECTOS EJEMPLO\apache-tomcat-7.0.104-windows-x86\apache-tomcat-7\bin\tcnative-1.dll: Can't load IA 32-bit .dll on a AMD 64-bit platform]
java.lang.UnsatisfiedLinkError: C:\Users\Emi Chiófalo\Documents\TUP-UTN\SEMESTRE 3\PROG3\PROYECTOS EJEMPLO\apache-tomcat-7.0.104-windows-x86\apache-tomcat-7\bin\tcnative-1.dll: Can't load IA 32-bit .dll on a AMD 64-bit platform
	at java.base/java.lang.ClassLoader$NativeLibrary.load0(Native Method)
	at java.base/java.lang.ClassLoader$NativeLibrary.load(ClassLoader.java:2432)
	at java.base/java.lang.ClassLoader$NativeLibrary.loadLibrary(ClassLoader.java:2489)
	at java.base/java.lang.ClassLoader.loadLibrary0(ClassLoader.java:2689)
	at java.base/java.lang.ClassLoader.loadLibrary(ClassLoader.java:2651)
	at java.base/java.lang.Runtime.loadLibrary0(Runtime.java:827)
	at java.base/java.lang.System.loadLibrary(System.java:1871)
	at org.apache.tomcat.jni.Library.<init>(Library.java:42)
	at org.apache.tomcat.jni.Library.initialize(Library.java:178)
	at org.apache.catalina.core.AprLifecycleListener.init(AprLifecycleListener.java:200)
	at org.apache.catalina.core.AprLifecycleListener.isAprAvailable(AprLifecycleListener.java:108)
	at org.apache.catalina.connector.Connector.setProtocol(Connector.java:639)
	at org.apache.catalina.connector.Connector.<init>(Connector.java:72)
	at org.apache.catalina.startup.ConnectorCreateRule.begin(ConnectorCreateRule.java:62)
	at org.apache.tomcat.util.digester.Digester.startElement(Digester.java:1263)
	at java.xml/com.sun.org.apache.xerces.internal.parsers.AbstractSAXParser.startElement(AbstractSAXParser.java:510)
	at java.xml/com.sun.org.apache.xerces.internal.parsers.AbstractXMLDocumentParser.emptyElement(AbstractXMLDocumentParser.java:183)
	at java.xml/com.sun.org.apache.xerces.internal.impl.XMLDocumentFragmentScannerImpl.scanStartElement(XMLDocumentFragmentScannerImpl.java:1377)
	at java.xml/com.sun.org.apache.xerces.internal.impl.XMLDocumentFragmentScannerImpl$FragmentContentDriver.next(XMLDocumentFragmentScannerImpl.java:2710)
	at java.xml/com.sun.org.apache.xerces.internal.impl.XMLDocumentScannerImpl.next(XMLDocumentScannerImpl.java:605)
	at java.xml/com.sun.org.apache.xerces.internal.impl.XMLDocumentFragmentScannerImpl.scanDocument(XMLDocumentFragmentScannerImpl.java:534)
	at java.xml/com.sun.org.apache.xerces.internal.parsers.XML11Configuration.parse(XML11Configuration.java:888)
	at java.xml/com.sun.org.apache.xerces.internal.parsers.XML11Configuration.parse(XML11Configuration.java:824)
	at java.xml/com.sun.org.apache.xerces.internal.parsers.XMLParser.parse(XMLParser.java:141)
	at java.xml/com.sun.org.apache.xerces.internal.parsers.AbstractSAXParser.parse(AbstractSAXParser.java:1216)
	at java.xml/com.sun.org.apache.xerces.internal.jaxp.SAXParserImpl$JAXPSAXParser.parse(SAXParserImpl.java:635)
	at org.apache.tomcat.util.digester.Digester.parse(Digester.java:1525)
	at org.apache.catalina.startup.Catalina.load(Catalina.java:637)
	at org.apache.catalina.startup.Catalina.load(Catalina.java:686)
	at java.base/jdk.internal.reflect.NativeMethodAccessorImpl.invoke0(Native Method)
	at java.base/jdk.internal.reflect.NativeMethodAccessorImpl.invoke(NativeMethodAccessorImpl.java:62)
	at java.base/jdk.internal.reflect.DelegatingMethodAccessorImpl.invoke(DelegatingMethodAccessorImpl.java:43)
	at java.base/java.lang.reflect.Method.invoke(Method.java:566)
	at org.apache.catalina.startup.Bootstrap.load(Bootstrap.java:244)
	at org.apache.catalina.startup.Bootstrap.main(Bootstrap.java:414)

oct. 19, 2022 6:36:16 P. M. org.apache.catalina.startup.VersionLoggerListener log
INFO: Nombre de la versión del servidor:   Apache Tomcat/7.0.104

oct. 19, 2022 6:36:16 P. M. org.apache.catalina.startup.VersionLoggerListener log
INFO: Server built:          May 7 2020 19:31:18 UTC
oct. 19, 2022 6:36:16 P. M. org.apache.catalina.startup.VersionLoggerListener log
INFO: Número de versión de servidor:         7.0.104.0
oct. 19, 2022 6:36:16 P. M. org.apache.catalina.startup.VersionLoggerListener log
INFO: OS Name:               Windows 10
oct. 19, 2022 6:36:16 P. M. org.apache.catalina.startup.VersionLoggerListener log
INFO: Versión de Systema Operativo:      10.0

oct. 19, 2022 6:36:16 P. M. org.apache.catalina.startup.VersionLoggerListener log
INFO: Arquitectura:          amd64

oct. 19, 2022 6:36:16 P. M. org.apache.catalina.startup.VersionLoggerListener log
INFO: Java Home:             C:\Program Files\Java\jdk-11.0.16
oct. 19, 2022 6:36:16 P. M. org.apache.catalina.startup.VersionLoggerListener log
INFO: JVM Version:           11.0.16+11-LTS-199
oct. 19, 2022 6:36:16 P. M. org.apache.catalina.startup.VersionLoggerListener log
INFO: Vededor JVM:     Oracle Corporation
oct. 19, 2022 6:36:16 P. M. org.apache.catalina.startup.VersionLoggerListener log
INFO: CATALINA_BASE:         C:\Users\Emi Chiófalo\Documents\TUP-UTN\SEMESTRE 3\PROG3\PROYECTOS EJEMPLO\apache-tomcat-7.0.104-windows-x86\apache-tomcat-7
oct. 19, 2022 6:36:16 P. M. org.apache.catalina.startup.VersionLoggerListener log
INFO: CATALINA_HOME:         C:\Users\Emi Chiófalo\Documents\TUP-UTN\SEMESTRE 3\PROG3\PROYECTOS EJEMPLO\apache-tomcat-7.0.104-windows-x86\apache-tomcat-7
oct. 19, 2022 6:36:16 P. M. org.apache.catalina.startup.VersionLoggerListener log
INFO: Command line argument: --add-opens=java.base/java.lang=ALL-UNNAMED
oct. 19, 2022 6:36:16 P. M. org.apache.catalina.startup.VersionLoggerListener log
INFO: Command line argument: --add-opens=java.base/java.io=ALL-UNNAMED
oct. 19, 2022 6:36:16 P. M. org.apache.catalina.startup.VersionLoggerListener log
INFO: Command line argument: --add-opens=java.rmi/sun.rmi.transport=ALL-UNNAMED
oct. 19, 2022 6:36:16 P. M. org.apache.catalina.startup.VersionLoggerListener log
INFO: Command line argument: -Djava.util.logging.config.file=C:\Users\Emi Chiófalo\Documents\TUP-UTN\SEMESTRE 3\PROG3\PROYECTOS EJEMPLO\apache-tomcat-7.0.104-windows-x86\apache-tomcat-7\conf\logging.properties
oct. 19, 2022 6:36:16 P. M. org.apache.catalina.startup.VersionLoggerListener log
INFO: Command line argument: -Djava.util.logging.manager=org.apache.juli.ClassLoaderLogManager
oct. 19, 2022 6:36:16 P. M. org.apache.catalina.startup.VersionLoggerListener log
INFO: Command line argument: -Dhttp.nonProxyHosts=localhost|127.0.0.1|EMI-CHIOFALO
oct. 19, 2022 6:36:16 P. M. org.apache.catalina.startup.VersionLoggerListener log
INFO: Command line argument: -Djdk.tls.ephemeralDHKeySize=2048
oct. 19, 2022 6:36:16 P. M. org.apache.catalina.startup.VersionLoggerListener log
INFO: Command line argument: -Dignore.endorsed.dirs=
oct. 19, 2022 6:36:16 P. M. org.apache.catalina.startup.VersionLoggerListener log
INFO: Command line argument: -Dcatalina.base=C:\Users\Emi Chiófalo\Documents\TUP-UTN\SEMESTRE 3\PROG3\PROYECTOS EJEMPLO\apache-tomcat-7.0.104-windows-x86\apache-tomcat-7
oct. 19, 2022 6:36:16 P. M. org.apache.catalina.startup.VersionLoggerListener log
INFO: Command line argument: -Dcatalina.home=C:\Users\Emi Chiófalo\Documents\TUP-UTN\SEMESTRE 3\PROG3\PROYECTOS EJEMPLO\apache-tomcat-7.0.104-windows-x86\apache-tomcat-7
oct. 19, 2022 6:36:16 P. M. org.apache.catalina.startup.VersionLoggerListener log
INFO: Command line argument: -Djava.io.tmpdir=C:\Users\Emi Chiófalo\Documents\TUP-UTN\SEMESTRE 3\PROG3\PROYECTOS EJEMPLO\apache-tomcat-7.0.104-windows-x86\apache-tomcat-7\temp
oct. 19, 2022 6:36:16 P. M. org.apache.coyote.AbstractProtocol init
INFO: Inicializando el manejador de protocolo ["http-bio-8080"]

oct. 19, 2022 6:36:16 P. M. org.apache.catalina.startup.Catalina load
INFO: Initialization processed in 1539 ms
oct. 19, 2022 6:36:16 P. M. org.apache.catalina.core.StandardService startInternal
INFO: Arrancando servicio [Catalina]
oct. 19, 2022 6:36:16 P. M. org.apache.catalina.core.StandardEngine startInternal
INFO: Starting Servlet Engine: Apache Tomcat/7.0.104
oct. 19, 2022 6:36:16 P. M. org.apache.catalina.startup.HostConfig deployDescriptor
INFO: Desplieque del descriptor de configuración [C:\Users\Emi Chiófalo\Documents\TUP-UTN\SEMESTRE 3\PROG3\PROYECTOS EJEMPLO\apache-tomcat-7.0.104-windows-x86\apache-tomcat-7\conf\Catalina\localhost\EjemploJSP.xml]
oct. 19, 2022 6:36:17 P. M. org.apache.catalina.util.SessionIdGeneratorBase createSecureRandom
WARNING: Creation of SecureRandom instance for session ID generation using [SHA1PRNG] took [297] milliseconds.
oct. 19, 2022 6:36:18 P. M. org.apache.catalina.startup.HostConfig deployDescriptor
INFO: Deployment of deployment descriptor [C:\Users\Emi Chiófalo\Documents\TUP-UTN\SEMESTRE 3\PROG3\PROYECTOS EJEMPLO\apache-tomcat-7.0.104-windows-x86\apache-tomcat-7\conf\Catalina\localhost\EjemploJSP.xml] has finished in [1.203] ms
oct. 19, 2022 6:36:18 P. M. org.apache.catalina.startup.HostConfig deployDescriptor
INFO: Desplieque del descriptor de configuración [C:\Users\Emi Chiófalo\Documents\TUP-UTN\SEMESTRE 3\PROG3\PROYECTOS EJEMPLO\apache-tomcat-7.0.104-windows-x86\apache-tomcat-7\conf\Catalina\localhost\ROOT.xml]
oct. 19, 2022 6:36:18 P. M. org.apache.catalina.startup.HostConfig deployDescriptor
INFO: Deployment of deployment descriptor [C:\Users\Emi Chiófalo\Documents\TUP-UTN\SEMESTRE 3\PROG3\PROYECTOS EJEMPLO\apache-tomcat-7.0.104-windows-x86\apache-tomcat-7\conf\Catalina\localhost\ROOT.xml] has finished in [296] ms
oct. 19, 2022 6:36:18 P. M. org.apache.catalina.startup.HostConfig deployDescriptor
INFO: Desplieque del descriptor de configuración [C:\Users\Emi Chiófalo\Documents\TUP-UTN\SEMESTRE 3\PROG3\PROYECTOS EJEMPLO\apache-tomcat-7.0.104-windows-x86\apache-tomcat-7\conf\Catalina\localhost\TP7-JSP.xml]
oct. 19, 2022 6:36:19 P. M. org.apache.catalina.startup.TldConfig execute
INFO: At least one JAR was scanned for TLDs yet contained no TLDs. Enable debug logging for this logger for a complete list of JARs that were scanned but no TLDs were found in them. Skipping unneeded JARs during scanning can improve startup time and JSP compilation time.
oct. 19, 2022 6:36:19 P. M. org.apache.catalina.startup.HostConfig deployDescriptor
INFO: Deployment of deployment descriptor [C:\Users\Emi Chiófalo\Documents\TUP-UTN\SEMESTRE 3\PROG3\PROYECTOS EJEMPLO\apache-tomcat-7.0.104-windows-x86\apache-tomcat-7\conf\Catalina\localhost\TP7-JSP.xml] has finished in [641] ms
oct. 19, 2022 6:36:19 P. M. org.apache.catalina.startup.HostConfig deployDirectory
INFO: Desplegando el directorio [C:\Users\Emi Chiófalo\Documents\TUP-UTN\SEMESTRE 3\PROG3\PROYECTOS EJEMPLO\apache-tomcat-7.0.104-windows-x86\apache-tomcat-7\webapps\docs] de la aplicación web
oct. 19, 2022 6:36:19 P. M. org.apache.catalina.startup.HostConfig deployDirectory
INFO: Deployment of web application directory [C:\Users\Emi Chiófalo\Documents\TUP-UTN\SEMESTRE 3\PROG3\PROYECTOS EJEMPLO\apache-tomcat-7.0.104-windows-x86\apache-tomcat-7\webapps\docs] has finished in [187] ms
oct. 19, 2022 6:36:19 P. M. org.apache.catalina.startup.HostConfig deployDirectory
INFO: Desplegando el directorio [C:\Users\Emi Chiófalo\Documents\TUP-UTN\SEMESTRE 3\PROG3\PROYECTOS EJEMPLO\apache-tomcat-7.0.104-windows-x86\apache-tomcat-7\webapps\examples] de la aplicación web
oct. 19, 2022 6:36:19 P. M. org.apache.catalina.startup.HostConfig deployDirectory
INFO: Deployment of web application directory [C:\Users\Emi Chiófalo\Documents\TUP-UTN\SEMESTRE 3\PROG3\PROYECTOS EJEMPLO\apache-tomcat-7.0.104-windows-x86\apache-tomcat-7\webapps\examples] has finished in [531] ms
oct. 19, 2022 6:36:19 P. M. org.apache.catalina.startup.HostConfig deployDirectory
INFO: Desplegando el directorio [C:\Users\Emi Chiófalo\Documents\TUP-UTN\SEMESTRE 3\PROG3\PROYECTOS EJEMPLO\apache-tomcat-7.0.104-windows-x86\apache-tomcat-7\webapps\host-manager] de la aplicación web
oct. 19, 2022 6:36:19 P. M. org.apache.catalina.startup.HostConfig deployDirectory
INFO: Deployment of web application directory [C:\Users\Emi Chiófalo\Documents\TUP-UTN\SEMESTRE 3\PROG3\PROYECTOS EJEMPLO\apache-tomcat-7.0.104-windows-x86\apache-tomcat-7\webapps\host-manager] has finished in [188] ms
oct. 19, 2022 6:36:19 P. M. org.apache.catalina.startup.HostConfig deployDirectory
INFO: Desplegando el directorio [C:\Users\Emi Chiófalo\Documents\TUP-UTN\SEMESTRE 3\PROG3\PROYECTOS EJEMPLO\apache-tomcat-7.0.104-windows-x86\apache-tomcat-7\webapps\manager] de la aplicación web
oct. 19, 2022 6:36:20 P. M. org.apache.catalina.startup.HostConfig deployDirectory
INFO: Deployment of web application directory [C:\Users\Emi Chiófalo\Documents\TUP-UTN\SEMESTRE 3\PROG3\PROYECTOS EJEMPLO\apache-tomcat-7.0.104-windows-x86\apache-tomcat-7\webapps\manager] has finished in [172] ms
oct. 19, 2022 6:36:20 P. M. org.apache.coyote.AbstractProtocol start
INFO: Starting ProtocolHandler ["http-bio-8080"]
oct. 19, 2022 6:36:20 P. M. org.apache.catalina.startup.Catalina start
INFO: Server startup in 3531 ms
oct. 19, 2022 6:36:20 P. M. org.apache.catalina.core.StandardContext reload
INFO: Ha comenzado la recarga de Contexto [/TP7-JSP]
oct. 19, 2022 6:36:21 P. M. org.apache.catalina.startup.TldConfig execute
INFO: At least one JAR was scanned for TLDs yet contained no TLDs. Enable debug logging for this logger for a complete list of JARs that were scanned but no TLDs were found in them. Skipping unneeded JARs during scanning can improve startup time and JSP compilation time.
oct. 19, 2022 6:36:21 P. M. org.apache.catalina.core.StandardContext reload
INFO: Se ha completado la recarga de este Contexto
oct. 19, 2022 6:36:23 P. M. org.apache.catalina.core.StandardContext reload
INFO: Ha comenzado la recarga de Contexto [/TP7-JSP]
oct. 19, 2022 6:36:24 P. M. org.apache.catalina.startup.TldConfig execute
INFO: At least one JAR was scanned for TLDs yet contained no TLDs. Enable debug logging for this logger for a complete list of JARs that were scanned but no TLDs were found in them. Skipping unneeded JARs during scanning can improve startup time and JSP compilation time.
oct. 19, 2022 6:36:24 P. M. org.apache.catalina.core.StandardContext reload
INFO: Se ha completado la recarga de este Contexto
oct. 19, 2022 6:43:06 P. M. org.apache.catalina.core.StandardContext reload
INFO: Ha comenzado la recarga de Contexto [/TP7-JSP]
oct. 19, 2022 6:43:07 P. M. org.apache.catalina.loader.WebappClassLoaderBase clearReferencesJdbc
SEVERE: La aplicación web [/TP7-JSP] registró el conductor JDBC [com.mysql.cj.jdbc.Driver] pero falló al anular el registro mientras la aplicación web estaba parada. Para prevenir un fallo de memoria, se ha anulado el registro del conductor JDBC por la fuerza.
oct. 19, 2022 6:43:07 P. M. org.apache.catalina.loader.WebappClassLoaderBase clearReferencesThreads
SEVERE: La aplicación web [/TP7-JSP] parece haber arrancado un hilo llamado [mysql-cj-abandoned-connection-cleanup] pero no ha podido pararlo. Esto tiene todas las papeletas de convertirse en un fallo de memoria.
oct. 19, 2022 6:43:07 P. M. org.apache.catalina.loader.WebappClassLoaderBase findResourceInternal
INFO: Acceso ilegal: esta instancia de aplicación web ya ha sido parada.  Could not load [].  La eventual traza de pila que sigue ha sido motivada por un error lanzado con motivos de depuración así como para intentar terminar el hilo que motivó el acceso ilegal y no tiene impacto funcional.
oct. 19, 2022 6:43:07 P. M. org.apache.catalina.startup.TldConfig execute
INFO: At least one JAR was scanned for TLDs yet contained no TLDs. Enable debug logging for this logger for a complete list of JARs that were scanned but no TLDs were found in them. Skipping unneeded JARs during scanning can improve startup time and JSP compilation time.
oct. 19, 2022 6:43:07 P. M. org.apache.catalina.core.StandardContext reload
INFO: Se ha completado la recarga de este Contexto
oct. 19, 2022 7:00:53 P. M. org.apache.catalina.core.StandardContext reload
INFO: Ha comenzado la recarga de Contexto [/TP7-JSP]
oct. 19, 2022 7:00:53 P. M. org.apache.catalina.loader.WebappClassLoaderBase clearReferencesJdbc
SEVERE: La aplicación web [/TP7-JSP] registró el conductor JDBC [com.mysql.cj.jdbc.Driver] pero falló al anular el registro mientras la aplicación web estaba parada. Para prevenir un fallo de memoria, se ha anulado el registro del conductor JDBC por la fuerza.
oct. 19, 2022 7:00:53 P. M. org.apache.catalina.loader.WebappClassLoaderBase clearReferencesThreads
SEVERE: La aplicación web [/TP7-JSP] parece haber arrancado un hilo llamado [mysql-cj-abandoned-connection-cleanup] pero no ha podido pararlo. Esto tiene todas las papeletas de convertirse en un fallo de memoria.
oct. 19, 2022 7:00:53 P. M. org.apache.catalina.startup.TldConfig execute
INFO: At least one JAR was scanned for TLDs yet contained no TLDs. Enable debug logging for this logger for a complete list of JARs that were scanned but no TLDs were found in them. Skipping unneeded JARs during scanning can improve startup time and JSP compilation time.
oct. 19, 2022 7:00:53 P. M. org.apache.catalina.core.StandardContext reload
INFO: Se ha completado la recarga de este Contexto
oct. 19, 2022 7:00:55 P. M. org.apache.catalina.loader.WebappClassLoaderBase findResourceInternal
INFO: Acceso ilegal: esta instancia de aplicación web ya ha sido parada.  Could not load [].  La eventual traza de pila que sigue ha sido motivada por un error lanzado con motivos de depuración así como para intentar terminar el hilo que motivó el acceso ilegal y no tiene impacto funcional.
oct. 19, 2022 7:05:13 P. M. org.apache.catalina.core.StandardContext reload
INFO: Ha comenzado la recarga de Contexto [/TP7-JSP]
oct. 19, 2022 7:05:13 P. M. org.apache.catalina.loader.WebappClassLoaderBase clearReferencesJdbc
SEVERE: La aplicación web [/TP7-JSP] registró el conductor JDBC [com.mysql.cj.jdbc.Driver] pero falló al anular el registro mientras la aplicación web estaba parada. Para prevenir un fallo de memoria, se ha anulado el registro del conductor JDBC por la fuerza.
oct. 19, 2022 7:05:13 P. M. org.apache.catalina.loader.WebappClassLoaderBase clearReferencesThreads
SEVERE: La aplicación web [/TP7-JSP] parece haber arrancado un hilo llamado [mysql-cj-abandoned-connection-cleanup] pero no ha podido pararlo. Esto tiene todas las papeletas de convertirse en un fallo de memoria.
oct. 19, 2022 7:05:13 P. M. org.apache.catalina.startup.TldConfig execute
INFO: At least one JAR was scanned for TLDs yet contained no TLDs. Enable debug logging for this logger for a complete list of JARs that were scanned but no TLDs were found in them. Skipping unneeded JARs during scanning can improve startup time and JSP compilation time.
oct. 19, 2022 7:05:13 P. M. org.apache.catalina.core.StandardContext reload
INFO: Se ha completado la recarga de este Contexto
oct. 19, 2022 7:05:16 P. M. org.apache.catalina.loader.WebappClassLoaderBase findResourceInternal
INFO: Acceso ilegal: esta instancia de aplicación web ya ha sido parada.  Could not load [].  La eventual traza de pila que sigue ha sido motivada por un error lanzado con motivos de depuración así como para intentar terminar el hilo que motivó el acceso ilegal y no tiene impacto funcional.
oct. 19, 2022 7:06:20 P. M. org.apache.catalina.core.StandardContext reload
INFO: Ha comenzado la recarga de Contexto [/TP7-JSP]
oct. 19, 2022 7:06:20 P. M. org.apache.catalina.loader.WebappClassLoaderBase clearReferencesJdbc
SEVERE: La aplicación web [/TP7-JSP] registró el conductor JDBC [com.mysql.cj.jdbc.Driver] pero falló al anular el registro mientras la aplicación web estaba parada. Para prevenir un fallo de memoria, se ha anulado el registro del conductor JDBC por la fuerza.
oct. 19, 2022 7:06:20 P. M. org.apache.catalina.loader.WebappClassLoaderBase clearReferencesThreads
SEVERE: La aplicación web [/TP7-JSP] parece haber arrancado un hilo llamado [mysql-cj-abandoned-connection-cleanup] pero no ha podido pararlo. Esto tiene todas las papeletas de convertirse en un fallo de memoria.
oct. 19, 2022 7:06:20 P. M. org.apache.catalina.loader.WebappClassLoaderBase findResourceInternal
INFO: Acceso ilegal: esta instancia de aplicación web ya ha sido parada.  Could not load [].  La eventual traza de pila que sigue ha sido motivada por un error lanzado con motivos de depuración así como para intentar terminar el hilo que motivó el acceso ilegal y no tiene impacto funcional.
oct. 19, 2022 7:06:20 P. M. org.apache.catalina.loader.WebappClassLoaderBase findResourceInternal
INFO: Acceso ilegal: esta instancia de aplicación web ya ha sido parada.  Could not load [].  La eventual traza de pila que sigue ha sido motivada por un error lanzado con motivos de depuración así como para intentar terminar el hilo que motivó el acceso ilegal y no tiene impacto funcional.
oct. 19, 2022 7:06:20 P. M. org.apache.catalina.startup.TldConfig execute
INFO: At least one JAR was scanned for TLDs yet contained no TLDs. Enable debug logging for this logger for a complete list of JARs that were scanned but no TLDs were found in them. Skipping unneeded JARs during scanning can improve startup time and JSP compilation time.
oct. 19, 2022 7:06:20 P. M. org.apache.catalina.core.StandardContext reload
INFO: Se ha completado la recarga de este Contexto
oct. 19, 2022 7:06:47 P. M. org.apache.catalina.core.StandardContext reload
INFO: Ha comenzado la recarga de Contexto [/TP7-JSP]
oct. 19, 2022 7:06:47 P. M. org.apache.catalina.startup.TldConfig execute
INFO: At least one JAR was scanned for TLDs yet contained no TLDs. Enable debug logging for this logger for a complete list of JARs that were scanned but no TLDs were found in them. Skipping unneeded JARs during scanning can improve startup time and JSP compilation time.
oct. 19, 2022 7:06:47 P. M. org.apache.catalina.core.StandardContext reload
INFO: Se ha completado la recarga de este Contexto
oct. 19, 2022 7:07:42 P. M. org.apache.catalina.core.StandardContext reload
INFO: Ha comenzado la recarga de Contexto [/TP7-JSP]
oct. 19, 2022 7:07:42 P. M. org.apache.catalina.startup.TldConfig execute
INFO: At least one JAR was scanned for TLDs yet contained no TLDs. Enable debug logging for this logger for a complete list of JARs that were scanned but no TLDs were found in them. Skipping unneeded JARs during scanning can improve startup time and JSP compilation time.
oct. 19, 2022 7:07:42 P. M. org.apache.catalina.core.StandardContext reload
INFO: Se ha completado la recarga de este Contexto
oct. 19, 2022 7:08:19 P. M. org.apache.catalina.core.StandardContext reload
INFO: Ha comenzado la recarga de Contexto [/TP7-JSP]
oct. 19, 2022 7:08:19 P. M. org.apache.catalina.loader.WebappClassLoaderBase clearReferencesJdbc
SEVERE: La aplicación web [/TP7-JSP] registró el conductor JDBC [com.mysql.cj.jdbc.Driver] pero falló al anular el registro mientras la aplicación web estaba parada. Para prevenir un fallo de memoria, se ha anulado el registro del conductor JDBC por la fuerza.
oct. 19, 2022 7:08:19 P. M. org.apache.catalina.loader.WebappClassLoaderBase clearReferencesThreads
SEVERE: La aplicación web [/TP7-JSP] parece haber arrancado un hilo llamado [mysql-cj-abandoned-connection-cleanup] pero no ha podido pararlo. Esto tiene todas las papeletas de convertirse en un fallo de memoria.
oct. 19, 2022 7:08:19 P. M. org.apache.catalina.loader.WebappClassLoaderBase findResourceInternal
INFO: Acceso ilegal: esta instancia de aplicación web ya ha sido parada.  Could not load [].  La eventual traza de pila que sigue ha sido motivada por un error lanzado con motivos de depuración así como para intentar terminar el hilo que motivó el acceso ilegal y no tiene impacto funcional.
oct. 19, 2022 7:08:20 P. M. org.apache.catalina.startup.TldConfig execute
INFO: At least one JAR was scanned for TLDs yet contained no TLDs. Enable debug logging for this logger for a complete list of JARs that were scanned but no TLDs were found in them. Skipping unneeded JARs during scanning can improve startup time and JSP compilation time.
oct. 19, 2022 7:08:20 P. M. org.apache.catalina.core.StandardContext reload
INFO: Se ha completado la recarga de este Contexto
oct. 19, 2022 7:10:15 P. M. org.apache.catalina.core.StandardServer await
INFO: Se ha recibido un comando de apagado a través del puerto de apagado. Parando la instancia del Servidor.
oct. 19, 2022 7:10:15 P. M. org.apache.coyote.AbstractProtocol pause
INFO: Pausing ProtocolHandler ["http-bio-8080"]
oct. 19, 2022 7:10:15 P. M. org.apache.catalina.core.StandardService stopInternal
INFO: Parando servicio [Catalina]
oct. 19, 2022 7:10:15 P. M. org.apache.catalina.loader.WebappClassLoaderBase clearReferencesJdbc
SEVERE: La aplicación web [/TP7-JSP] registró el conductor JDBC [com.mysql.cj.jdbc.Driver] pero falló al anular el registro mientras la aplicación web estaba parada. Para prevenir un fallo de memoria, se ha anulado el registro del conductor JDBC por la fuerza.
oct. 19, 2022 7:10:15 P. M. org.apache.catalina.loader.WebappClassLoaderBase clearReferencesThreads
SEVERE: La aplicación web [/TP7-JSP] parece haber arrancado un hilo llamado [mysql-cj-abandoned-connection-cleanup] pero no ha podido pararlo. Esto tiene todas las papeletas de convertirse en un fallo de memoria.
oct. 19, 2022 7:10:15 P. M. org.apache.coyote.AbstractProtocol stop
INFO: Stopping ProtocolHandler ["http-bio-8080"]
oct. 19, 2022 7:10:15 P. M. org.apache.coyote.AbstractProtocol destroy
INFO: Destroying ProtocolHandler ["http-bio-8080"]
