nov 20, 2022 5:49:20 P. M. org.apache.catalina.core.StandardWrapperValve invoke
SEVERE: El Servlet.service() para el servlet [jsp] en el contexto con ruta [/apprest] lanzó la excepción [No se puede compilar la clase para JSP: 

Ha tenido lugar un error en la línea: [14] en el fichero java generado: [C:\Users\Emi Chiófalo\Documents\TUP-UTN\SEMESTRE 3\PROG3\PROYECTOS EJEMPLO\apache-tomcat-7.0.104-windows-x86\apache-tomcat-7\work\Catalina\localhost\apprest\org\apache\jsp\index_jsp.java]
Only a type can be imported. com.utn.managers.AgendaManager resolves to a package

Ha tenido lugar un error en la línea: [16] en el fichero java generado: [C:\Users\Emi Chiófalo\Documents\TUP-UTN\SEMESTRE 3\PROG3\PROYECTOS EJEMPLO\apache-tomcat-7.0.104-windows-x86\apache-tomcat-7\work\Catalina\localhost\apprest\org\apache\jsp\index_jsp.java]
Only a type can be imported. com.utn.apprest.AgendaRest resolves to a package

Ha tenido lugar un error en la línea: [19] en el fichero java generado: [C:\Users\Emi Chiófalo\Documents\TUP-UTN\SEMESTRE 3\PROG3\PROYECTOS EJEMPLO\apache-tomcat-7.0.104-windows-x86\apache-tomcat-7\work\Catalina\localhost\apprest\org\apache\jsp\index_jsp.java]
Only a type can be imported. com.utn.modelo.Agenda resolves to a package

Stacktrace:] con causa raíz
org.apache.jasper.JasperException: No se puede compilar la clase para JSP: 

Ha tenido lugar un error en la línea: [14] en el fichero java generado: [C:\Users\Emi Chiófalo\Documents\TUP-UTN\SEMESTRE 3\PROG3\PROYECTOS EJEMPLO\apache-tomcat-7.0.104-windows-x86\apache-tomcat-7\work\Catalina\localhost\apprest\org\apache\jsp\index_jsp.java]
Only a type can be imported. com.utn.managers.AgendaManager resolves to a package

Ha tenido lugar un error en la línea: [16] en el fichero java generado: [C:\Users\Emi Chiófalo\Documents\TUP-UTN\SEMESTRE 3\PROG3\PROYECTOS EJEMPLO\apache-tomcat-7.0.104-windows-x86\apache-tomcat-7\work\Catalina\localhost\apprest\org\apache\jsp\index_jsp.java]
Only a type can be imported. com.utn.apprest.AgendaRest resolves to a package

Ha tenido lugar un error en la línea: [19] en el fichero java generado: [C:\Users\Emi Chiófalo\Documents\TUP-UTN\SEMESTRE 3\PROG3\PROYECTOS EJEMPLO\apache-tomcat-7.0.104-windows-x86\apache-tomcat-7\work\Catalina\localhost\apprest\org\apache\jsp\index_jsp.java]
Only a type can be imported. com.utn.modelo.Agenda resolves to a package

Stacktrace:
	at org.apache.jasper.compiler.DefaultErrorHandler.javacError(DefaultErrorHandler.java:103)
	at org.apache.jasper.compiler.ErrorDispatcher.javacError(ErrorDispatcher.java:392)
	at org.apache.jasper.compiler.JDTCompiler.generateClass(JDTCompiler.java:594)
	at org.apache.jasper.compiler.Compiler.compile(Compiler.java:400)
	at org.apache.jasper.compiler.Compiler.compile(Compiler.java:370)
	at org.apache.jasper.compiler.Compiler.compile(Compiler.java:354)
	at org.apache.jasper.JspCompilationContext.compile(JspCompilationContext.java:660)
	at org.apache.jasper.servlet.JspServletWrapper.service(JspServletWrapper.java:400)
	at org.apache.jasper.servlet.JspServlet.serviceJspFile(JspServlet.java:395)
	at org.apache.jasper.servlet.JspServlet.service(JspServlet.java:339)
	at javax.servlet.http.HttpServlet.service(HttpServlet.java:728)
	at org.apache.catalina.core.ApplicationFilterChain.internalDoFilter(ApplicationFilterChain.java:303)
	at org.apache.catalina.core.ApplicationFilterChain.doFilter(ApplicationFilterChain.java:208)
	at org.apache.tomcat.websocket.server.WsFilter.doFilter(WsFilter.java:52)
	at org.apache.catalina.core.ApplicationFilterChain.internalDoFilter(ApplicationFilterChain.java:241)
	at org.apache.catalina.core.ApplicationFilterChain.doFilter(ApplicationFilterChain.java:208)
	at org.apache.catalina.core.StandardWrapperValve.invoke(StandardWrapperValve.java:219)
	at org.apache.catalina.core.StandardContextValve.invoke(StandardContextValve.java:110)
	at org.apache.catalina.authenticator.AuthenticatorBase.invoke(AuthenticatorBase.java:492)
	at org.apache.catalina.core.StandardHostValve.invoke(StandardHostValve.java:165)
	at org.apache.catalina.valves.ErrorReportValve.invoke(ErrorReportValve.java:104)
	at org.apache.catalina.valves.AccessLogValve.invoke(AccessLogValve.java:1025)
	at org.apache.catalina.core.StandardEngineValve.invoke(StandardEngineValve.java:116)
	at org.apache.catalina.connector.CoyoteAdapter.service(CoyoteAdapter.java:452)
	at org.apache.coyote.http11.AbstractHttp11Processor.process(AbstractHttp11Processor.java:1201)
	at org.apache.coyote.AbstractProtocol$AbstractConnectionHandler.process(AbstractProtocol.java:654)
	at org.apache.tomcat.util.net.JIoEndpoint$SocketProcessor.run(JIoEndpoint.java:319)
	at java.base/java.util.concurrent.ThreadPoolExecutor.runWorker(ThreadPoolExecutor.java:1130)
	at java.base/java.util.concurrent.ThreadPoolExecutor$Worker.run(ThreadPoolExecutor.java:630)
	at org.apache.tomcat.util.threads.TaskThread$WrappingRunnable.run(TaskThread.java:61)
	at java.base/java.lang.Thread.run(Thread.java:831)

nov 20, 2022 5:53:56 P. M. org.apache.catalina.core.StandardWrapperValve invoke
SEVERE: El Servlet.service() para el servlet [jsp] en el contexto con ruta [/apprest] lanzó la excepción [No se puede compilar la clase para JSP: 

Ha tenido lugar un error en la línea: [14] en el fichero java generado: [C:\Users\Emi Chiófalo\Documents\TUP-UTN\SEMESTRE 3\PROG3\PROYECTOS EJEMPLO\apache-tomcat-7.0.104-windows-x86\apache-tomcat-7\work\Catalina\localhost\apprest\org\apache\jsp\index_jsp.java]
Only a type can be imported. com.utn.managers.AgendaManager resolves to a package

Ha tenido lugar un error en la línea: [16] en el fichero java generado: [C:\Users\Emi Chiófalo\Documents\TUP-UTN\SEMESTRE 3\PROG3\PROYECTOS EJEMPLO\apache-tomcat-7.0.104-windows-x86\apache-tomcat-7\work\Catalina\localhost\apprest\org\apache\jsp\index_jsp.java]
Only a type can be imported. com.utn.apprest.AgendaRest resolves to a package

Ha tenido lugar un error en la línea: [19] en el fichero java generado: [C:\Users\Emi Chiófalo\Documents\TUP-UTN\SEMESTRE 3\PROG3\PROYECTOS EJEMPLO\apache-tomcat-7.0.104-windows-x86\apache-tomcat-7\work\Catalina\localhost\apprest\org\apache\jsp\index_jsp.java]
Only a type can be imported. com.utn.modelo.Agenda resolves to a package

Stacktrace:] con causa raíz
org.apache.jasper.JasperException: No se puede compilar la clase para JSP: 

Ha tenido lugar un error en la línea: [14] en el fichero java generado: [C:\Users\Emi Chiófalo\Documents\TUP-UTN\SEMESTRE 3\PROG3\PROYECTOS EJEMPLO\apache-tomcat-7.0.104-windows-x86\apache-tomcat-7\work\Catalina\localhost\apprest\org\apache\jsp\index_jsp.java]
Only a type can be imported. com.utn.managers.AgendaManager resolves to a package

Ha tenido lugar un error en la línea: [16] en el fichero java generado: [C:\Users\Emi Chiófalo\Documents\TUP-UTN\SEMESTRE 3\PROG3\PROYECTOS EJEMPLO\apache-tomcat-7.0.104-windows-x86\apache-tomcat-7\work\Catalina\localhost\apprest\org\apache\jsp\index_jsp.java]
Only a type can be imported. com.utn.apprest.AgendaRest resolves to a package

Ha tenido lugar un error en la línea: [19] en el fichero java generado: [C:\Users\Emi Chiófalo\Documents\TUP-UTN\SEMESTRE 3\PROG3\PROYECTOS EJEMPLO\apache-tomcat-7.0.104-windows-x86\apache-tomcat-7\work\Catalina\localhost\apprest\org\apache\jsp\index_jsp.java]
Only a type can be imported. com.utn.modelo.Agenda resolves to a package

Stacktrace:
	at org.apache.jasper.compiler.DefaultErrorHandler.javacError(DefaultErrorHandler.java:103)
	at org.apache.jasper.compiler.ErrorDispatcher.javacError(ErrorDispatcher.java:392)
	at org.apache.jasper.compiler.JDTCompiler.generateClass(JDTCompiler.java:594)
	at org.apache.jasper.compiler.Compiler.compile(Compiler.java:400)
	at org.apache.jasper.compiler.Compiler.compile(Compiler.java:370)
	at org.apache.jasper.compiler.Compiler.compile(Compiler.java:354)
	at org.apache.jasper.JspCompilationContext.compile(JspCompilationContext.java:660)
	at org.apache.jasper.servlet.JspServletWrapper.service(JspServletWrapper.java:400)
	at org.apache.jasper.servlet.JspServlet.serviceJspFile(JspServlet.java:395)
	at org.apache.jasper.servlet.JspServlet.service(JspServlet.java:339)
	at javax.servlet.http.HttpServlet.service(HttpServlet.java:728)
	at org.apache.catalina.core.ApplicationFilterChain.internalDoFilter(ApplicationFilterChain.java:303)
	at org.apache.catalina.core.ApplicationFilterChain.doFilter(ApplicationFilterChain.java:208)
	at org.apache.tomcat.websocket.server.WsFilter.doFilter(WsFilter.java:52)
	at org.apache.catalina.core.ApplicationFilterChain.internalDoFilter(ApplicationFilterChain.java:241)
	at org.apache.catalina.core.ApplicationFilterChain.doFilter(ApplicationFilterChain.java:208)
	at org.apache.catalina.core.StandardWrapperValve.invoke(StandardWrapperValve.java:219)
	at org.apache.catalina.core.StandardContextValve.invoke(StandardContextValve.java:110)
	at org.apache.catalina.authenticator.AuthenticatorBase.invoke(AuthenticatorBase.java:492)
	at org.apache.catalina.core.StandardHostValve.invoke(StandardHostValve.java:165)
	at org.apache.catalina.valves.ErrorReportValve.invoke(ErrorReportValve.java:104)
	at org.apache.catalina.valves.AccessLogValve.invoke(AccessLogValve.java:1025)
	at org.apache.catalina.core.StandardEngineValve.invoke(StandardEngineValve.java:116)
	at org.apache.catalina.connector.CoyoteAdapter.service(CoyoteAdapter.java:452)
	at org.apache.coyote.http11.AbstractHttp11Processor.process(AbstractHttp11Processor.java:1201)
	at org.apache.coyote.AbstractProtocol$AbstractConnectionHandler.process(AbstractProtocol.java:654)
	at org.apache.tomcat.util.net.JIoEndpoint$SocketProcessor.run(JIoEndpoint.java:317)
	at java.base/java.util.concurrent.ThreadPoolExecutor.runWorker(ThreadPoolExecutor.java:1130)
	at java.base/java.util.concurrent.ThreadPoolExecutor$Worker.run(ThreadPoolExecutor.java:630)
	at org.apache.tomcat.util.threads.TaskThread$WrappingRunnable.run(TaskThread.java:61)
	at java.base/java.lang.Thread.run(Thread.java:831)

nov 20, 2022 5:58:37 P. M. org.apache.catalina.core.StandardWrapperValve invoke
SEVERE: El Servlet.service() para el servlet [jsp] en el contexto con ruta [/apprest] lanzó la excepción [No se puede compilar la clase para JSP: 

Ha tenido lugar un error en la línea: [14] en el fichero java generado: [C:\Users\Emi Chiófalo\Documents\TUP-UTN\SEMESTRE 3\PROG3\PROYECTOS EJEMPLO\apache-tomcat-7.0.104-windows-x86\apache-tomcat-7\work\Catalina\localhost\apprest\org\apache\jsp\index_jsp.java]
Only a type can be imported. com.utn.managers.AgendaManager resolves to a package

Ha tenido lugar un error en la línea: [16] en el fichero java generado: [C:\Users\Emi Chiófalo\Documents\TUP-UTN\SEMESTRE 3\PROG3\PROYECTOS EJEMPLO\apache-tomcat-7.0.104-windows-x86\apache-tomcat-7\work\Catalina\localhost\apprest\org\apache\jsp\index_jsp.java]
Only a type can be imported. com.utn.apprest.AgendaRest resolves to a package

Ha tenido lugar un error en la línea: [19] en el fichero java generado: [C:\Users\Emi Chiófalo\Documents\TUP-UTN\SEMESTRE 3\PROG3\PROYECTOS EJEMPLO\apache-tomcat-7.0.104-windows-x86\apache-tomcat-7\work\Catalina\localhost\apprest\org\apache\jsp\index_jsp.java]
Only a type can be imported. com.utn.modelo.Agenda resolves to a package

Stacktrace:] con causa raíz
org.apache.jasper.JasperException: No se puede compilar la clase para JSP: 

Ha tenido lugar un error en la línea: [14] en el fichero java generado: [C:\Users\Emi Chiófalo\Documents\TUP-UTN\SEMESTRE 3\PROG3\PROYECTOS EJEMPLO\apache-tomcat-7.0.104-windows-x86\apache-tomcat-7\work\Catalina\localhost\apprest\org\apache\jsp\index_jsp.java]
Only a type can be imported. com.utn.managers.AgendaManager resolves to a package

Ha tenido lugar un error en la línea: [16] en el fichero java generado: [C:\Users\Emi Chiófalo\Documents\TUP-UTN\SEMESTRE 3\PROG3\PROYECTOS EJEMPLO\apache-tomcat-7.0.104-windows-x86\apache-tomcat-7\work\Catalina\localhost\apprest\org\apache\jsp\index_jsp.java]
Only a type can be imported. com.utn.apprest.AgendaRest resolves to a package

Ha tenido lugar un error en la línea: [19] en el fichero java generado: [C:\Users\Emi Chiófalo\Documents\TUP-UTN\SEMESTRE 3\PROG3\PROYECTOS EJEMPLO\apache-tomcat-7.0.104-windows-x86\apache-tomcat-7\work\Catalina\localhost\apprest\org\apache\jsp\index_jsp.java]
Only a type can be imported. com.utn.modelo.Agenda resolves to a package

Stacktrace:
	at org.apache.jasper.compiler.DefaultErrorHandler.javacError(DefaultErrorHandler.java:103)
	at org.apache.jasper.compiler.ErrorDispatcher.javacError(ErrorDispatcher.java:392)
	at org.apache.jasper.compiler.JDTCompiler.generateClass(JDTCompiler.java:594)
	at org.apache.jasper.compiler.Compiler.compile(Compiler.java:400)
	at org.apache.jasper.compiler.Compiler.compile(Compiler.java:370)
	at org.apache.jasper.compiler.Compiler.compile(Compiler.java:354)
	at org.apache.jasper.JspCompilationContext.compile(JspCompilationContext.java:660)
	at org.apache.jasper.servlet.JspServletWrapper.service(JspServletWrapper.java:400)
	at org.apache.jasper.servlet.JspServlet.serviceJspFile(JspServlet.java:395)
	at org.apache.jasper.servlet.JspServlet.service(JspServlet.java:339)
	at javax.servlet.http.HttpServlet.service(HttpServlet.java:728)
	at org.apache.catalina.core.ApplicationFilterChain.internalDoFilter(ApplicationFilterChain.java:303)
	at org.apache.catalina.core.ApplicationFilterChain.doFilter(ApplicationFilterChain.java:208)
	at org.apache.tomcat.websocket.server.WsFilter.doFilter(WsFilter.java:52)
	at org.apache.catalina.core.ApplicationFilterChain.internalDoFilter(ApplicationFilterChain.java:241)
	at org.apache.catalina.core.ApplicationFilterChain.doFilter(ApplicationFilterChain.java:208)
	at org.apache.catalina.core.StandardWrapperValve.invoke(StandardWrapperValve.java:219)
	at org.apache.catalina.core.StandardContextValve.invoke(StandardContextValve.java:110)
	at org.apache.catalina.authenticator.AuthenticatorBase.invoke(AuthenticatorBase.java:492)
	at org.apache.catalina.core.StandardHostValve.invoke(StandardHostValve.java:165)
	at org.apache.catalina.valves.ErrorReportValve.invoke(ErrorReportValve.java:104)
	at org.apache.catalina.valves.AccessLogValve.invoke(AccessLogValve.java:1025)
	at org.apache.catalina.core.StandardEngineValve.invoke(StandardEngineValve.java:116)
	at org.apache.catalina.connector.CoyoteAdapter.service(CoyoteAdapter.java:452)
	at org.apache.coyote.http11.AbstractHttp11Processor.process(AbstractHttp11Processor.java:1201)
	at org.apache.coyote.AbstractProtocol$AbstractConnectionHandler.process(AbstractProtocol.java:654)
	at org.apache.tomcat.util.net.JIoEndpoint$SocketProcessor.run(JIoEndpoint.java:317)
	at java.base/java.util.concurrent.ThreadPoolExecutor.runWorker(ThreadPoolExecutor.java:1130)
	at java.base/java.util.concurrent.ThreadPoolExecutor$Worker.run(ThreadPoolExecutor.java:630)
	at org.apache.tomcat.util.threads.TaskThread$WrappingRunnable.run(TaskThread.java:61)
	at java.base/java.lang.Thread.run(Thread.java:831)

nov 20, 2022 5:58:38 P. M. org.apache.catalina.core.StandardWrapperValve invoke
SEVERE: El Servlet.service() para el servlet [jsp] en el contexto con ruta [/apprest] lanzó la excepción [java.lang.ClassNotFoundException: org.apache.jsp.index_jsp] con causa raíz
java.lang.ClassNotFoundException: org.apache.jsp.index_jsp
	at java.base/java.net.URLClassLoader.findClass(URLClassLoader.java:433)
	at org.apache.jasper.servlet.JasperLoader.loadClass(JasperLoader.java:132)
	at org.apache.jasper.servlet.JasperLoader.loadClass(JasperLoader.java:63)
	at org.apache.catalina.core.DefaultInstanceManager.newInstance(DefaultInstanceManager.java:157)
	at org.apache.jasper.servlet.JspServletWrapper.getServlet(JspServletWrapper.java:193)
	at org.apache.jasper.servlet.JspServletWrapper.service(JspServletWrapper.java:414)
	at org.apache.jasper.servlet.JspServlet.serviceJspFile(JspServlet.java:395)
	at org.apache.jasper.servlet.JspServlet.service(JspServlet.java:339)
	at javax.servlet.http.HttpServlet.service(HttpServlet.java:728)
	at org.apache.catalina.core.ApplicationFilterChain.internalDoFilter(ApplicationFilterChain.java:303)
	at org.apache.catalina.core.ApplicationFilterChain.doFilter(ApplicationFilterChain.java:208)
	at org.apache.tomcat.websocket.server.WsFilter.doFilter(WsFilter.java:52)
	at org.apache.catalina.core.ApplicationFilterChain.internalDoFilter(ApplicationFilterChain.java:241)
	at org.apache.catalina.core.ApplicationFilterChain.doFilter(ApplicationFilterChain.java:208)
	at org.apache.catalina.core.StandardWrapperValve.invoke(StandardWrapperValve.java:219)
	at org.apache.catalina.core.StandardContextValve.invoke(StandardContextValve.java:110)
	at org.apache.catalina.authenticator.AuthenticatorBase.invoke(AuthenticatorBase.java:492)
	at org.apache.catalina.core.StandardHostValve.invoke(StandardHostValve.java:165)
	at org.apache.catalina.valves.ErrorReportValve.invoke(ErrorReportValve.java:104)
	at org.apache.catalina.valves.AccessLogValve.invoke(AccessLogValve.java:1025)
	at org.apache.catalina.core.StandardEngineValve.invoke(StandardEngineValve.java:116)
	at org.apache.catalina.connector.CoyoteAdapter.service(CoyoteAdapter.java:452)
	at org.apache.coyote.http11.AbstractHttp11Processor.process(AbstractHttp11Processor.java:1201)
	at org.apache.coyote.AbstractProtocol$AbstractConnectionHandler.process(AbstractProtocol.java:654)
	at org.apache.tomcat.util.net.JIoEndpoint$SocketProcessor.run(JIoEndpoint.java:317)
	at java.base/java.util.concurrent.ThreadPoolExecutor.runWorker(ThreadPoolExecutor.java:1130)
	at java.base/java.util.concurrent.ThreadPoolExecutor$Worker.run(ThreadPoolExecutor.java:630)
	at org.apache.tomcat.util.threads.TaskThread$WrappingRunnable.run(TaskThread.java:61)
	at java.base/java.lang.Thread.run(Thread.java:831)

nov 20, 2022 5:59:13 P. M. org.apache.catalina.core.StandardWrapperValve invoke
SEVERE: El Servlet.service() para el servlet [jsp] en el contexto con ruta [/apprest] lanzó la excepción [No se puede compilar la clase para JSP: 

Ha tenido lugar un error en la línea: [14] en el fichero java generado: [C:\Users\Emi Chiófalo\Documents\TUP-UTN\SEMESTRE 3\PROG3\PROYECTOS EJEMPLO\apache-tomcat-7.0.104-windows-x86\apache-tomcat-7\work\Catalina\localhost\apprest\org\apache\jsp\index_jsp.java]
Only a type can be imported. com.utn.managers.AgendaManager resolves to a package

Ha tenido lugar un error en la línea: [16] en el fichero java generado: [C:\Users\Emi Chiófalo\Documents\TUP-UTN\SEMESTRE 3\PROG3\PROYECTOS EJEMPLO\apache-tomcat-7.0.104-windows-x86\apache-tomcat-7\work\Catalina\localhost\apprest\org\apache\jsp\index_jsp.java]
Only a type can be imported. com.utn.apprest.AgendaRest resolves to a package

Ha tenido lugar un error en la línea: [19] en el fichero java generado: [C:\Users\Emi Chiófalo\Documents\TUP-UTN\SEMESTRE 3\PROG3\PROYECTOS EJEMPLO\apache-tomcat-7.0.104-windows-x86\apache-tomcat-7\work\Catalina\localhost\apprest\org\apache\jsp\index_jsp.java]
Only a type can be imported. com.utn.modelo.Agenda resolves to a package

Stacktrace:] con causa raíz
org.apache.jasper.JasperException: No se puede compilar la clase para JSP: 

Ha tenido lugar un error en la línea: [14] en el fichero java generado: [C:\Users\Emi Chiófalo\Documents\TUP-UTN\SEMESTRE 3\PROG3\PROYECTOS EJEMPLO\apache-tomcat-7.0.104-windows-x86\apache-tomcat-7\work\Catalina\localhost\apprest\org\apache\jsp\index_jsp.java]
Only a type can be imported. com.utn.managers.AgendaManager resolves to a package

Ha tenido lugar un error en la línea: [16] en el fichero java generado: [C:\Users\Emi Chiófalo\Documents\TUP-UTN\SEMESTRE 3\PROG3\PROYECTOS EJEMPLO\apache-tomcat-7.0.104-windows-x86\apache-tomcat-7\work\Catalina\localhost\apprest\org\apache\jsp\index_jsp.java]
Only a type can be imported. com.utn.apprest.AgendaRest resolves to a package

Ha tenido lugar un error en la línea: [19] en el fichero java generado: [C:\Users\Emi Chiófalo\Documents\TUP-UTN\SEMESTRE 3\PROG3\PROYECTOS EJEMPLO\apache-tomcat-7.0.104-windows-x86\apache-tomcat-7\work\Catalina\localhost\apprest\org\apache\jsp\index_jsp.java]
Only a type can be imported. com.utn.modelo.Agenda resolves to a package

Stacktrace:
	at org.apache.jasper.compiler.DefaultErrorHandler.javacError(DefaultErrorHandler.java:103)
	at org.apache.jasper.compiler.ErrorDispatcher.javacError(ErrorDispatcher.java:392)
	at org.apache.jasper.compiler.JDTCompiler.generateClass(JDTCompiler.java:594)
	at org.apache.jasper.compiler.Compiler.compile(Compiler.java:400)
	at org.apache.jasper.compiler.Compiler.compile(Compiler.java:370)
	at org.apache.jasper.compiler.Compiler.compile(Compiler.java:354)
	at org.apache.jasper.JspCompilationContext.compile(JspCompilationContext.java:660)
	at org.apache.jasper.servlet.JspServletWrapper.service(JspServletWrapper.java:400)
	at org.apache.jasper.servlet.JspServlet.serviceJspFile(JspServlet.java:395)
	at org.apache.jasper.servlet.JspServlet.service(JspServlet.java:339)
	at javax.servlet.http.HttpServlet.service(HttpServlet.java:728)
	at org.apache.catalina.core.ApplicationFilterChain.internalDoFilter(ApplicationFilterChain.java:303)
	at org.apache.catalina.core.ApplicationFilterChain.doFilter(ApplicationFilterChain.java:208)
	at org.apache.tomcat.websocket.server.WsFilter.doFilter(WsFilter.java:52)
	at org.apache.catalina.core.ApplicationFilterChain.internalDoFilter(ApplicationFilterChain.java:241)
	at org.apache.catalina.core.ApplicationFilterChain.doFilter(ApplicationFilterChain.java:208)
	at org.apache.catalina.core.StandardWrapperValve.invoke(StandardWrapperValve.java:219)
	at org.apache.catalina.core.StandardContextValve.invoke(StandardContextValve.java:110)
	at org.apache.catalina.authenticator.AuthenticatorBase.invoke(AuthenticatorBase.java:492)
	at org.apache.catalina.core.StandardHostValve.invoke(StandardHostValve.java:165)
	at org.apache.catalina.valves.ErrorReportValve.invoke(ErrorReportValve.java:104)
	at org.apache.catalina.valves.AccessLogValve.invoke(AccessLogValve.java:1025)
	at org.apache.catalina.core.StandardEngineValve.invoke(StandardEngineValve.java:116)
	at org.apache.catalina.connector.CoyoteAdapter.service(CoyoteAdapter.java:452)
	at org.apache.coyote.http11.AbstractHttp11Processor.process(AbstractHttp11Processor.java:1201)
	at org.apache.coyote.AbstractProtocol$AbstractConnectionHandler.process(AbstractProtocol.java:654)
	at org.apache.tomcat.util.net.JIoEndpoint$SocketProcessor.run(JIoEndpoint.java:319)
	at java.base/java.util.concurrent.ThreadPoolExecutor.runWorker(ThreadPoolExecutor.java:1130)
	at java.base/java.util.concurrent.ThreadPoolExecutor$Worker.run(ThreadPoolExecutor.java:630)
	at org.apache.tomcat.util.threads.TaskThread$WrappingRunnable.run(TaskThread.java:61)
	at java.base/java.lang.Thread.run(Thread.java:831)

nov 20, 2022 7:01:07 P. M. org.apache.catalina.core.StandardWrapperValve invoke
SEVERE: El Servlet.service() para el servlet [jsp] en el contexto con ruta [/apprest] lanzó la excepción [No se puede compilar la clase para JSP: 

Ha tenido lugar un error en la línea: [14] en el fichero java generado: [C:\Users\Emi Chiófalo\Documents\TUP-UTN\SEMESTRE 3\PROG3\PROYECTOS EJEMPLO\apache-tomcat-7.0.104-windows-x86\apache-tomcat-7\work\Catalina\localhost\apprest\org\apache\jsp\index_jsp.java]
Only a type can be imported. com.utn.managers.PaisManager resolves to a package

Ha tenido lugar un error en la línea: [16] en el fichero java generado: [C:\Users\Emi Chiófalo\Documents\TUP-UTN\SEMESTRE 3\PROG3\PROYECTOS EJEMPLO\apache-tomcat-7.0.104-windows-x86\apache-tomcat-7\work\Catalina\localhost\apprest\org\apache\jsp\index_jsp.java]
Only a type can be imported. com.utn.apprest.PaisRest resolves to a package

Ha tenido lugar un error en la línea: [19] en el fichero java generado: [C:\Users\Emi Chiófalo\Documents\TUP-UTN\SEMESTRE 3\PROG3\PROYECTOS EJEMPLO\apache-tomcat-7.0.104-windows-x86\apache-tomcat-7\work\Catalina\localhost\apprest\org\apache\jsp\index_jsp.java]
Only a type can be imported. com.utn.modelo.Pais resolves to a package

Stacktrace:] con causa raíz
org.apache.jasper.JasperException: No se puede compilar la clase para JSP: 

Ha tenido lugar un error en la línea: [14] en el fichero java generado: [C:\Users\Emi Chiófalo\Documents\TUP-UTN\SEMESTRE 3\PROG3\PROYECTOS EJEMPLO\apache-tomcat-7.0.104-windows-x86\apache-tomcat-7\work\Catalina\localhost\apprest\org\apache\jsp\index_jsp.java]
Only a type can be imported. com.utn.managers.PaisManager resolves to a package

Ha tenido lugar un error en la línea: [16] en el fichero java generado: [C:\Users\Emi Chiófalo\Documents\TUP-UTN\SEMESTRE 3\PROG3\PROYECTOS EJEMPLO\apache-tomcat-7.0.104-windows-x86\apache-tomcat-7\work\Catalina\localhost\apprest\org\apache\jsp\index_jsp.java]
Only a type can be imported. com.utn.apprest.PaisRest resolves to a package

Ha tenido lugar un error en la línea: [19] en el fichero java generado: [C:\Users\Emi Chiófalo\Documents\TUP-UTN\SEMESTRE 3\PROG3\PROYECTOS EJEMPLO\apache-tomcat-7.0.104-windows-x86\apache-tomcat-7\work\Catalina\localhost\apprest\org\apache\jsp\index_jsp.java]
Only a type can be imported. com.utn.modelo.Pais resolves to a package

Stacktrace:
	at org.apache.jasper.compiler.DefaultErrorHandler.javacError(DefaultErrorHandler.java:103)
	at org.apache.jasper.compiler.ErrorDispatcher.javacError(ErrorDispatcher.java:392)
	at org.apache.jasper.compiler.JDTCompiler.generateClass(JDTCompiler.java:594)
	at org.apache.jasper.compiler.Compiler.compile(Compiler.java:400)
	at org.apache.jasper.compiler.Compiler.compile(Compiler.java:370)
	at org.apache.jasper.compiler.Compiler.compile(Compiler.java:354)
	at org.apache.jasper.JspCompilationContext.compile(JspCompilationContext.java:660)
	at org.apache.jasper.servlet.JspServletWrapper.service(JspServletWrapper.java:400)
	at org.apache.jasper.servlet.JspServlet.serviceJspFile(JspServlet.java:395)
	at org.apache.jasper.servlet.JspServlet.service(JspServlet.java:339)
	at javax.servlet.http.HttpServlet.service(HttpServlet.java:728)
	at org.apache.catalina.core.ApplicationFilterChain.internalDoFilter(ApplicationFilterChain.java:303)
	at org.apache.catalina.core.ApplicationFilterChain.doFilter(ApplicationFilterChain.java:208)
	at org.apache.tomcat.websocket.server.WsFilter.doFilter(WsFilter.java:52)
	at org.apache.catalina.core.ApplicationFilterChain.internalDoFilter(ApplicationFilterChain.java:241)
	at org.apache.catalina.core.ApplicationFilterChain.doFilter(ApplicationFilterChain.java:208)
	at org.apache.catalina.core.StandardWrapperValve.invoke(StandardWrapperValve.java:219)
	at org.apache.catalina.core.StandardContextValve.invoke(StandardContextValve.java:110)
	at org.apache.catalina.authenticator.AuthenticatorBase.invoke(AuthenticatorBase.java:492)
	at org.apache.catalina.core.StandardHostValve.invoke(StandardHostValve.java:165)
	at org.apache.catalina.valves.ErrorReportValve.invoke(ErrorReportValve.java:104)
	at org.apache.catalina.valves.AccessLogValve.invoke(AccessLogValve.java:1025)
	at org.apache.catalina.core.StandardEngineValve.invoke(StandardEngineValve.java:116)
	at org.apache.catalina.connector.CoyoteAdapter.service(CoyoteAdapter.java:452)
	at org.apache.coyote.http11.AbstractHttp11Processor.process(AbstractHttp11Processor.java:1201)
	at org.apache.coyote.AbstractProtocol$AbstractConnectionHandler.process(AbstractProtocol.java:654)
	at org.apache.tomcat.util.net.JIoEndpoint$SocketProcessor.run(JIoEndpoint.java:319)
	at java.base/java.util.concurrent.ThreadPoolExecutor.runWorker(ThreadPoolExecutor.java:1130)
	at java.base/java.util.concurrent.ThreadPoolExecutor$Worker.run(ThreadPoolExecutor.java:630)
	at org.apache.tomcat.util.threads.TaskThread$WrappingRunnable.run(TaskThread.java:61)
	at java.base/java.lang.Thread.run(Thread.java:831)

nov 20, 2022 7:27:06 P. M. org.apache.catalina.core.ApplicationContext log
INFO: SessionListener: contextDestroyed()
nov 20, 2022 7:27:06 P. M. org.apache.catalina.core.ApplicationContext log
INFO: ContextListener: contextDestroyed()
