nov 20, 2022 11:17:26 A. M. org.apache.catalina.core.ApplicationContext log
INFO: Manager: list: Listing contexts for virtual host 'localhost'
nov 20, 2022 11:17:28 A. M. org.apache.catalina.core.ApplicationContext log
INFO: Manager: list: Listing contexts for virtual host 'localhost'
nov 20, 2022 11:17:28 A. M. org.apache.catalina.core.ApplicationContext log
INFO: Manager: list: Listing contexts for virtual host 'localhost'
nov 20, 2022 11:17:28 A. M. org.apache.catalina.core.ApplicationContext log
INFO: Manager: undeploy: Undeploying web application at '/apprest'
nov 20, 2022 11:17:28 A. M. org.apache.catalina.core.ApplicationContext log
INFO: Manager: install: Installing context configuration at 'file:/C:/Users/EMICHI~1/AppData/Local/Temp/context5767252525791208808.xml'
nov 20, 2022 11:17:34 A. M. org.apache.catalina.core.ApplicationContext log
INFO: Manager: start: Starting web application '/apprest'
nov 20, 2022 11:17:52 A. M. org.apache.catalina.core.ApplicationContext log
INFO: Manager: list: Listing contexts for virtual host 'localhost'
nov 20, 2022 11:19:07 A. M. org.apache.catalina.core.ApplicationContext log
INFO: Manager: list: Listing contexts for virtual host 'localhost'
nov 20, 2022 11:22:53 A. M. org.apache.catalina.core.ApplicationContext log
INFO: Manager: list: Listing contexts for virtual host 'localhost'
nov 20, 2022 11:23:07 A. M. org.apache.catalina.core.ApplicationContext log
INFO: Manager: list: Listing contexts for virtual host 'localhost'
nov 20, 2022 11:23:17 A. M. org.apache.catalina.core.ApplicationContext log
INFO: Manager: list: Listing contexts for virtual host 'localhost'
nov 20, 2022 11:23:32 A. M. org.apache.catalina.core.ApplicationContext log
INFO: Manager: list: Listing contexts for virtual host 'localhost'
nov 20, 2022 11:25:15 A. M. org.apache.catalina.core.ApplicationContext log
INFO: Manager: list: Listing contexts for virtual host 'localhost'
nov 20, 2022 11:27:05 A. M. org.apache.catalina.core.ApplicationContext log
INFO: Manager: list: Listing contexts for virtual host 'localhost'
nov 20, 2022 11:30:50 A. M. org.apache.catalina.core.ApplicationContext log
INFO: Manager: list: Listing contexts for virtual host 'localhost'
nov 20, 2022 11:30:50 A. M. org.apache.catalina.core.ApplicationContext log
INFO: Manager: restart: Reloading web application '/apprest'
nov 20, 2022 11:30:53 A. M. org.apache.catalina.core.ApplicationContext log
INFO: Manager: list: Listing contexts for virtual host 'localhost'
nov 20, 2022 11:30:53 A. M. org.apache.catalina.core.ApplicationContext log
INFO: Manager: restart: Reloading web application '/apprest'
nov 20, 2022 11:31:03 A. M. org.apache.catalina.core.ApplicationContext log
INFO: Manager: list: Listing contexts for virtual host 'localhost'
nov 20, 2022 11:31:03 A. M. org.apache.catalina.core.ApplicationContext log
INFO: Manager: restart: Reloading web application '/apprest'
nov 20, 2022 11:31:09 A. M. org.apache.catalina.core.ApplicationContext log
INFO: Manager: list: Listing contexts for virtual host 'localhost'
nov 20, 2022 11:31:09 A. M. org.apache.catalina.core.ApplicationContext log
INFO: Manager: restart: Reloading web application '/apprest'
nov 20, 2022 11:31:21 A. M. org.apache.catalina.core.ApplicationContext log
INFO: Manager: list: Listing contexts for virtual host 'localhost'
nov 20, 2022 11:31:35 A. M. org.apache.catalina.core.ApplicationContext log
INFO: Manager: list: Listing contexts for virtual host 'localhost'
nov 20, 2022 11:31:35 A. M. org.apache.catalina.core.ApplicationContext log
INFO: Manager: restart: Reloading web application '/apprest'
nov 20, 2022 11:31:43 A. M. org.apache.catalina.core.ApplicationContext log
INFO: Manager: list: Listing contexts for virtual host 'localhost'
nov 20, 2022 11:35:08 A. M. org.apache.catalina.core.ApplicationContext log
INFO: Manager: list: Listing contexts for virtual host 'localhost'
nov 20, 2022 11:36:02 A. M. org.apache.catalina.core.ApplicationContext log
INFO: Manager: list: Listing contexts for virtual host 'localhost'
nov 20, 2022 11:36:20 A. M. org.apache.catalina.core.ApplicationContext log
INFO: Manager: list: Listing contexts for virtual host 'localhost'
nov 20, 2022 11:36:32 A. M. org.apache.catalina.core.ApplicationContext log
INFO: Manager: list: Listing contexts for virtual host 'localhost'
nov 20, 2022 11:36:37 A. M. org.apache.catalina.core.ApplicationContext log
INFO: Manager: list: Listing contexts for virtual host 'localhost'
nov 20, 2022 11:36:37 A. M. org.apache.catalina.core.ApplicationContext log
INFO: Manager: list: Listing contexts for virtual host 'localhost'
nov 20, 2022 11:36:37 A. M. org.apache.catalina.core.ApplicationContext log
INFO: Manager: undeploy: Undeploying web application at '/apprest'
nov 20, 2022 11:36:38 A. M. org.apache.catalina.core.ApplicationContext log
INFO: Manager: install: Installing context configuration at 'file:/C:/Users/EMICHI~1/AppData/Local/Temp/context17366749118165541950.xml'
nov 20, 2022 11:36:40 A. M. org.apache.catalina.core.ApplicationContext log
INFO: Manager: start: Starting web application '/apprest'
nov 20, 2022 11:38:24 A. M. org.apache.catalina.core.ApplicationContext log
INFO: Manager: list: Listing contexts for virtual host 'localhost'
nov 20, 2022 11:38:29 A. M. org.apache.catalina.core.ApplicationContext log
INFO: Manager: list: Listing contexts for virtual host 'localhost'
nov 20, 2022 11:38:29 A. M. org.apache.catalina.core.ApplicationContext log
INFO: Manager: list: Listing contexts for virtual host 'localhost'
nov 20, 2022 11:38:29 A. M. org.apache.catalina.core.ApplicationContext log
INFO: Manager: undeploy: Undeploying web application at '/apprest'
nov 20, 2022 11:38:29 A. M. org.apache.catalina.core.ApplicationContext log
INFO: Manager: install: Installing context configuration at 'file:/C:/Users/EMICHI~1/AppData/Local/Temp/context6176875469895480943.xml'
nov 20, 2022 11:38:31 A. M. org.apache.catalina.core.ApplicationContext log
INFO: Manager: start: Starting web application '/apprest'
nov 20, 2022 11:39:31 A. M. org.apache.catalina.core.ApplicationContext log
INFO: Manager: list: Listing contexts for virtual host 'localhost'
nov 20, 2022 11:39:53 A. M. org.apache.catalina.core.ApplicationContext log
INFO: Manager: list: Listing contexts for virtual host 'localhost'
nov 20, 2022 11:39:53 A. M. org.apache.catalina.core.ApplicationContext log
INFO: Manager: list: Listing contexts for virtual host 'localhost'
nov 20, 2022 11:39:53 A. M. org.apache.catalina.core.ApplicationContext log
INFO: Manager: undeploy: Undeploying web application at '/apprest'
nov 20, 2022 11:39:54 A. M. org.apache.catalina.core.ApplicationContext log
INFO: Manager: install: Installing context configuration at 'file:/C:/Users/EMICHI~1/AppData/Local/Temp/context1611145216187868639.xml'
nov 20, 2022 11:39:56 A. M. org.apache.catalina.core.ApplicationContext log
INFO: Manager: start: Starting web application '/apprest'
nov 20, 2022 11:47:42 A. M. org.apache.catalina.core.ApplicationContext log
INFO: Manager: list: Listing contexts for virtual host 'localhost'
nov 20, 2022 11:47:42 A. M. org.apache.catalina.core.ApplicationContext log
INFO: Manager: restart: Reloading web application '/apprest'
nov 20, 2022 11:48:24 A. M. org.apache.catalina.core.ApplicationContext log
INFO: Manager: list: Listing contexts for virtual host 'localhost'
nov 20, 2022 11:48:24 A. M. org.apache.catalina.core.ApplicationContext log
INFO: Manager: restart: Reloading web application '/apprest'
nov 20, 2022 11:49:53 A. M. org.apache.catalina.core.ApplicationContext log
INFO: Manager: list: Listing contexts for virtual host 'localhost'
nov 20, 2022 11:50:34 A. M. org.apache.catalina.core.ApplicationContext log
INFO: Manager: list: Listing contexts for virtual host 'localhost'
nov 20, 2022 11:50:34 A. M. org.apache.catalina.core.ApplicationContext log
INFO: Manager: list: Listing contexts for virtual host 'localhost'
nov 20, 2022 11:50:34 A. M. org.apache.catalina.core.ApplicationContext log
INFO: Manager: undeploy: Undeploying web application at '/apprest'
nov 20, 2022 11:50:34 A. M. org.apache.catalina.core.ApplicationContext log
INFO: Manager: install: Installing context configuration at 'file:/C:/Users/EMICHI~1/AppData/Local/Temp/context3633254196252308976.xml'
nov 20, 2022 11:50:37 A. M. org.apache.catalina.core.ApplicationContext log
INFO: Manager: start: Starting web application '/apprest'
nov 20, 2022 11:55:54 A. M. org.apache.catalina.core.ApplicationContext log
INFO: Manager: list: Listing contexts for virtual host 'localhost'
nov 20, 2022 11:56:07 A. M. org.apache.catalina.core.ApplicationContext log
INFO: Manager: list: Listing contexts for virtual host 'localhost'
nov 20, 2022 11:56:07 A. M. org.apache.catalina.core.ApplicationContext log
INFO: Manager: list: Listing contexts for virtual host 'localhost'
nov 20, 2022 11:56:07 A. M. org.apache.catalina.core.ApplicationContext log
INFO: Manager: undeploy: Undeploying web application at '/apprest'
nov 20, 2022 11:56:08 A. M. org.apache.catalina.core.ApplicationContext log
INFO: Manager: install: Installing context configuration at 'file:/C:/Users/EMICHI~1/AppData/Local/Temp/context13408760504526437137.xml'
nov 20, 2022 11:56:10 A. M. org.apache.catalina.core.ApplicationContext log
INFO: Manager: start: Starting web application '/apprest'
nov 20, 2022 11:56:48 A. M. org.apache.catalina.core.ApplicationContext log
INFO: Manager: list: Listing contexts for virtual host 'localhost'
nov 20, 2022 11:57:26 A. M. org.apache.catalina.core.ApplicationContext log
INFO: Manager: list: Listing contexts for virtual host 'localhost'
nov 20, 2022 11:59:28 A. M. org.apache.catalina.core.ApplicationContext log
INFO: Manager: list: Listing contexts for virtual host 'localhost'
nov 20, 2022 11:59:28 A. M. org.apache.catalina.core.ApplicationContext log
INFO: Manager: restart: Reloading web application '/apprest'
nov 20, 2022 11:59:32 A. M. org.apache.catalina.core.ApplicationContext log
INFO: Manager: list: Listing contexts for virtual host 'localhost'
nov 20, 2022 11:59:32 A. M. org.apache.catalina.core.ApplicationContext log
INFO: Manager: restart: Reloading web application '/apprest'
nov 20, 2022 12:00:16 P. M. org.apache.catalina.core.ApplicationContext log
INFO: Manager: list: Listing contexts for virtual host 'localhost'
nov 20, 2022 12:00:16 P. M. org.apache.catalina.core.ApplicationContext log
INFO: Manager: restart: Reloading web application '/apprest'
nov 20, 2022 12:00:21 P. M. org.apache.catalina.core.ApplicationContext log
INFO: Manager: list: Listing contexts for virtual host 'localhost'
nov 20, 2022 12:00:21 P. M. org.apache.catalina.core.ApplicationContext log
INFO: Manager: restart: Reloading web application '/apprest'
nov 20, 2022 12:00:58 P. M. org.apache.catalina.core.ApplicationContext log
INFO: Manager: list: Listing contexts for virtual host 'localhost'
nov 20, 2022 12:01:59 P. M. org.apache.catalina.core.ApplicationContext log
INFO: Manager: list: Listing contexts for virtual host 'localhost'
nov 20, 2022 12:08:59 P. M. org.apache.catalina.core.ApplicationContext log
INFO: Manager: list: Listing contexts for virtual host 'localhost'
nov 20, 2022 12:11:13 P. M. org.apache.catalina.core.ApplicationContext log
INFO: Manager: list: Listing contexts for virtual host 'localhost'
nov 20, 2022 12:17:54 P. M. org.apache.catalina.core.ApplicationContext log
INFO: Manager: list: Listing contexts for virtual host 'localhost'
nov 20, 2022 12:19:03 P. M. org.apache.catalina.core.ApplicationContext log
INFO: Manager: list: Listing contexts for virtual host 'localhost'
nov 20, 2022 12:19:59 P. M. org.apache.catalina.core.ApplicationContext log
INFO: Manager: list: Listing contexts for virtual host 'localhost'
nov 20, 2022 12:21:30 P. M. org.apache.catalina.core.ApplicationContext log
INFO: Manager: list: Listing contexts for virtual host 'localhost'
nov 20, 2022 12:21:30 P. M. org.apache.catalina.core.ApplicationContext log
INFO: Manager: restart: Reloading web application '/apprest'
nov 20, 2022 12:21:55 P. M. org.apache.catalina.core.ApplicationContext log
INFO: Manager: list: Listing contexts for virtual host 'localhost'
nov 20, 2022 12:21:55 P. M. org.apache.catalina.core.ApplicationContext log
INFO: Manager: restart: Reloading web application '/apprest'
nov 20, 2022 4:20:07 P. M. org.apache.catalina.core.ApplicationContext log
INFO: Manager: list: Listing contexts for virtual host 'localhost'
nov 20, 2022 4:20:07 P. M. org.apache.catalina.core.ApplicationContext log
INFO: Manager: restart: Reloading web application '/apprest'
nov 20, 2022 4:20:11 P. M. org.apache.catalina.core.ApplicationContext log
INFO: Manager: list: Listing contexts for virtual host 'localhost'
nov 20, 2022 4:20:11 P. M. org.apache.catalina.core.ApplicationContext log
INFO: Manager: restart: Reloading web application '/apprest'
nov 20, 2022 4:22:18 P. M. org.apache.catalina.core.ApplicationContext log
INFO: Manager: list: Listing contexts for virtual host 'localhost'
nov 20, 2022 4:22:18 P. M. org.apache.catalina.core.ApplicationContext log
INFO: Manager: undeploy: Undeploying web application at '/apprest'
nov 20, 2022 4:22:19 P. M. org.apache.catalina.core.ApplicationContext log
INFO: Manager: install: Installing context configuration at 'file:/C:/Users/EMICHI~1/AppData/Local/Temp/context4047436518617079198.xml'
nov 20, 2022 4:22:22 P. M. org.apache.catalina.core.ApplicationContext log
INFO: Manager: start: Starting web application '/apprest'
nov 20, 2022 4:26:09 P. M. org.apache.catalina.core.ApplicationContext log
INFO: Manager: list: Listing contexts for virtual host 'localhost'
nov 20, 2022 4:26:09 P. M. org.apache.catalina.core.ApplicationContext log
INFO: Manager: undeploy: Undeploying web application at '/apprest'
nov 20, 2022 4:26:09 P. M. org.apache.catalina.core.ApplicationContext log
INFO: Manager: install: Installing context configuration at 'file:/C:/Users/EMICHI~1/AppData/Local/Temp/context10474228231683790233.xml'
nov 20, 2022 4:47:43 P. M. org.apache.catalina.core.ApplicationContext log
INFO: Manager: list: Listing contexts for virtual host 'localhost'
nov 20, 2022 4:47:43 P. M. org.apache.catalina.core.ApplicationContext log
INFO: Manager: undeploy: Undeploying web application at '/Parcial2JSP_Prog3_Chiofalo'
nov 20, 2022 5:25:30 P. M. org.apache.catalina.core.ApplicationContext log
INFO: Manager: list: Listing contexts for virtual host 'localhost'
nov 20, 2022 5:25:30 P. M. org.apache.catalina.core.ApplicationContext log
INFO: Manager: list: Listing contexts for virtual host 'localhost'
nov 20, 2022 5:25:30 P. M. org.apache.catalina.core.ApplicationContext log
INFO: Manager: undeploy: Undeploying web application at '/apprest'
nov 20, 2022 5:25:30 P. M. org.apache.catalina.core.ApplicationContext log
INFO: Manager: install: Installing context configuration at 'file:/C:/Users/EMICHI~1/AppData/Local/Temp/context3737916979079475687.xml'
nov 20, 2022 5:25:34 P. M. org.apache.catalina.core.ApplicationContext log
INFO: Manager: start: Starting web application '/apprest'
nov 20, 2022 5:26:51 P. M. org.apache.catalina.core.ApplicationContext log
INFO: Manager: list: Listing contexts for virtual host 'localhost'
nov 20, 2022 5:26:51 P. M. org.apache.catalina.core.ApplicationContext log
INFO: Manager: undeploy: Undeploying web application at '/'
nov 20, 2022 5:27:41 P. M. org.apache.catalina.core.ApplicationContext log
INFO: Manager: list: Listing contexts for virtual host 'localhost'
nov 20, 2022 5:27:41 P. M. org.apache.catalina.core.ApplicationContext log
INFO: Manager: list: Listing contexts for virtual host 'localhost'
nov 20, 2022 5:30:34 P. M. org.apache.catalina.core.ApplicationContext log
INFO: Manager: list: Listing contexts for virtual host 'localhost'
nov 20, 2022 5:30:34 P. M. org.apache.catalina.core.ApplicationContext log
INFO: Manager: list: Listing contexts for virtual host 'localhost'
nov 20, 2022 5:31:51 P. M. org.apache.catalina.core.ApplicationContext log
INFO: Manager: list: Listing contexts for virtual host 'localhost'
nov 20, 2022 5:31:51 P. M. org.apache.catalina.core.ApplicationContext log
INFO: Manager: list: Listing contexts for virtual host 'localhost'
nov 20, 2022 5:33:57 P. M. org.apache.catalina.core.ApplicationContext log
INFO: Manager: list: Listing contexts for virtual host 'localhost'
nov 20, 2022 5:33:57 P. M. org.apache.catalina.core.ApplicationContext log
INFO: Manager: list: Listing contexts for virtual host 'localhost'
nov 20, 2022 5:34:03 P. M. org.apache.catalina.core.ApplicationContext log
INFO: Manager: list: Listing contexts for virtual host 'localhost'
nov 20, 2022 5:34:03 P. M. org.apache.catalina.core.ApplicationContext log
INFO: Manager: list: Listing contexts for virtual host 'localhost'
nov 20, 2022 5:34:03 P. M. org.apache.catalina.core.ApplicationContext log
INFO: Manager: install: Installing context configuration at 'file:/C:/Users/EMICHI~1/AppData/Local/Temp/context7069096225894045966.xml'
nov 20, 2022 5:34:05 P. M. org.apache.catalina.core.ApplicationContext log
INFO: Manager: start: Starting web application '/'
nov 20, 2022 5:34:06 P. M. org.apache.catalina.core.ApplicationContext log
INFO: Manager: list: Listing contexts for virtual host 'localhost'
nov 20, 2022 5:34:06 P. M. org.apache.catalina.core.ApplicationContext log
INFO: Manager: restart: Reloading web application '/'
nov 20, 2022 5:38:26 P. M. org.apache.catalina.core.ApplicationContext log
INFO: Manager: list: Listing contexts for virtual host 'localhost'
nov 20, 2022 5:38:26 P. M. org.apache.catalina.core.ApplicationContext log
INFO: Manager: restart: Reloading web application '/'
nov 20, 2022 5:39:50 P. M. org.apache.catalina.core.ApplicationContext log
INFO: Manager: list: Listing contexts for virtual host 'localhost'
nov 20, 2022 5:39:50 P. M. org.apache.catalina.core.ApplicationContext log
INFO: Manager: restart: Reloading web application '/'
nov 20, 2022 5:40:33 P. M. org.apache.catalina.core.ApplicationContext log
INFO: Manager: list: Listing contexts for virtual host 'localhost'
nov 20, 2022 5:40:33 P. M. org.apache.catalina.core.ApplicationContext log
INFO: Manager: undeploy: Undeploying web application at '/'
nov 20, 2022 5:40:34 P. M. org.apache.catalina.core.ApplicationContext log
INFO: Manager: install: Installing context configuration at 'file:/C:/Users/EMICHI~1/AppData/Local/Temp/context16680513102730117113.xml'
nov 20, 2022 5:42:06 P. M. org.apache.catalina.core.ApplicationContext log
INFO: Manager: list: Listing contexts for virtual host 'localhost'
nov 20, 2022 5:42:06 P. M. org.apache.catalina.core.ApplicationContext log
INFO: Manager: restart: Reloading web application '/'
nov 20, 2022 5:42:12 P. M. org.apache.catalina.core.ApplicationContext log
INFO: Manager: list: Listing contexts for virtual host 'localhost'
nov 20, 2022 5:42:12 P. M. org.apache.catalina.core.ApplicationContext log
INFO: Manager: restart: Reloading web application '/'
nov 20, 2022 5:42:49 P. M. org.apache.catalina.core.ApplicationContext log
INFO: Manager: list: Listing contexts for virtual host 'localhost'
nov 20, 2022 5:42:49 P. M. org.apache.catalina.core.ApplicationContext log
INFO: Manager: stop: Stopping web application '/'
nov 20, 2022 5:42:49 P. M. org.apache.catalina.core.ApplicationContext log
INFO: Manager: start: Starting web application '/'
nov 20, 2022 5:42:53 P. M. org.apache.catalina.core.ApplicationContext log
INFO: Manager: list: Listing contexts for virtual host 'localhost'
nov 20, 2022 5:42:53 P. M. org.apache.catalina.core.ApplicationContext log
INFO: Manager: stop: Stopping web application '/'
nov 20, 2022 5:42:53 P. M. org.apache.catalina.core.ApplicationContext log
INFO: Manager: start: Starting web application '/'
nov 20, 2022 5:42:55 P. M. org.apache.catalina.core.ApplicationContext log
INFO: Manager: list: Listing contexts for virtual host 'localhost'
nov 20, 2022 5:42:55 P. M. org.apache.catalina.core.ApplicationContext log
INFO: Manager: stop: Stopping web application '/'
nov 20, 2022 5:42:55 P. M. org.apache.catalina.core.ApplicationContext log
INFO: Manager: start: Starting web application '/'
nov 20, 2022 5:43:02 P. M. org.apache.catalina.core.ApplicationContext log
INFO: Manager: list: Listing contexts for virtual host 'localhost'
nov 20, 2022 5:43:02 P. M. org.apache.catalina.core.ApplicationContext log
INFO: Manager: list: Listing contexts for virtual host 'localhost'
nov 20, 2022 5:43:03 P. M. org.apache.catalina.core.ApplicationContext log
INFO: Manager: undeploy: Undeploying web application at '/'
nov 20, 2022 5:43:03 P. M. org.apache.catalina.core.ApplicationContext log
INFO: Manager: install: Installing context configuration at 'file:/C:/Users/EMICHI~1/AppData/Local/Temp/context15932528994083384877.xml'
nov 20, 2022 5:43:21 P. M. org.apache.catalina.core.ApplicationContext log
INFO: Manager: list: Listing contexts for virtual host 'localhost'
nov 20, 2022 5:43:21 P. M. org.apache.catalina.core.ApplicationContext log
INFO: Manager: list: Listing contexts for virtual host 'localhost'
nov 20, 2022 5:43:21 P. M. org.apache.catalina.core.ApplicationContext log
INFO: Manager: install: Installing context configuration at 'file:/C:/Users/EMICHI~1/AppData/Local/Temp/context4131242455739528992.xml'
nov 20, 2022 5:43:21 P. M. org.apache.catalina.core.ApplicationContext log
INFO: Manager: list: Listing contexts for virtual host 'localhost'
nov 20, 2022 5:43:28 P. M. org.apache.catalina.core.ApplicationContext log
INFO: Manager: list: Listing contexts for virtual host 'localhost'
nov 20, 2022 5:43:28 P. M. org.apache.catalina.core.ApplicationContext log
INFO: Manager: list: Listing contexts for virtual host 'localhost'
nov 20, 2022 5:43:28 P. M. org.apache.catalina.core.ApplicationContext log
INFO: Manager: install: Installing context configuration at 'file:/C:/Users/EMICHI~1/AppData/Local/Temp/context11611401256263373340.xml'
nov 20, 2022 5:43:30 P. M. org.apache.catalina.core.ApplicationContext log
INFO: Manager: list: Listing contexts for virtual host 'localhost'
nov 20, 2022 5:43:56 P. M. org.apache.catalina.core.ApplicationContext log
INFO: Manager: list: Listing contexts for virtual host 'localhost'
nov 20, 2022 5:43:56 P. M. org.apache.catalina.core.ApplicationContext log
INFO: Manager: list: Listing contexts for virtual host 'localhost'
nov 20, 2022 5:43:56 P. M. org.apache.catalina.core.ApplicationContext log
INFO: Manager: install: Installing context configuration at 'file:/C:/Users/EMICHI~1/AppData/Local/Temp/context15661217293905113411.xml'
nov 20, 2022 5:44:13 P. M. org.apache.catalina.core.ApplicationContext log
INFO: Manager: list: Listing contexts for virtual host 'localhost'
nov 20, 2022 5:44:14 P. M. org.apache.catalina.core.ApplicationContext log
INFO: Manager: list: Listing contexts for virtual host 'localhost'
nov 20, 2022 5:44:14 P. M. org.apache.catalina.core.ApplicationContext log
INFO: Manager: list: Listing contexts for virtual host 'localhost'
nov 20, 2022 5:44:14 P. M. org.apache.catalina.core.ApplicationContext log
INFO: Manager: install: Installing context configuration at 'file:/C:/Users/EMICHI~1/AppData/Local/Temp/context16774386535967428805.xml'
nov 20, 2022 5:44:21 P. M. org.apache.catalina.core.ApplicationContext log
INFO: Manager: list: Listing contexts for virtual host 'localhost'
nov 20, 2022 5:44:21 P. M. org.apache.catalina.core.ApplicationContext log
INFO: Manager: list: Listing contexts for virtual host 'localhost'
nov 20, 2022 5:44:21 P. M. org.apache.catalina.core.ApplicationContext log
INFO: Manager: install: Installing context configuration at 'file:/C:/Users/EMICHI~1/AppData/Local/Temp/context11171727878080614869.xml'
nov 20, 2022 5:44:22 P. M. org.apache.catalina.core.ApplicationContext log
INFO: Manager: list: Listing contexts for virtual host 'localhost'
nov 20, 2022 5:44:47 P. M. org.apache.catalina.core.ApplicationContext log
INFO: Manager: list: Listing contexts for virtual host 'localhost'
nov 20, 2022 5:44:48 P. M. org.apache.catalina.core.ApplicationContext log
INFO: Manager: list: Listing contexts for virtual host 'localhost'
nov 20, 2022 5:44:48 P. M. org.apache.catalina.core.ApplicationContext log
INFO: Manager: list: Listing contexts for virtual host 'localhost'
nov 20, 2022 5:44:48 P. M. org.apache.catalina.core.ApplicationContext log
INFO: Manager: install: Installing context configuration at 'file:/C:/Users/EMICHI~1/AppData/Local/Temp/context6680158185724918888.xml'
nov 20, 2022 5:44:51 P. M. org.apache.catalina.core.ApplicationContext log
INFO: Manager: start: Starting web application '/apirest'
nov 20, 2022 5:45:09 P. M. org.apache.catalina.core.ApplicationContext log
INFO: Manager: list: Listing contexts for virtual host 'localhost'
nov 20, 2022 5:45:10 P. M. org.apache.catalina.core.ApplicationContext log
INFO: Manager: list: Listing contexts for virtual host 'localhost'
nov 20, 2022 5:45:10 P. M. org.apache.catalina.core.ApplicationContext log
INFO: Manager: list: Listing contexts for virtual host 'localhost'
nov 20, 2022 5:45:10 P. M. org.apache.catalina.core.ApplicationContext log
INFO: Manager: install: Installing context configuration at 'file:/C:/Users/EMICHI~1/AppData/Local/Temp/context6656972237267100014.xml'
nov 20, 2022 5:45:16 P. M. org.apache.catalina.core.ApplicationContext log
INFO: Manager: list: Listing contexts for virtual host 'localhost'
nov 20, 2022 5:45:16 P. M. org.apache.catalina.core.ApplicationContext log
INFO: Manager: list: Listing contexts for virtual host 'localhost'
nov 20, 2022 5:45:16 P. M. org.apache.catalina.core.ApplicationContext log
INFO: Manager: install: Installing context configuration at 'file:/C:/Users/EMICHI~1/AppData/Local/Temp/context16953114722654026600.xml'
nov 20, 2022 5:45:18 P. M. org.apache.catalina.core.ApplicationContext log
INFO: Manager: list: Listing contexts for virtual host 'localhost'
nov 20, 2022 5:49:14 P. M. org.apache.catalina.core.ApplicationContext log
INFO: Manager: list: Listing contexts for virtual host 'localhost'
nov 20, 2022 5:49:14 P. M. org.apache.catalina.core.ApplicationContext log
INFO: Manager: undeploy: Undeploying web application at '/apprest'
nov 20, 2022 5:49:14 P. M. org.apache.catalina.core.ApplicationContext log
INFO: Manager: install: Installing context configuration at 'file:/C:/Users/EMICHI~1/AppData/Local/Temp/context15789708854750262466.xml'
nov 20, 2022 5:49:17 P. M. org.apache.catalina.core.ApplicationContext log
INFO: Manager: start: Starting web application '/apprest'
nov 20, 2022 5:51:44 P. M. org.apache.catalina.core.ApplicationContext log
INFO: Manager: list: Listing contexts for virtual host 'localhost'
nov 20, 2022 5:51:44 P. M. org.apache.catalina.core.ApplicationContext log
INFO: Manager: restart: Reloading web application '/apprest'
nov 20, 2022 5:52:31 P. M. org.apache.catalina.core.ApplicationContext log
INFO: Manager: list: Listing contexts for virtual host 'localhost'
nov 20, 2022 5:52:32 P. M. org.apache.catalina.core.ApplicationContext log
INFO: Manager: restart: Reloading web application '/apprest'
nov 20, 2022 5:53:13 P. M. org.apache.catalina.core.ApplicationContext log
INFO: Manager: list: Listing contexts for virtual host 'localhost'
nov 20, 2022 5:53:13 P. M. org.apache.catalina.core.ApplicationContext log
INFO: Manager: restart: Reloading web application '/apprest'
nov 20, 2022 5:54:11 P. M. org.apache.catalina.core.ApplicationContext log
INFO: Manager: list: Listing contexts for virtual host 'localhost'
nov 20, 2022 5:54:11 P. M. org.apache.catalina.core.ApplicationContext log
INFO: Manager: restart: Reloading web application '/apprest'
nov 20, 2022 5:54:21 P. M. org.apache.catalina.core.ApplicationContext log
INFO: Manager: list: Listing contexts for virtual host 'localhost'
nov 20, 2022 5:54:21 P. M. org.apache.catalina.core.ApplicationContext log
INFO: Manager: restart: Reloading web application '/apprest'
nov 20, 2022 5:54:29 P. M. org.apache.catalina.core.ApplicationContext log
INFO: Manager: list: Listing contexts for virtual host 'localhost'
nov 20, 2022 5:54:30 P. M. org.apache.catalina.core.ApplicationContext log
INFO: Manager: restart: Reloading web application '/apprest'
nov 20, 2022 5:54:41 P. M. org.apache.catalina.core.ApplicationContext log
INFO: Manager: list: Listing contexts for virtual host 'localhost'
nov 20, 2022 5:56:33 P. M. org.apache.catalina.core.ApplicationContext log
INFO: Manager: list: Listing contexts for virtual host 'localhost'
nov 20, 2022 5:56:42 P. M. org.apache.catalina.core.ApplicationContext log
INFO: Manager: list: Listing contexts for virtual host 'localhost'
nov 20, 2022 5:56:43 P. M. org.apache.catalina.core.ApplicationContext log
INFO: Manager: list: Listing contexts for virtual host 'localhost'
nov 20, 2022 5:57:17 P. M. org.apache.catalina.core.ApplicationContext log
INFO: Manager: list: Listing contexts for virtual host 'localhost'
nov 20, 2022 5:57:17 P. M. org.apache.catalina.core.ApplicationContext log
INFO: Manager: list: Listing contexts for virtual host 'localhost'
nov 20, 2022 5:58:05 P. M. org.apache.catalina.core.ApplicationContext log
INFO: Manager: list: Listing contexts for virtual host 'localhost'
nov 20, 2022 5:58:06 P. M. org.apache.catalina.core.ApplicationContext log
INFO: Manager: list: Listing contexts for virtual host 'localhost'
nov 20, 2022 5:58:34 P. M. org.apache.catalina.core.ApplicationContext log
INFO: Manager: list: Listing contexts for virtual host 'localhost'
nov 20, 2022 5:59:10 P. M. org.apache.catalina.core.ApplicationContext log
INFO: Manager: list: Listing contexts for virtual host 'localhost'
nov 20, 2022 5:59:10 P. M. org.apache.catalina.core.ApplicationContext log
INFO: Manager: list: Listing contexts for virtual host 'localhost'
nov 20, 2022 5:59:10 P. M. org.apache.catalina.core.ApplicationContext log
INFO: Manager: undeploy: Undeploying web application at '/apprest'
nov 20, 2022 5:59:11 P. M. org.apache.catalina.core.ApplicationContext log
INFO: Manager: install: Installing context configuration at 'file:/C:/Users/EMICHI~1/AppData/Local/Temp/context17993030692091005198.xml'
nov 20, 2022 5:59:13 P. M. org.apache.catalina.core.ApplicationContext log
INFO: Manager: start: Starting web application '/apprest'
nov 20, 2022 5:59:45 P. M. org.apache.catalina.core.ApplicationContext log
INFO: Manager: list: Listing contexts for virtual host 'localhost'
nov 20, 2022 6:00:32 P. M. org.apache.catalina.core.ApplicationContext log
INFO: Manager: list: Listing contexts for virtual host 'localhost'
nov 20, 2022 6:02:54 P. M. org.apache.catalina.core.ApplicationContext log
INFO: Manager: list: Listing contexts for virtual host 'localhost'
nov 20, 2022 6:04:30 P. M. org.apache.catalina.core.ApplicationContext log
INFO: Manager: list: Listing contexts for virtual host 'localhost'
nov 20, 2022 6:08:10 P. M. org.apache.catalina.core.ApplicationContext log
INFO: Manager: list: Listing contexts for virtual host 'localhost'
nov 20, 2022 6:08:12 P. M. org.apache.catalina.core.ApplicationContext log
INFO: Manager: list: Listing contexts for virtual host 'localhost'
nov 20, 2022 6:09:14 P. M. org.apache.catalina.core.ApplicationContext log
INFO: Manager: list: Listing contexts for virtual host 'localhost'
nov 20, 2022 6:09:38 P. M. org.apache.catalina.core.ApplicationContext log
INFO: Manager: list: Listing contexts for virtual host 'localhost'
nov 20, 2022 6:10:00 P. M. org.apache.catalina.core.ApplicationContext log
INFO: Manager: list: Listing contexts for virtual host 'localhost'
nov 20, 2022 6:10:11 P. M. org.apache.catalina.core.ApplicationContext log
INFO: Manager: list: Listing contexts for virtual host 'localhost'
nov 20, 2022 6:11:21 P. M. org.apache.catalina.core.ApplicationContext log
INFO: Manager: list: Listing contexts for virtual host 'localhost'
nov 20, 2022 6:12:17 P. M. org.apache.catalina.core.ApplicationContext log
INFO: Manager: list: Listing contexts for virtual host 'localhost'
nov 20, 2022 6:13:23 P. M. org.apache.catalina.core.ApplicationContext log
INFO: Manager: list: Listing contexts for virtual host 'localhost'
nov 20, 2022 6:13:50 P. M. org.apache.catalina.core.ApplicationContext log
INFO: Manager: list: Listing contexts for virtual host 'localhost'
nov 20, 2022 7:01:03 P. M. org.apache.catalina.core.ApplicationContext log
INFO: Manager: list: Listing contexts for virtual host 'localhost'
nov 20, 2022 7:01:03 P. M. org.apache.catalina.core.ApplicationContext log
INFO: Manager: undeploy: Undeploying web application at '/apprest'
nov 20, 2022 7:01:04 P. M. org.apache.catalina.core.ApplicationContext log
INFO: Manager: install: Installing context configuration at 'file:/C:/Users/EMICHI~1/AppData/Local/Temp/context9969434582769706424.xml'
nov 20, 2022 7:01:07 P. M. org.apache.catalina.core.ApplicationContext log
INFO: Manager: start: Starting web application '/apprest'
nov 20, 2022 7:01:36 P. M. org.apache.catalina.core.ApplicationContext log
INFO: Manager: list: Listing contexts for virtual host 'localhost'
nov 20, 2022 7:01:40 P. M. org.apache.catalina.core.ApplicationContext log
INFO: Manager: list: Listing contexts for virtual host 'localhost'
nov 20, 2022 7:01:40 P. M. org.apache.catalina.core.ApplicationContext log
INFO: Manager: list: Listing contexts for virtual host 'localhost'
nov 20, 2022 7:01:40 P. M. org.apache.catalina.core.ApplicationContext log
INFO: Manager: undeploy: Undeploying web application at '/apprest'
nov 20, 2022 7:01:41 P. M. org.apache.catalina.core.ApplicationContext log
INFO: Manager: install: Installing context configuration at 'file:/C:/Users/EMICHI~1/AppData/Local/Temp/context13832190508651795134.xml'
nov 20, 2022 7:01:44 P. M. org.apache.catalina.core.ApplicationContext log
INFO: Manager: start: Starting web application '/apprest'
nov 20, 2022 7:02:42 P. M. org.apache.catalina.core.ApplicationContext log
INFO: Manager: list: Listing contexts for virtual host 'localhost'
nov 20, 2022 7:02:42 P. M. org.apache.catalina.core.ApplicationContext log
INFO: Manager: restart: Reloading web application '/apprest'
nov 20, 2022 7:04:11 P. M. org.apache.catalina.core.ApplicationContext log
INFO: Manager: list: Listing contexts for virtual host 'localhost'
nov 20, 2022 7:04:25 P. M. org.apache.catalina.core.ApplicationContext log
INFO: Manager: list: Listing contexts for virtual host 'localhost'
nov 20, 2022 7:05:05 P. M. org.apache.catalina.core.ApplicationContext log
INFO: Manager: list: Listing contexts for virtual host 'localhost'
nov 20, 2022 7:05:18 P. M. org.apache.catalina.core.ApplicationContext log
INFO: Manager: list: Listing contexts for virtual host 'localhost'
nov 20, 2022 7:06:27 P. M. org.apache.catalina.core.ApplicationContext log
INFO: Manager: list: Listing contexts for virtual host 'localhost'
nov 20, 2022 7:09:26 P. M. org.apache.catalina.core.ApplicationContext log
INFO: Manager: list: Listing contexts for virtual host 'localhost'
nov 20, 2022 7:09:59 P. M. org.apache.catalina.core.ApplicationContext log
INFO: Manager: list: Listing contexts for virtual host 'localhost'
nov 20, 2022 7:11:32 P. M. org.apache.catalina.core.ApplicationContext log
INFO: Manager: list: Listing contexts for virtual host 'localhost'
nov 20, 2022 7:11:50 P. M. org.apache.catalina.core.ApplicationContext log
INFO: Manager: list: Listing contexts for virtual host 'localhost'
nov 20, 2022 7:12:01 P. M. org.apache.catalina.core.ApplicationContext log
INFO: Manager: list: Listing contexts for virtual host 'localhost'
nov 20, 2022 7:12:04 P. M. org.apache.catalina.core.ApplicationContext log
INFO: Manager: list: Listing contexts for virtual host 'localhost'
nov 20, 2022 7:13:55 P. M. org.apache.catalina.core.ApplicationContext log
INFO: Manager: list: Listing contexts for virtual host 'localhost'
nov 20, 2022 7:15:48 P. M. org.apache.catalina.core.ApplicationContext log
INFO: Manager: list: Listing contexts for virtual host 'localhost'
nov 20, 2022 7:17:45 P. M. org.apache.catalina.core.ApplicationContext log
INFO: Manager: list: Listing contexts for virtual host 'localhost'
nov 20, 2022 7:18:29 P. M. org.apache.catalina.core.ApplicationContext log
INFO: Manager: list: Listing contexts for virtual host 'localhost'
nov 20, 2022 7:22:27 P. M. org.apache.catalina.core.ApplicationContext log
INFO: Manager: list: Listing contexts for virtual host 'localhost'
nov 20, 2022 7:22:58 P. M. org.apache.catalina.core.ApplicationContext log
INFO: Manager: list: Listing contexts for virtual host 'localhost'
