nov 05, 2022 10:57:10 A. M. org.apache.catalina.core.ApplicationContext log
INFO: Manager: init: Associated with Deployer 'Catalina:type=Deployer,host=localhost'
nov 05, 2022 10:57:10 A. M. org.apache.catalina.core.ApplicationContext log
INFO: Manager: init: Global resources are available
nov 05, 2022 10:57:10 A. M. org.apache.catalina.core.ApplicationContext log
INFO: Manager: list: Listing contexts for virtual host 'localhost'
nov 05, 2022 10:57:10 A. M. org.apache.catalina.core.ApplicationContext log
INFO: Manager: list: Listing contexts for virtual host 'localhost'
nov 05, 2022 11:56:49 A. M. org.apache.catalina.core.ApplicationContext log
INFO: Manager: list: Listing contexts for virtual host 'localhost'
nov 05, 2022 11:56:49 A. M. org.apache.catalina.core.ApplicationContext log
INFO: Manager: list: Listing contexts for virtual host 'localhost'
nov 05, 2022 11:56:49 A. M. org.apache.catalina.core.ApplicationContext log
INFO: Manager: install: Installing context configuration at 'file:/C:/Users/EMICHI~1/AppData/Local/Temp/context17152103035170525948.xml'
nov 05, 2022 11:56:52 A. M. org.apache.catalina.core.ApplicationContext log
INFO: Manager: start: Starting web application '/apprest'
nov 05, 2022 11:59:22 A. M. org.apache.catalina.core.ApplicationContext log
INFO: Manager: list: Listing contexts for virtual host 'localhost'
nov 05, 2022 11:59:22 A. M. org.apache.catalina.core.ApplicationContext log
INFO: Manager: list: Listing contexts for virtual host 'localhost'
nov 05, 2022 11:59:22 A. M. org.apache.catalina.core.ApplicationContext log
INFO: Manager: undeploy: Undeploying web application at '/apprest'
nov 05, 2022 11:59:22 A. M. org.apache.catalina.core.ApplicationContext log
INFO: Manager: install: Installing context configuration at 'file:/C:/Users/EMICHI~1/AppData/Local/Temp/context7787944536967439869.xml'
nov 05, 2022 11:59:24 A. M. org.apache.catalina.core.ApplicationContext log
INFO: Manager: start: Starting web application '/apprest'
nov 05, 2022 12:02:53 P. M. org.apache.catalina.core.ApplicationContext log
INFO: Manager: list: Listing contexts for virtual host 'localhost'
nov 05, 2022 12:02:53 P. M. org.apache.catalina.core.ApplicationContext log
INFO: Manager: restart: Reloading web application '/apprest'
nov 05, 2022 12:02:55 P. M. org.apache.catalina.core.ApplicationContext log
INFO: Manager: list: Listing contexts for virtual host 'localhost'
nov 05, 2022 12:02:55 P. M. org.apache.catalina.core.ApplicationContext log
INFO: Manager: list: Listing contexts for virtual host 'localhost'
nov 05, 2022 12:02:55 P. M. org.apache.catalina.core.ApplicationContext log
INFO: Manager: undeploy: Undeploying web application at '/apprest'
nov 05, 2022 12:02:56 P. M. org.apache.catalina.core.ApplicationContext log
INFO: Manager: install: Installing context configuration at 'file:/C:/Users/EMICHI~1/AppData/Local/Temp/context13862931303948946410.xml'
nov 05, 2022 12:02:58 P. M. org.apache.catalina.core.ApplicationContext log
INFO: Manager: start: Starting web application '/apprest'
nov 05, 2022 12:03:55 P. M. org.apache.catalina.core.ApplicationContext log
INFO: Manager: list: Listing contexts for virtual host 'localhost'
nov 05, 2022 12:03:55 P. M. org.apache.catalina.core.ApplicationContext log
INFO: Manager: restart: Reloading web application '/apprest'
nov 05, 2022 12:07:45 P. M. org.apache.catalina.core.ApplicationContext log
INFO: Manager: list: Listing contexts for virtual host 'localhost'
nov 05, 2022 12:07:45 P. M. org.apache.catalina.core.ApplicationContext log
INFO: Manager: restart: Reloading web application '/apprest'
nov 05, 2022 12:07:52 P. M. org.apache.catalina.core.ApplicationContext log
INFO: Manager: list: Listing contexts for virtual host 'localhost'
nov 05, 2022 12:07:52 P. M. org.apache.catalina.core.ApplicationContext log
INFO: Manager: list: Listing contexts for virtual host 'localhost'
nov 05, 2022 12:07:52 P. M. org.apache.catalina.core.ApplicationContext log
INFO: Manager: undeploy: Undeploying web application at '/apprest'
nov 05, 2022 12:07:53 P. M. org.apache.catalina.core.ApplicationContext log
INFO: Manager: install: Installing context configuration at 'file:/C:/Users/EMICHI~1/AppData/Local/Temp/context14670011453369489498.xml'
nov 05, 2022 12:07:54 P. M. org.apache.catalina.core.ApplicationContext log
INFO: Manager: start: Starting web application '/apprest'
nov 05, 2022 12:11:24 P. M. org.apache.catalina.core.ApplicationContext log
INFO: Manager: list: Listing contexts for virtual host 'localhost'
nov 05, 2022 12:11:24 P. M. org.apache.catalina.core.ApplicationContext log
INFO: Manager: restart: Reloading web application '/apprest'
nov 05, 2022 12:14:28 P. M. org.apache.catalina.core.ApplicationContext log
INFO: Manager: list: Listing contexts for virtual host 'localhost'
nov 05, 2022 12:14:28 P. M. org.apache.catalina.core.ApplicationContext log
INFO: Manager: list: Listing contexts for virtual host 'localhost'
nov 05, 2022 12:14:28 P. M. org.apache.catalina.core.ApplicationContext log
INFO: Manager: undeploy: Undeploying web application at '/apprest'
nov 05, 2022 12:14:29 P. M. org.apache.catalina.core.ApplicationContext log
INFO: Manager: install: Installing context configuration at 'file:/C:/Users/EMICHI~1/AppData/Local/Temp/context7461511207137437821.xml'
nov 05, 2022 12:14:30 P. M. org.apache.catalina.core.ApplicationContext log
INFO: Manager: start: Starting web application '/apprest'
nov 05, 2022 12:15:22 P. M. org.apache.catalina.core.ApplicationContext log
INFO: Manager: list: Listing contexts for virtual host 'localhost'
nov 05, 2022 12:15:22 P. M. org.apache.catalina.core.ApplicationContext log
INFO: Manager: undeploy: Undeploying web application at '/apprest'
nov 05, 2022 12:15:49 P. M. org.apache.catalina.core.ApplicationContext log
INFO: Manager: list: Listing contexts for virtual host 'localhost'
nov 05, 2022 12:22:05 P. M. org.apache.catalina.core.ApplicationContext log
INFO: Manager: list: Listing contexts for virtual host 'localhost'
nov 05, 2022 12:22:09 P. M. org.apache.catalina.core.ApplicationContext log
INFO: Manager: list: Listing contexts for virtual host 'localhost'
nov 05, 2022 12:22:09 P. M. org.apache.catalina.core.ApplicationContext log
INFO: Manager: list: Listing contexts for virtual host 'localhost'
nov 05, 2022 12:23:11 P. M. org.apache.catalina.core.ApplicationContext log
INFO: Manager: list: Listing contexts for virtual host 'localhost'
nov 05, 2022 12:23:11 P. M. org.apache.catalina.core.ApplicationContext log
INFO: Manager: list: Listing contexts for virtual host 'localhost'
nov 05, 2022 12:23:20 P. M. org.apache.catalina.core.ApplicationContext log
INFO: Manager: list: Listing contexts for virtual host 'localhost'
nov 05, 2022 12:25:23 P. M. org.apache.catalina.core.ApplicationContext log
INFO: Manager: list: Listing contexts for virtual host 'localhost'
nov 05, 2022 12:26:00 P. M. org.apache.catalina.core.ApplicationContext log
INFO: Manager: list: Listing contexts for virtual host 'localhost'
nov 05, 2022 12:26:21 P. M. org.apache.catalina.core.ApplicationContext log
INFO: Manager: list: Listing contexts for virtual host 'localhost'
nov 05, 2022 12:27:11 P. M. org.apache.catalina.core.ApplicationContext log
INFO: Manager: list: Listing contexts for virtual host 'localhost'
nov 05, 2022 12:28:10 P. M. org.apache.catalina.core.ApplicationContext log
INFO: Manager: list: Listing contexts for virtual host 'localhost'
nov 05, 2022 12:28:10 P. M. org.apache.catalina.core.ApplicationContext log
INFO: Manager: list: Listing contexts for virtual host 'localhost'
nov 05, 2022 12:28:10 P. M. org.apache.catalina.core.ApplicationContext log
INFO: Manager: install: Installing context configuration at 'file:/C:/Users/EMICHI~1/AppData/Local/Temp/context6809922317607515618.xml'
nov 05, 2022 12:28:12 P. M. org.apache.catalina.core.ApplicationContext log
INFO: Manager: start: Starting web application '/apprest'
nov 05, 2022 12:28:42 P. M. org.apache.catalina.core.ApplicationContext log
INFO: Manager: list: Listing contexts for virtual host 'localhost'
nov 05, 2022 12:28:42 P. M. org.apache.catalina.core.ApplicationContext log
INFO: Manager: undeploy: Undeploying web application at '/apprest'
nov 05, 2022 12:28:44 P. M. org.apache.catalina.core.ApplicationContext log
INFO: Manager: list: Listing contexts for virtual host 'localhost'
nov 05, 2022 12:28:54 P. M. org.apache.catalina.core.ApplicationContext log
INFO: Manager: list: Listing contexts for virtual host 'localhost'
nov 05, 2022 12:28:54 P. M. org.apache.catalina.core.ApplicationContext log
INFO: Manager: list: Listing contexts for virtual host 'localhost'
nov 05, 2022 12:28:54 P. M. org.apache.catalina.core.ApplicationContext log
INFO: Manager: install: Installing context configuration at 'file:/C:/Users/EMICHI~1/AppData/Local/Temp/context16067322681815933075.xml'
nov 05, 2022 12:28:54 P. M. org.apache.catalina.core.ApplicationContext log
INFO: Manager: list: Listing contexts for virtual host 'localhost'
nov 05, 2022 12:28:55 P. M. org.apache.catalina.core.ApplicationContext log
INFO: Manager: restart: Reloading web application '/apprest'
nov 05, 2022 12:28:56 P. M. org.apache.catalina.core.ApplicationContext log
INFO: Manager: start: Starting web application '/apprest'
nov 05, 2022 12:29:14 P. M. org.apache.catalina.core.ApplicationContext log
INFO: Manager: list: Listing contexts for virtual host 'localhost'
nov 05, 2022 12:29:14 P. M. org.apache.catalina.core.ApplicationContext log
INFO: Manager: list: Listing contexts for virtual host 'localhost'
nov 05, 2022 12:29:14 P. M. org.apache.catalina.core.ApplicationContext log
INFO: Manager: undeploy: Undeploying web application at '/apprest'
nov 05, 2022 12:29:14 P. M. org.apache.catalina.core.ApplicationContext log
INFO: Manager: list: Listing contexts for virtual host 'localhost'
nov 05, 2022 12:29:14 P. M. org.apache.catalina.core.ApplicationContext log
INFO: Manager: restart: Reloading web application '/apprest'
nov 05, 2022 12:29:14 P. M. org.apache.catalina.core.ApplicationContext log
INFO: Manager: install: Installing context configuration at 'file:/C:/Users/EMICHI~1/AppData/Local/Temp/context7420981422509588481.xml'
nov 05, 2022 12:29:15 P. M. org.apache.catalina.core.ApplicationContext log
INFO: Manager: start: Starting web application '/apprest'
nov 05, 2022 12:29:23 P. M. org.apache.catalina.core.ApplicationContext log
INFO: Manager: list: Listing contexts for virtual host 'localhost'
nov 05, 2022 12:29:23 P. M. org.apache.catalina.core.ApplicationContext log
INFO: Manager: undeploy: Undeploying web application at '/apprest'
nov 05, 2022 12:29:35 P. M. org.apache.catalina.core.ApplicationContext log
INFO: Manager: list: Listing contexts for virtual host 'localhost'
nov 05, 2022 12:29:35 P. M. org.apache.catalina.core.ApplicationContext log
INFO: Manager: list: Listing contexts for virtual host 'localhost'
nov 05, 2022 12:29:35 P. M. org.apache.catalina.core.ApplicationContext log
INFO: Manager: install: Installing context configuration at 'file:/C:/Users/EMICHI~1/AppData/Local/Temp/context8265806709559500269.xml'
nov 05, 2022 12:29:37 P. M. org.apache.catalina.core.ApplicationContext log
INFO: Manager: start: Starting web application '/apprest'
nov 05, 2022 12:30:55 P. M. org.apache.catalina.core.ApplicationContext log
INFO: Manager: list: Listing contexts for virtual host 'localhost'
nov 05, 2022 12:30:55 P. M. org.apache.catalina.core.ApplicationContext log
INFO: Manager: list: Listing contexts for virtual host 'localhost'
nov 05, 2022 12:30:55 P. M. org.apache.catalina.core.ApplicationContext log
INFO: Manager: undeploy: Undeploying web application at '/apprest'
nov 05, 2022 12:30:55 P. M. org.apache.catalina.core.ApplicationContext log
INFO: Manager: list: Listing contexts for virtual host 'localhost'
nov 05, 2022 12:30:56 P. M. org.apache.catalina.core.ApplicationContext log
INFO: Manager: undeploy: Undeploying web application at '/apprest'
nov 05, 2022 12:30:56 P. M. org.apache.catalina.core.ApplicationContext log
INFO: Manager: install: Installing context configuration at 'file:/C:/Users/EMICHI~1/AppData/Local/Temp/context8034202448485005246.xml'
nov 05, 2022 12:30:58 P. M. org.apache.catalina.core.ApplicationContext log
INFO: Manager: start: Starting web application '/apprest'
nov 05, 2022 12:31:05 P. M. org.apache.catalina.core.ApplicationContext log
INFO: Manager: list: Listing contexts for virtual host 'localhost'
nov 05, 2022 12:31:05 P. M. org.apache.catalina.core.ApplicationContext log
INFO: Manager: restart: Reloading web application '/apprest'
nov 05, 2022 12:31:39 P. M. org.apache.catalina.core.ApplicationContext log
INFO: Manager: list: Listing contexts for virtual host 'localhost'
nov 05, 2022 12:31:39 P. M. org.apache.catalina.core.ApplicationContext log
INFO: Manager: undeploy: Undeploying web application at '/apprest'
nov 05, 2022 12:31:41 P. M. org.apache.catalina.core.ApplicationContext log
INFO: Manager: list: Listing contexts for virtual host 'localhost'
nov 05, 2022 12:31:52 P. M. org.apache.catalina.core.ApplicationContext log
INFO: Manager: list: Listing contexts for virtual host 'localhost'
nov 05, 2022 12:31:52 P. M. org.apache.catalina.core.ApplicationContext log
INFO: Manager: list: Listing contexts for virtual host 'localhost'
nov 05, 2022 12:31:52 P. M. org.apache.catalina.core.ApplicationContext log
INFO: Manager: install: Installing context configuration at 'file:/C:/Users/EMICHI~1/AppData/Local/Temp/context6781029458879585414.xml'
nov 05, 2022 12:31:53 P. M. org.apache.catalina.core.ApplicationContext log
INFO: Manager: start: Starting web application '/apprest'
nov 05, 2022 12:32:10 P. M. org.apache.catalina.core.ApplicationContext log
INFO: Manager: list: Listing contexts for virtual host 'localhost'
nov 05, 2022 12:32:10 P. M. org.apache.catalina.core.ApplicationContext log
INFO: Manager: restart: Reloading web application '/apprest'
nov 05, 2022 12:32:20 P. M. org.apache.catalina.core.ApplicationContext log
INFO: Manager: list: Listing contexts for virtual host 'localhost'
nov 05, 2022 12:32:20 P. M. org.apache.catalina.core.ApplicationContext log
INFO: Manager: undeploy: Undeploying web application at '/apprest'
nov 05, 2022 12:32:31 P. M. org.apache.catalina.core.ApplicationContext log
INFO: Manager: list: Listing contexts for virtual host 'localhost'
nov 05, 2022 12:32:31 P. M. org.apache.catalina.core.ApplicationContext log
INFO: Manager: list: Listing contexts for virtual host 'localhost'
nov 05, 2022 12:32:31 P. M. org.apache.catalina.core.ApplicationContext log
INFO: Manager: install: Installing context configuration at 'file:/C:/Users/EMICHI~1/AppData/Local/Temp/context15498856215620256065.xml'
nov 05, 2022 12:32:32 P. M. org.apache.catalina.core.ApplicationContext log
INFO: Manager: start: Starting web application '/apprest'
nov 05, 2022 12:46:04 P. M. org.apache.catalina.core.ApplicationContext log
INFO: Manager: list: Listing contexts for virtual host 'localhost'
nov 05, 2022 12:46:04 P. M. org.apache.catalina.core.ApplicationContext log
INFO: Manager: undeploy: Undeploying web application at '/apprest'
nov 05, 2022 12:46:05 P. M. org.apache.catalina.core.ApplicationContext log
INFO: Manager: install: Installing context configuration at 'file:/C:/Users/EMICHI~1/AppData/Local/Temp/context3505216153212749618.xml'
nov 05, 2022 1:22:50 P. M. org.apache.catalina.core.ApplicationContext log
INFO: Manager: list: Listing contexts for virtual host 'localhost'
nov 05, 2022 1:22:50 P. M. org.apache.catalina.core.ApplicationContext log
INFO: Manager: restart: Reloading web application '/apprest'
