nov 23, 2022 11:31:25 A. M. org.apache.catalina.core.ApplicationContext log
INFO: Manager: list: Listing contexts for virtual host 'localhost'
nov 23, 2022 3:07:02 P. M. org.apache.catalina.core.ApplicationContext log
INFO: Manager: list: Listing contexts for virtual host 'localhost'
nov 23, 2022 3:07:02 P. M. org.apache.catalina.core.ApplicationContext log
INFO: Manager: list: Listing contexts for virtual host 'localhost'
nov 23, 2022 3:07:02 P. M. org.apache.catalina.core.ApplicationContext log
INFO: Manager: install: Installing context configuration at 'file:/C:/Users/EMICHI~1/AppData/Local/Temp/context11987016794387812021.xml'
nov 23, 2022 3:07:04 P. M. org.apache.catalina.core.ApplicationContext log
INFO: Manager: start: Starting web application '/JSP-RecuperatorioParcial2_Prog3'
nov 23, 2022 3:07:22 P. M. org.apache.catalina.core.ApplicationContext log
INFO: Manager: list: Listing contexts for virtual host 'localhost'
nov 23, 2022 3:07:28 P. M. org.apache.catalina.core.ApplicationContext log
INFO: Manager: list: Listing contexts for virtual host 'localhost'
nov 23, 2022 3:07:38 P. M. org.apache.catalina.core.ApplicationContext log
INFO: Manager: list: Listing contexts for virtual host 'localhost'
nov 23, 2022 3:08:13 P. M. org.apache.catalina.core.ApplicationContext log
INFO: Manager: list: Listing contexts for virtual host 'localhost'
nov 23, 2022 3:08:13 P. M. org.apache.catalina.core.ApplicationContext log
INFO: Manager: list: Listing contexts for virtual host 'localhost'
nov 23, 2022 3:10:24 P. M. org.apache.catalina.core.ApplicationContext log
INFO: Manager: list: Listing contexts for virtual host 'localhost'
nov 23, 2022 3:12:14 P. M. org.apache.catalina.core.ApplicationContext log
INFO: Manager: list: Listing contexts for virtual host 'localhost'
nov 23, 2022 3:16:01 P. M. org.apache.catalina.core.ApplicationContext log
INFO: Manager: list: Listing contexts for virtual host 'localhost'
nov 23, 2022 3:16:41 P. M. org.apache.catalina.core.ApplicationContext log
INFO: Manager: list: Listing contexts for virtual host 'localhost'
nov 23, 2022 3:18:26 P. M. org.apache.catalina.core.ApplicationContext log
INFO: Manager: list: Listing contexts for virtual host 'localhost'
nov 23, 2022 3:18:34 P. M. org.apache.catalina.core.ApplicationContext log
INFO: Manager: list: Listing contexts for virtual host 'localhost'
nov 23, 2022 3:18:39 P. M. org.apache.catalina.core.ApplicationContext log
INFO: Manager: list: Listing contexts for virtual host 'localhost'
nov 23, 2022 3:18:39 P. M. org.apache.catalina.core.ApplicationContext log
INFO: Manager: list: Listing contexts for virtual host 'localhost'
nov 23, 2022 3:19:13 P. M. org.apache.catalina.core.ApplicationContext log
INFO: Manager: list: Listing contexts for virtual host 'localhost'
nov 23, 2022 3:20:54 P. M. org.apache.catalina.core.ApplicationContext log
INFO: Manager: list: Listing contexts for virtual host 'localhost'
nov 23, 2022 3:21:35 P. M. org.apache.catalina.core.ApplicationContext log
INFO: Manager: list: Listing contexts for virtual host 'localhost'
nov 23, 2022 3:21:44 P. M. org.apache.catalina.core.ApplicationContext log
INFO: Manager: list: Listing contexts for virtual host 'localhost'
nov 23, 2022 3:22:03 P. M. org.apache.catalina.core.ApplicationContext log
INFO: Manager: list: Listing contexts for virtual host 'localhost'
nov 23, 2022 3:22:16 P. M. org.apache.catalina.core.ApplicationContext log
INFO: Manager: list: Listing contexts for virtual host 'localhost'
nov 23, 2022 3:23:10 P. M. org.apache.catalina.core.ApplicationContext log
INFO: Manager: list: Listing contexts for virtual host 'localhost'
nov 23, 2022 3:24:11 P. M. org.apache.catalina.core.ApplicationContext log
INFO: Manager: list: Listing contexts for virtual host 'localhost'
nov 23, 2022 3:24:35 P. M. org.apache.catalina.core.ApplicationContext log
INFO: Manager: list: Listing contexts for virtual host 'localhost'
nov 23, 2022 3:25:07 P. M. org.apache.catalina.core.ApplicationContext log
INFO: Manager: list: Listing contexts for virtual host 'localhost'
nov 23, 2022 3:25:19 P. M. org.apache.catalina.core.ApplicationContext log
INFO: Manager: list: Listing contexts for virtual host 'localhost'
nov 23, 2022 3:25:38 P. M. org.apache.catalina.core.ApplicationContext log
INFO: Manager: list: Listing contexts for virtual host 'localhost'
nov 23, 2022 3:25:46 P. M. org.apache.catalina.core.ApplicationContext log
INFO: Manager: list: Listing contexts for virtual host 'localhost'
nov 23, 2022 3:26:35 P. M. org.apache.catalina.core.ApplicationContext log
INFO: Manager: list: Listing contexts for virtual host 'localhost'
nov 23, 2022 3:26:44 P. M. org.apache.catalina.core.ApplicationContext log
INFO: Manager: list: Listing contexts for virtual host 'localhost'
nov 23, 2022 3:26:56 P. M. org.apache.catalina.core.ApplicationContext log
INFO: Manager: list: Listing contexts for virtual host 'localhost'
nov 23, 2022 3:27:19 P. M. org.apache.catalina.core.ApplicationContext log
INFO: Manager: list: Listing contexts for virtual host 'localhost'
nov 23, 2022 3:27:27 P. M. org.apache.catalina.core.ApplicationContext log
INFO: Manager: list: Listing contexts for virtual host 'localhost'
nov 23, 2022 3:27:33 P. M. org.apache.catalina.core.ApplicationContext log
INFO: Manager: list: Listing contexts for virtual host 'localhost'
nov 23, 2022 3:27:47 P. M. org.apache.catalina.core.ApplicationContext log
INFO: Manager: list: Listing contexts for virtual host 'localhost'
nov 23, 2022 3:28:20 P. M. org.apache.catalina.core.ApplicationContext log
INFO: Manager: list: Listing contexts for virtual host 'localhost'
nov 23, 2022 3:30:47 P. M. org.apache.catalina.core.ApplicationContext log
INFO: Manager: list: Listing contexts for virtual host 'localhost'
nov 23, 2022 3:30:58 P. M. org.apache.catalina.core.ApplicationContext log
INFO: Manager: list: Listing contexts for virtual host 'localhost'
nov 23, 2022 3:31:26 P. M. org.apache.catalina.core.ApplicationContext log
INFO: Manager: list: Listing contexts for virtual host 'localhost'
nov 23, 2022 3:31:34 P. M. org.apache.catalina.core.ApplicationContext log
INFO: Manager: list: Listing contexts for virtual host 'localhost'
nov 23, 2022 3:31:41 P. M. org.apache.catalina.core.ApplicationContext log
INFO: Manager: list: Listing contexts for virtual host 'localhost'
nov 23, 2022 3:31:42 P. M. org.apache.catalina.core.ApplicationContext log
INFO: Manager: list: Listing contexts for virtual host 'localhost'
nov 23, 2022 3:32:16 P. M. org.apache.catalina.core.ApplicationContext log
INFO: Manager: list: Listing contexts for virtual host 'localhost'
nov 23, 2022 3:32:46 P. M. org.apache.catalina.core.ApplicationContext log
INFO: Manager: list: Listing contexts for virtual host 'localhost'
nov 23, 2022 3:33:00 P. M. org.apache.catalina.core.ApplicationContext log
INFO: Manager: list: Listing contexts for virtual host 'localhost'
nov 23, 2022 3:33:09 P. M. org.apache.catalina.core.ApplicationContext log
INFO: Manager: list: Listing contexts for virtual host 'localhost'
nov 23, 2022 3:33:28 P. M. org.apache.catalina.core.ApplicationContext log
INFO: Manager: list: Listing contexts for virtual host 'localhost'
nov 23, 2022 3:33:42 P. M. org.apache.catalina.core.ApplicationContext log
INFO: Manager: list: Listing contexts for virtual host 'localhost'
nov 23, 2022 4:10:34 P. M. org.apache.catalina.core.ApplicationContext log
INFO: Manager: list: Listing contexts for virtual host 'localhost'
nov 23, 2022 4:10:34 P. M. org.apache.catalina.core.ApplicationContext log
INFO: Manager: undeploy: Undeploying web application at '/apprest'
nov 23, 2022 4:10:34 P. M. org.apache.catalina.core.ApplicationContext log
INFO: Manager: install: Installing context configuration at 'file:/C:/Users/EMICHI~1/AppData/Local/Temp/context7721990112592034170.xml'
nov 23, 2022 4:10:40 P. M. org.apache.catalina.core.ApplicationContext log
INFO: Manager: start: Starting web application '/apprest'
nov 23, 2022 4:12:07 P. M. org.apache.catalina.core.ApplicationContext log
INFO: Manager: list: Listing contexts for virtual host 'localhost'
nov 23, 2022 4:12:25 P. M. org.apache.catalina.core.ApplicationContext log
INFO: Manager: list: Listing contexts for virtual host 'localhost'
nov 23, 2022 4:12:32 P. M. org.apache.catalina.core.ApplicationContext log
INFO: Manager: list: Listing contexts for virtual host 'localhost'
nov 23, 2022 4:12:47 P. M. org.apache.catalina.core.ApplicationContext log
INFO: Manager: list: Listing contexts for virtual host 'localhost'
nov 23, 2022 4:12:48 P. M. org.apache.catalina.core.ApplicationContext log
INFO: Manager: list: Listing contexts for virtual host 'localhost'
nov 23, 2022 4:13:55 P. M. org.apache.catalina.core.ApplicationContext log
INFO: Manager: list: Listing contexts for virtual host 'localhost'
nov 23, 2022 4:14:30 P. M. org.apache.catalina.core.ApplicationContext log
INFO: Manager: list: Listing contexts for virtual host 'localhost'
nov 23, 2022 4:14:35 P. M. org.apache.catalina.core.ApplicationContext log
INFO: Manager: list: Listing contexts for virtual host 'localhost'
nov 23, 2022 4:14:53 P. M. org.apache.catalina.core.ApplicationContext log
INFO: Manager: list: Listing contexts for virtual host 'localhost'
nov 23, 2022 4:15:53 P. M. org.apache.catalina.core.ApplicationContext log
INFO: Manager: list: Listing contexts for virtual host 'localhost'
nov 23, 2022 4:16:58 P. M. org.apache.catalina.core.ApplicationContext log
INFO: Manager: list: Listing contexts for virtual host 'localhost'
nov 23, 2022 4:20:15 P. M. org.apache.catalina.core.ApplicationContext log
INFO: Manager: list: Listing contexts for virtual host 'localhost'
nov 23, 2022 4:20:50 P. M. org.apache.catalina.core.ApplicationContext log
INFO: Manager: list: Listing contexts for virtual host 'localhost'
nov 23, 2022 4:20:51 P. M. org.apache.catalina.core.ApplicationContext log
INFO: Manager: restart: Reloading web application '/apprest'
nov 23, 2022 4:21:03 P. M. org.apache.catalina.core.ApplicationContext log
INFO: Manager: list: Listing contexts for virtual host 'localhost'
nov 23, 2022 4:21:03 P. M. org.apache.catalina.core.ApplicationContext log
INFO: Manager: restart: Reloading web application '/apprest'
nov 23, 2022 4:21:06 P. M. org.apache.catalina.core.ApplicationContext log
INFO: Manager: list: Listing contexts for virtual host 'localhost'
nov 23, 2022 4:21:06 P. M. org.apache.catalina.core.ApplicationContext log
INFO: Manager: restart: Reloading web application '/apprest'
nov 23, 2022 4:21:15 P. M. org.apache.catalina.core.ApplicationContext log
INFO: Manager: list: Listing contexts for virtual host 'localhost'
nov 23, 2022 4:21:15 P. M. org.apache.catalina.core.ApplicationContext log
INFO: Manager: restart: Reloading web application '/apprest'
nov 23, 2022 4:21:39 P. M. org.apache.catalina.core.ApplicationContext log
INFO: Manager: list: Listing contexts for virtual host 'localhost'
nov 23, 2022 4:21:39 P. M. org.apache.catalina.core.ApplicationContext log
INFO: Manager: restart: Reloading web application '/apprest'
nov 23, 2022 4:22:09 P. M. org.apache.catalina.core.ApplicationContext log
INFO: Manager: list: Listing contexts for virtual host 'localhost'
nov 23, 2022 4:22:14 P. M. org.apache.catalina.core.ApplicationContext log
INFO: Manager: list: Listing contexts for virtual host 'localhost'
nov 23, 2022 4:22:14 P. M. org.apache.catalina.core.ApplicationContext log
INFO: Manager: list: Listing contexts for virtual host 'localhost'
nov 23, 2022 4:22:14 P. M. org.apache.catalina.core.ApplicationContext log
INFO: Manager: undeploy: Undeploying web application at '/apprest'
nov 23, 2022 4:22:14 P. M. org.apache.catalina.core.ApplicationContext log
INFO: Manager: install: Installing context configuration at 'file:/C:/Users/EMICHI~1/AppData/Local/Temp/context10282027722757129254.xml'
nov 23, 2022 4:22:16 P. M. org.apache.catalina.core.ApplicationContext log
INFO: Manager: start: Starting web application '/apprest'
nov 23, 2022 4:22:46 P. M. org.apache.catalina.core.ApplicationContext log
INFO: Manager: list: Listing contexts for virtual host 'localhost'
nov 23, 2022 4:22:46 P. M. org.apache.catalina.core.ApplicationContext log
INFO: Manager: undeploy: Undeploying web application at '/apprest'
nov 23, 2022 4:22:47 P. M. org.apache.catalina.core.ApplicationContext log
INFO: Manager: install: Installing context configuration at 'file:/C:/Users/EMICHI~1/AppData/Local/Temp/context6175764446529601891.xml'
nov 23, 2022 4:22:54 P. M. org.apache.catalina.core.ApplicationContext log
INFO: Manager: list: Listing contexts for virtual host 'localhost'
nov 23, 2022 4:22:57 P. M. org.apache.catalina.core.ApplicationContext log
INFO: Manager: list: Listing contexts for virtual host 'localhost'
nov 23, 2022 4:22:57 P. M. org.apache.catalina.core.ApplicationContext log
INFO: Manager: list: Listing contexts for virtual host 'localhost'
nov 23, 2022 4:22:57 P. M. org.apache.catalina.core.ApplicationContext log
INFO: Manager: undeploy: Undeploying web application at '/apprest'
nov 23, 2022 4:22:58 P. M. org.apache.catalina.core.ApplicationContext log
INFO: Manager: install: Installing context configuration at 'file:/C:/Users/EMICHI~1/AppData/Local/Temp/context16396726188105490779.xml'
nov 23, 2022 4:23:01 P. M. org.apache.catalina.core.ApplicationContext log
INFO: Manager: start: Starting web application '/apprest'
nov 23, 2022 4:23:34 P. M. org.apache.catalina.core.ApplicationContext log
INFO: Manager: list: Listing contexts for virtual host 'localhost'
nov 23, 2022 4:23:51 P. M. org.apache.catalina.core.ApplicationContext log
INFO: Manager: list: Listing contexts for virtual host 'localhost'
nov 23, 2022 4:24:07 P. M. org.apache.catalina.core.ApplicationContext log
INFO: Manager: list: Listing contexts for virtual host 'localhost'
nov 23, 2022 4:25:23 P. M. org.apache.catalina.core.ApplicationContext log
INFO: Manager: list: Listing contexts for virtual host 'localhost'
nov 23, 2022 4:26:05 P. M. org.apache.catalina.core.ApplicationContext log
INFO: Manager: list: Listing contexts for virtual host 'localhost'
nov 23, 2022 4:26:41 P. M. org.apache.catalina.core.ApplicationContext log
INFO: Manager: list: Listing contexts for virtual host 'localhost'
nov 23, 2022 4:27:18 P. M. org.apache.catalina.core.ApplicationContext log
INFO: Manager: list: Listing contexts for virtual host 'localhost'
nov 23, 2022 4:27:19 P. M. org.apache.catalina.core.ApplicationContext log
INFO: Manager: restart: Reloading web application '/apprest'
nov 23, 2022 4:27:23 P. M. org.apache.catalina.core.ApplicationContext log
INFO: Manager: list: Listing contexts for virtual host 'localhost'
nov 23, 2022 4:27:23 P. M. org.apache.catalina.core.ApplicationContext log
INFO: Manager: restart: Reloading web application '/apprest'
nov 23, 2022 4:27:27 P. M. org.apache.catalina.core.ApplicationContext log
INFO: Manager: list: Listing contexts for virtual host 'localhost'
nov 23, 2022 4:27:27 P. M. org.apache.catalina.core.ApplicationContext log
INFO: Manager: restart: Reloading web application '/apprest'
nov 23, 2022 4:28:58 P. M. org.apache.catalina.core.ApplicationContext log
INFO: Manager: list: Listing contexts for virtual host 'localhost'
nov 23, 2022 4:28:58 P. M. org.apache.catalina.core.ApplicationContext log
INFO: Manager: restart: Reloading web application '/apprest'
nov 23, 2022 4:29:01 P. M. org.apache.catalina.core.ApplicationContext log
INFO: Manager: list: Listing contexts for virtual host 'localhost'
nov 23, 2022 4:29:01 P. M. org.apache.catalina.core.ApplicationContext log
INFO: Manager: restart: Reloading web application '/apprest'
nov 23, 2022 4:31:34 P. M. org.apache.catalina.core.ApplicationContext log
INFO: Manager: list: Listing contexts for virtual host 'localhost'
nov 23, 2022 4:31:34 P. M. org.apache.catalina.core.ApplicationContext log
INFO: Manager: restart: Reloading web application '/apprest'
nov 23, 2022 4:32:21 P. M. org.apache.catalina.core.ApplicationContext log
INFO: Manager: list: Listing contexts for virtual host 'localhost'
nov 23, 2022 4:32:21 P. M. org.apache.catalina.core.ApplicationContext log
INFO: Manager: restart: Reloading web application '/apprest'
nov 23, 2022 4:32:38 P. M. org.apache.catalina.core.ApplicationContext log
INFO: Manager: list: Listing contexts for virtual host 'localhost'
nov 23, 2022 4:32:38 P. M. org.apache.catalina.core.ApplicationContext log
INFO: Manager: list: Listing contexts for virtual host 'localhost'
nov 23, 2022 4:32:38 P. M. org.apache.catalina.core.ApplicationContext log
INFO: Manager: undeploy: Undeploying web application at '/apprest'
nov 23, 2022 4:32:38 P. M. org.apache.catalina.core.ApplicationContext log
INFO: Manager: install: Installing context configuration at 'file:/C:/Users/EMICHI~1/AppData/Local/Temp/context84244653736758440.xml'
nov 23, 2022 4:32:41 P. M. org.apache.catalina.core.ApplicationContext log
INFO: Manager: start: Starting web application '/apprest'
nov 23, 2022 4:32:52 P. M. org.apache.catalina.core.ApplicationContext log
INFO: Manager: list: Listing contexts for virtual host 'localhost'
nov 23, 2022 4:32:52 P. M. org.apache.catalina.core.ApplicationContext log
INFO: Manager: restart: Reloading web application '/apprest'
nov 23, 2022 4:33:56 P. M. org.apache.catalina.core.ApplicationContext log
INFO: Manager: list: Listing contexts for virtual host 'localhost'
nov 23, 2022 4:35:13 P. M. org.apache.catalina.core.ApplicationContext log
INFO: Manager: list: Listing contexts for virtual host 'localhost'
nov 23, 2022 4:35:22 P. M. org.apache.catalina.core.ApplicationContext log
INFO: Manager: list: Listing contexts for virtual host 'localhost'
nov 23, 2022 4:35:31 P. M. org.apache.catalina.core.ApplicationContext log
INFO: Manager: list: Listing contexts for virtual host 'localhost'
nov 23, 2022 4:36:06 P. M. org.apache.catalina.core.ApplicationContext log
INFO: Manager: list: Listing contexts for virtual host 'localhost'
nov 23, 2022 4:36:30 P. M. org.apache.catalina.core.ApplicationContext log
INFO: Manager: list: Listing contexts for virtual host 'localhost'
nov 23, 2022 4:40:08 P. M. org.apache.catalina.core.ApplicationContext log
INFO: Manager: list: Listing contexts for virtual host 'localhost'
nov 23, 2022 4:41:48 P. M. org.apache.catalina.core.ApplicationContext log
INFO: Manager: list: Listing contexts for virtual host 'localhost'
nov 23, 2022 4:42:08 P. M. org.apache.catalina.core.ApplicationContext log
INFO: Manager: list: Listing contexts for virtual host 'localhost'
nov 23, 2022 4:42:34 P. M. org.apache.catalina.core.ApplicationContext log
INFO: Manager: list: Listing contexts for virtual host 'localhost'
nov 23, 2022 4:42:59 P. M. org.apache.catalina.core.ApplicationContext log
INFO: Manager: list: Listing contexts for virtual host 'localhost'
nov 23, 2022 4:45:14 P. M. org.apache.catalina.core.ApplicationContext log
INFO: Manager: list: Listing contexts for virtual host 'localhost'
nov 23, 2022 4:48:24 P. M. org.apache.catalina.core.ApplicationContext log
INFO: Manager: list: Listing contexts for virtual host 'localhost'
nov 23, 2022 4:48:46 P. M. org.apache.catalina.core.ApplicationContext log
INFO: Manager: list: Listing contexts for virtual host 'localhost'
nov 23, 2022 4:49:02 P. M. org.apache.catalina.core.ApplicationContext log
INFO: Manager: list: Listing contexts for virtual host 'localhost'
nov 23, 2022 4:49:16 P. M. org.apache.catalina.core.ApplicationContext log
INFO: Manager: list: Listing contexts for virtual host 'localhost'
nov 23, 2022 4:50:09 P. M. org.apache.catalina.core.ApplicationContext log
INFO: Manager: list: Listing contexts for virtual host 'localhost'
nov 23, 2022 4:50:09 P. M. org.apache.catalina.core.ApplicationContext log
INFO: Manager: list: Listing contexts for virtual host 'localhost'
nov 23, 2022 4:50:09 P. M. org.apache.catalina.core.ApplicationContext log
INFO: Manager: list: Listing contexts for virtual host 'localhost'
nov 23, 2022 4:50:28 P. M. org.apache.catalina.core.ApplicationContext log
INFO: Manager: list: Listing contexts for virtual host 'localhost'
nov 23, 2022 4:50:28 P. M. org.apache.catalina.core.ApplicationContext log
INFO: Manager: list: Listing contexts for virtual host 'localhost'
nov 23, 2022 4:50:50 P. M. org.apache.catalina.core.ApplicationContext log
INFO: Manager: list: Listing contexts for virtual host 'localhost'
nov 23, 2022 4:50:50 P. M. org.apache.catalina.core.ApplicationContext log
INFO: Manager: list: Listing contexts for virtual host 'localhost'
nov 23, 2022 4:51:31 P. M. org.apache.catalina.core.ApplicationContext log
INFO: Manager: list: Listing contexts for virtual host 'localhost'
nov 23, 2022 4:51:31 P. M. org.apache.catalina.core.ApplicationContext log
INFO: Manager: restart: Reloading web application '/apprest'
nov 23, 2022 4:51:34 P. M. org.apache.catalina.core.ApplicationContext log
INFO: Manager: list: Listing contexts for virtual host 'localhost'
nov 23, 2022 4:51:34 P. M. org.apache.catalina.core.ApplicationContext log
INFO: Manager: restart: Reloading web application '/apprest'
nov 23, 2022 4:53:02 P. M. org.apache.catalina.core.ApplicationContext log
INFO: Manager: list: Listing contexts for virtual host 'localhost'
nov 23, 2022 4:53:02 P. M. org.apache.catalina.core.ApplicationContext log
INFO: Manager: restart: Reloading web application '/apprest'
nov 23, 2022 4:53:26 P. M. org.apache.catalina.core.ApplicationContext log
INFO: Manager: list: Listing contexts for virtual host 'localhost'
nov 23, 2022 4:53:26 P. M. org.apache.catalina.core.ApplicationContext log
INFO: Manager: restart: Reloading web application '/apprest'
nov 23, 2022 4:54:11 P. M. org.apache.catalina.core.ApplicationContext log
INFO: Manager: list: Listing contexts for virtual host 'localhost'
nov 23, 2022 4:54:11 P. M. org.apache.catalina.core.ApplicationContext log
INFO: Manager: restart: Reloading web application '/apprest'
nov 23, 2022 4:54:29 P. M. org.apache.catalina.core.ApplicationContext log
INFO: Manager: list: Listing contexts for virtual host 'localhost'
nov 23, 2022 4:54:29 P. M. org.apache.catalina.core.ApplicationContext log
INFO: Manager: restart: Reloading web application '/apprest'
nov 23, 2022 4:54:51 P. M. org.apache.catalina.core.ApplicationContext log
INFO: Manager: list: Listing contexts for virtual host 'localhost'
nov 23, 2022 4:54:51 P. M. org.apache.catalina.core.ApplicationContext log
INFO: Manager: restart: Reloading web application '/apprest'
nov 23, 2022 4:54:55 P. M. org.apache.catalina.core.ApplicationContext log
INFO: Manager: list: Listing contexts for virtual host 'localhost'
nov 23, 2022 4:54:55 P. M. org.apache.catalina.core.ApplicationContext log
INFO: Manager: restart: Reloading web application '/apprest'
nov 23, 2022 4:55:14 P. M. org.apache.catalina.core.ApplicationContext log
INFO: Manager: list: Listing contexts for virtual host 'localhost'
nov 23, 2022 4:55:14 P. M. org.apache.catalina.core.ApplicationContext log
INFO: Manager: restart: Reloading web application '/apprest'
nov 23, 2022 4:55:17 P. M. org.apache.catalina.core.ApplicationContext log
INFO: Manager: list: Listing contexts for virtual host 'localhost'
nov 23, 2022 4:55:18 P. M. org.apache.catalina.core.ApplicationContext log
INFO: Manager: restart: Reloading web application '/apprest'
nov 23, 2022 4:55:59 P. M. org.apache.catalina.core.ApplicationContext log
INFO: Manager: list: Listing contexts for virtual host 'localhost'
