nov 19, 2022 4:49:37 P. M. org.apache.catalina.core.ApplicationContext log
INFO: Manager: init: Associated with Deployer 'Catalina:type=Deployer,host=localhost'
nov 19, 2022 4:49:37 P. M. org.apache.catalina.core.ApplicationContext log
INFO: Manager: init: Global resources are available
nov 19, 2022 4:49:37 P. M. org.apache.catalina.core.ApplicationContext log
INFO: Manager: list: Listing contexts for virtual host 'localhost'
nov 19, 2022 4:49:37 P. M. org.apache.catalina.core.ApplicationContext log
INFO: Manager: undeploy: Undeploying web application at '/apprest'
nov 19, 2022 4:49:38 P. M. org.apache.catalina.core.ApplicationContext log
INFO: Manager: install: Installing context configuration at 'file:/C:/Users/EMICHI~1/AppData/Local/Temp/context18161196232304712962.xml'
nov 19, 2022 4:49:40 P. M. org.apache.catalina.core.ApplicationContext log
INFO: Manager: start: Starting web application '/apprest'
nov 19, 2022 4:50:24 P. M. org.apache.catalina.core.ApplicationContext log
INFO: Manager: list: Listing contexts for virtual host 'localhost'
nov 19, 2022 4:50:26 P. M. org.apache.catalina.core.ApplicationContext log
INFO: Manager: list: Listing contexts for virtual host 'localhost'
nov 19, 2022 4:50:26 P. M. org.apache.catalina.core.ApplicationContext log
INFO: Manager: list: Listing contexts for virtual host 'localhost'
nov 19, 2022 4:50:26 P. M. org.apache.catalina.core.ApplicationContext log
INFO: Manager: undeploy: Undeploying web application at '/apprest'
nov 19, 2022 4:50:26 P. M. org.apache.catalina.core.ApplicationContext log
INFO: Manager: install: Installing context configuration at 'file:/C:/Users/EMICHI~1/AppData/Local/Temp/context3345136685919527791.xml'
nov 19, 2022 4:50:29 P. M. org.apache.catalina.core.ApplicationContext log
INFO: Manager: start: Starting web application '/apprest'
nov 19, 2022 4:54:22 P. M. org.apache.catalina.core.ApplicationContext log
INFO: Manager: list: Listing contexts for virtual host 'localhost'
nov 19, 2022 4:54:25 P. M. org.apache.catalina.core.ApplicationContext log
INFO: Manager: list: Listing contexts for virtual host 'localhost'
nov 19, 2022 4:54:25 P. M. org.apache.catalina.core.ApplicationContext log
INFO: Manager: list: Listing contexts for virtual host 'localhost'
nov 19, 2022 4:54:25 P. M. org.apache.catalina.core.ApplicationContext log
INFO: Manager: undeploy: Undeploying web application at '/apprest'
nov 19, 2022 4:54:26 P. M. org.apache.catalina.core.ApplicationContext log
INFO: Manager: install: Installing context configuration at 'file:/C:/Users/EMICHI~1/AppData/Local/Temp/context15515455050092544746.xml'
nov 19, 2022 4:54:28 P. M. org.apache.catalina.core.ApplicationContext log
INFO: Manager: start: Starting web application '/apprest'
nov 19, 2022 4:55:22 P. M. org.apache.catalina.core.ApplicationContext log
INFO: Manager: list: Listing contexts for virtual host 'localhost'
nov 19, 2022 4:58:03 P. M. org.apache.catalina.core.ApplicationContext log
INFO: Manager: list: Listing contexts for virtual host 'localhost'
nov 19, 2022 4:59:04 P. M. org.apache.catalina.core.ApplicationContext log
INFO: Manager: list: Listing contexts for virtual host 'localhost'
nov 19, 2022 5:03:52 P. M. org.apache.catalina.core.ApplicationContext log
INFO: Manager: list: Listing contexts for virtual host 'localhost'
nov 19, 2022 5:06:03 P. M. org.apache.catalina.core.ApplicationContext log
INFO: Manager: list: Listing contexts for virtual host 'localhost'
nov 19, 2022 5:06:03 P. M. org.apache.catalina.core.ApplicationContext log
INFO: Manager: list: Listing contexts for virtual host 'localhost'
nov 19, 2022 5:35:14 P. M. org.apache.catalina.core.ApplicationContext log
INFO: Manager: list: Listing contexts for virtual host 'localhost'
nov 19, 2022 5:35:14 P. M. org.apache.catalina.core.ApplicationContext log
INFO: Manager: restart: Reloading web application '/apprest'
nov 19, 2022 5:35:18 P. M. org.apache.catalina.core.ApplicationContext log
INFO: Manager: list: Listing contexts for virtual host 'localhost'
nov 19, 2022 5:35:18 P. M. org.apache.catalina.core.ApplicationContext log
INFO: Manager: restart: Reloading web application '/apprest'
nov 19, 2022 5:35:45 P. M. org.apache.catalina.core.ApplicationContext log
INFO: Manager: list: Listing contexts for virtual host 'localhost'
nov 19, 2022 5:37:04 P. M. org.apache.catalina.core.ApplicationContext log
INFO: Manager: list: Listing contexts for virtual host 'localhost'
nov 19, 2022 5:37:04 P. M. org.apache.catalina.core.ApplicationContext log
INFO: Manager: restart: Reloading web application '/apprest'
nov 19, 2022 5:40:53 P. M. org.apache.catalina.core.ApplicationContext log
INFO: Manager: list: Listing contexts for virtual host 'localhost'
nov 19, 2022 5:40:53 P. M. org.apache.catalina.core.ApplicationContext log
INFO: Manager: restart: Reloading web application '/apprest'
nov 19, 2022 5:40:57 P. M. org.apache.catalina.core.ApplicationContext log
INFO: Manager: list: Listing contexts for virtual host 'localhost'
nov 19, 2022 5:40:57 P. M. org.apache.catalina.core.ApplicationContext log
INFO: Manager: restart: Reloading web application '/apprest'
nov 19, 2022 5:41:22 P. M. org.apache.catalina.core.ApplicationContext log
INFO: Manager: list: Listing contexts for virtual host 'localhost'
nov 19, 2022 5:41:22 P. M. org.apache.catalina.core.ApplicationContext log
INFO: Manager: restart: Reloading web application '/apprest'
nov 19, 2022 5:41:33 P. M. org.apache.catalina.core.ApplicationContext log
INFO: Manager: list: Listing contexts for virtual host 'localhost'
nov 19, 2022 5:41:33 P. M. org.apache.catalina.core.ApplicationContext log
INFO: Manager: restart: Reloading web application '/apprest'
nov 19, 2022 5:41:41 P. M. org.apache.catalina.core.ApplicationContext log
INFO: Manager: list: Listing contexts for virtual host 'localhost'
nov 19, 2022 5:41:41 P. M. org.apache.catalina.core.ApplicationContext log
INFO: Manager: restart: Reloading web application '/apprest'
nov 19, 2022 5:41:45 P. M. org.apache.catalina.core.ApplicationContext log
INFO: Manager: list: Listing contexts for virtual host 'localhost'
nov 19, 2022 5:41:45 P. M. org.apache.catalina.core.ApplicationContext log
INFO: Manager: restart: Reloading web application '/apprest'
nov 19, 2022 5:58:54 P. M. org.apache.catalina.core.ApplicationContext log
INFO: Manager: list: Listing contexts for virtual host 'localhost'
nov 19, 2022 5:58:54 P. M. org.apache.catalina.core.ApplicationContext log
INFO: Manager: list: Listing contexts for virtual host 'localhost'
nov 19, 2022 6:01:28 P. M. org.apache.catalina.core.ApplicationContext log
INFO: Manager: list: Listing contexts for virtual host 'localhost'
nov 19, 2022 6:01:28 P. M. org.apache.catalina.core.ApplicationContext log
INFO: Manager: restart: Reloading web application '/apprest'
nov 19, 2022 6:01:31 P. M. org.apache.catalina.core.ApplicationContext log
INFO: Manager: list: Listing contexts for virtual host 'localhost'
nov 19, 2022 6:01:31 P. M. org.apache.catalina.core.ApplicationContext log
INFO: Manager: restart: Reloading web application '/apprest'
nov 19, 2022 6:05:27 P. M. org.apache.catalina.core.ApplicationContext log
INFO: Manager: list: Listing contexts for virtual host 'localhost'
nov 19, 2022 6:07:37 P. M. org.apache.catalina.core.ApplicationContext log
INFO: Manager: list: Listing contexts for virtual host 'localhost'
nov 19, 2022 6:07:38 P. M. org.apache.catalina.core.ApplicationContext log
INFO: Manager: list: Listing contexts for virtual host 'localhost'
nov 19, 2022 6:07:47 P. M. org.apache.catalina.core.ApplicationContext log
INFO: Manager: list: Listing contexts for virtual host 'localhost'
nov 19, 2022 6:09:57 P. M. org.apache.catalina.core.ApplicationContext log
INFO: Manager: list: Listing contexts for virtual host 'localhost'
nov 19, 2022 6:10:51 P. M. org.apache.catalina.core.ApplicationContext log
INFO: Manager: list: Listing contexts for virtual host 'localhost'
nov 19, 2022 6:10:55 P. M. org.apache.catalina.core.ApplicationContext log
INFO: Manager: list: Listing contexts for virtual host 'localhost'
nov 19, 2022 6:10:55 P. M. org.apache.catalina.core.ApplicationContext log
INFO: Manager: list: Listing contexts for virtual host 'localhost'
nov 19, 2022 6:10:55 P. M. org.apache.catalina.core.ApplicationContext log
INFO: Manager: undeploy: Undeploying web application at '/apprest'
nov 19, 2022 6:10:55 P. M. org.apache.catalina.core.ApplicationContext log
INFO: Manager: install: Installing context configuration at 'file:/C:/Users/EMICHI~1/AppData/Local/Temp/context4500835248541104349.xml'
nov 19, 2022 6:10:57 P. M. org.apache.catalina.core.ApplicationContext log
INFO: Manager: start: Starting web application '/apprest'
nov 19, 2022 6:11:21 P. M. org.apache.catalina.core.ApplicationContext log
INFO: Manager: list: Listing contexts for virtual host 'localhost'
nov 19, 2022 6:11:22 P. M. org.apache.catalina.core.ApplicationContext log
INFO: Manager: list: Listing contexts for virtual host 'localhost'
nov 19, 2022 6:11:22 P. M. org.apache.catalina.core.ApplicationContext log
INFO: Manager: list: Listing contexts for virtual host 'localhost'
nov 19, 2022 6:11:22 P. M. org.apache.catalina.core.ApplicationContext log
INFO: Manager: undeploy: Undeploying web application at '/apprest'
nov 19, 2022 6:11:23 P. M. org.apache.catalina.core.ApplicationContext log
INFO: Manager: install: Installing context configuration at 'file:/C:/Users/EMICHI~1/AppData/Local/Temp/context7841126266378563910.xml'
nov 19, 2022 6:11:25 P. M. org.apache.catalina.core.ApplicationContext log
INFO: Manager: start: Starting web application '/apprest'
nov 19, 2022 6:12:22 P. M. org.apache.catalina.core.ApplicationContext log
INFO: Manager: list: Listing contexts for virtual host 'localhost'
nov 19, 2022 6:12:25 P. M. org.apache.catalina.core.ApplicationContext log
INFO: Manager: list: Listing contexts for virtual host 'localhost'
nov 19, 2022 6:12:25 P. M. org.apache.catalina.core.ApplicationContext log
INFO: Manager: list: Listing contexts for virtual host 'localhost'
nov 19, 2022 6:12:25 P. M. org.apache.catalina.core.ApplicationContext log
INFO: Manager: undeploy: Undeploying web application at '/apprest'
nov 19, 2022 6:12:25 P. M. org.apache.catalina.core.ApplicationContext log
INFO: Manager: install: Installing context configuration at 'file:/C:/Users/EMICHI~1/AppData/Local/Temp/context62527675098084526.xml'
nov 19, 2022 6:12:27 P. M. org.apache.catalina.core.ApplicationContext log
INFO: Manager: start: Starting web application '/apprest'
nov 19, 2022 6:17:58 P. M. org.apache.catalina.core.ApplicationContext log
INFO: Manager: list: Listing contexts for virtual host 'localhost'
nov 19, 2022 6:17:58 P. M. org.apache.catalina.core.ApplicationContext log
INFO: Manager: list: Listing contexts for virtual host 'localhost'
nov 19, 2022 6:18:20 P. M. org.apache.catalina.core.ApplicationContext log
INFO: Manager: list: Listing contexts for virtual host 'localhost'
nov 19, 2022 6:18:20 P. M. org.apache.catalina.core.ApplicationContext log
INFO: Manager: list: Listing contexts for virtual host 'localhost'
nov 19, 2022 6:21:11 P. M. org.apache.catalina.core.ApplicationContext log
INFO: Manager: list: Listing contexts for virtual host 'localhost'
nov 19, 2022 6:21:11 P. M. org.apache.catalina.core.ApplicationContext log
INFO: Manager: list: Listing contexts for virtual host 'localhost'
nov 19, 2022 6:21:19 P. M. org.apache.catalina.core.ApplicationContext log
INFO: Manager: list: Listing contexts for virtual host 'localhost'
nov 19, 2022 6:21:19 P. M. org.apache.catalina.core.ApplicationContext log
INFO: Manager: list: Listing contexts for virtual host 'localhost'
nov 19, 2022 6:21:30 P. M. org.apache.catalina.core.ApplicationContext log
INFO: Manager: list: Listing contexts for virtual host 'localhost'
nov 19, 2022 6:21:31 P. M. org.apache.catalina.core.ApplicationContext log
INFO: Manager: list: Listing contexts for virtual host 'localhost'
nov 19, 2022 6:21:40 P. M. org.apache.catalina.core.ApplicationContext log
INFO: Manager: list: Listing contexts for virtual host 'localhost'
nov 19, 2022 6:21:40 P. M. org.apache.catalina.core.ApplicationContext log
INFO: Manager: list: Listing contexts for virtual host 'localhost'
nov 19, 2022 6:22:27 P. M. org.apache.catalina.core.ApplicationContext log
INFO: Manager: list: Listing contexts for virtual host 'localhost'
nov 19, 2022 6:22:47 P. M. org.apache.catalina.core.ApplicationContext log
INFO: Manager: list: Listing contexts for virtual host 'localhost'
nov 19, 2022 6:22:47 P. M. org.apache.catalina.core.ApplicationContext log
INFO: Manager: list: Listing contexts for virtual host 'localhost'
nov 19, 2022 6:22:47 P. M. org.apache.catalina.core.ApplicationContext log
INFO: Manager: list: Listing contexts for virtual host 'localhost'
nov 19, 2022 6:22:47 P. M. org.apache.catalina.core.ApplicationContext log
INFO: Manager: list: Listing contexts for virtual host 'localhost'
nov 19, 2022 6:22:47 P. M. org.apache.catalina.core.ApplicationContext log
INFO: Manager: undeploy: Undeploying web application at '/apprest'
nov 19, 2022 6:22:48 P. M. org.apache.catalina.core.ApplicationContext log
INFO: Manager: install: Installing context configuration at 'file:/C:/Users/EMICHI~1/AppData/Local/Temp/context4015119712938188942.xml'
nov 19, 2022 6:22:50 P. M. org.apache.catalina.core.ApplicationContext log
INFO: Manager: start: Starting web application '/apprest'
nov 19, 2022 6:23:07 P. M. org.apache.catalina.core.ApplicationContext log
INFO: Manager: list: Listing contexts for virtual host 'localhost'
nov 19, 2022 6:23:21 P. M. org.apache.catalina.core.ApplicationContext log
INFO: Manager: list: Listing contexts for virtual host 'localhost'
nov 19, 2022 6:23:22 P. M. org.apache.catalina.core.ApplicationContext log
INFO: Manager: list: Listing contexts for virtual host 'localhost'
nov 19, 2022 6:23:39 P. M. org.apache.catalina.core.ApplicationContext log
INFO: Manager: list: Listing contexts for virtual host 'localhost'
nov 19, 2022 6:23:39 P. M. org.apache.catalina.core.ApplicationContext log
INFO: Manager: list: Listing contexts for virtual host 'localhost'
nov 19, 2022 6:24:33 P. M. org.apache.catalina.core.ApplicationContext log
INFO: Manager: list: Listing contexts for virtual host 'localhost'
nov 19, 2022 6:24:34 P. M. org.apache.catalina.core.ApplicationContext log
INFO: Manager: list: Listing contexts for virtual host 'localhost'
nov 19, 2022 6:24:35 P. M. org.apache.catalina.core.ApplicationContext log
INFO: Manager: list: Listing contexts for virtual host 'localhost'
nov 19, 2022 6:24:35 P. M. org.apache.catalina.core.ApplicationContext log
INFO: Manager: undeploy: Undeploying web application at '/TP7-JSP'
nov 19, 2022 6:24:35 P. M. org.apache.catalina.core.ApplicationContext log
INFO: Manager: install: Installing context configuration at 'file:/C:/Users/EMICHI~1/AppData/Local/Temp/context9208860017648344012.xml'
nov 19, 2022 6:28:35 P. M. org.apache.catalina.core.ApplicationContext log
INFO: Manager: list: Listing contexts for virtual host 'localhost'
nov 19, 2022 6:28:36 P. M. org.apache.catalina.core.ApplicationContext log
INFO: Manager: list: Listing contexts for virtual host 'localhost'
nov 19, 2022 6:28:36 P. M. org.apache.catalina.core.ApplicationContext log
INFO: Manager: list: Listing contexts for virtual host 'localhost'
nov 19, 2022 6:28:36 P. M. org.apache.catalina.core.ApplicationContext log
INFO: Manager: undeploy: Undeploying web application at '/apprest'
nov 19, 2022 6:28:37 P. M. org.apache.catalina.core.ApplicationContext log
INFO: Manager: install: Installing context configuration at 'file:/C:/Users/EMICHI~1/AppData/Local/Temp/context17598576570556116767.xml'
nov 19, 2022 6:28:38 P. M. org.apache.catalina.core.ApplicationContext log
INFO: Manager: start: Starting web application '/apprest'
nov 19, 2022 6:31:36 P. M. org.apache.catalina.core.ApplicationContext log
INFO: Manager: list: Listing contexts for virtual host 'localhost'
nov 19, 2022 6:31:43 P. M. org.apache.catalina.core.ApplicationContext log
INFO: Manager: list: Listing contexts for virtual host 'localhost'
nov 19, 2022 6:31:43 P. M. org.apache.catalina.core.ApplicationContext log
INFO: Manager: list: Listing contexts for virtual host 'localhost'
nov 19, 2022 6:31:43 P. M. org.apache.catalina.core.ApplicationContext log
INFO: Manager: undeploy: Undeploying web application at '/apprest'
nov 19, 2022 6:31:44 P. M. org.apache.catalina.core.ApplicationContext log
INFO: Manager: install: Installing context configuration at 'file:/C:/Users/EMICHI~1/AppData/Local/Temp/context11067451047170551859.xml'
nov 19, 2022 6:31:45 P. M. org.apache.catalina.core.ApplicationContext log
INFO: Manager: start: Starting web application '/apprest'
nov 19, 2022 6:32:02 P. M. org.apache.catalina.core.ApplicationContext log
INFO: Manager: list: Listing contexts for virtual host 'localhost'
nov 19, 2022 6:32:23 P. M. org.apache.catalina.core.ApplicationContext log
INFO: Manager: list: Listing contexts for virtual host 'localhost'
nov 19, 2022 6:32:23 P. M. org.apache.catalina.core.ApplicationContext log
INFO: Manager: list: Listing contexts for virtual host 'localhost'
nov 19, 2022 6:32:56 P. M. org.apache.catalina.core.ApplicationContext log
INFO: Manager: list: Listing contexts for virtual host 'localhost'
nov 19, 2022 6:32:58 P. M. org.apache.catalina.core.ApplicationContext log
INFO: Manager: list: Listing contexts for virtual host 'localhost'
nov 19, 2022 6:32:59 P. M. org.apache.catalina.core.ApplicationContext log
INFO: Manager: list: Listing contexts for virtual host 'localhost'
nov 19, 2022 6:32:59 P. M. org.apache.catalina.core.ApplicationContext log
INFO: Manager: list: Listing contexts for virtual host 'localhost'
nov 19, 2022 6:32:59 P. M. org.apache.catalina.core.ApplicationContext log
INFO: Manager: undeploy: Undeploying web application at '/apprest'
nov 19, 2022 6:32:59 P. M. org.apache.catalina.core.ApplicationContext log
INFO: Manager: install: Installing context configuration at 'file:/C:/Users/EMICHI~1/AppData/Local/Temp/context13980081651924504144.xml'
nov 19, 2022 6:33:01 P. M. org.apache.catalina.core.ApplicationContext log
INFO: Manager: start: Starting web application '/apprest'
nov 19, 2022 6:33:29 P. M. org.apache.catalina.core.ApplicationContext log
INFO: Manager: list: Listing contexts for virtual host 'localhost'
nov 19, 2022 6:35:00 P. M. org.apache.catalina.core.ApplicationContext log
INFO: Manager: list: Listing contexts for virtual host 'localhost'
nov 19, 2022 6:37:17 P. M. org.apache.catalina.core.ApplicationContext log
INFO: Manager: list: Listing contexts for virtual host 'localhost'
nov 19, 2022 6:40:14 P. M. org.apache.catalina.core.ApplicationContext log
INFO: Manager: list: Listing contexts for virtual host 'localhost'
nov 19, 2022 6:44:59 P. M. org.apache.catalina.core.ApplicationContext log
INFO: Manager: list: Listing contexts for virtual host 'localhost'
nov 19, 2022 6:45:09 P. M. org.apache.catalina.core.ApplicationContext log
INFO: Manager: list: Listing contexts for virtual host 'localhost'
nov 19, 2022 6:45:11 P. M. org.apache.catalina.core.ApplicationContext log
INFO: Manager: list: Listing contexts for virtual host 'localhost'
nov 19, 2022 6:45:11 P. M. org.apache.catalina.core.ApplicationContext log
INFO: Manager: list: Listing contexts for virtual host 'localhost'
nov 19, 2022 6:45:11 P. M. org.apache.catalina.core.ApplicationContext log
INFO: Manager: undeploy: Undeploying web application at '/apprest'
nov 19, 2022 6:45:12 P. M. org.apache.catalina.core.ApplicationContext log
INFO: Manager: install: Installing context configuration at 'file:/C:/Users/EMICHI~1/AppData/Local/Temp/context4901490757632565496.xml'
nov 19, 2022 6:45:14 P. M. org.apache.catalina.core.ApplicationContext log
INFO: Manager: start: Starting web application '/apprest'
nov 19, 2022 6:46:50 P. M. org.apache.catalina.core.ApplicationContext log
INFO: Manager: list: Listing contexts for virtual host 'localhost'
nov 19, 2022 6:46:56 P. M. org.apache.catalina.core.ApplicationContext log
INFO: Manager: list: Listing contexts for virtual host 'localhost'
nov 19, 2022 6:50:17 P. M. org.apache.catalina.core.ApplicationContext log
INFO: Manager: list: Listing contexts for virtual host 'localhost'
nov 19, 2022 6:50:19 P. M. org.apache.catalina.core.ApplicationContext log
INFO: Manager: list: Listing contexts for virtual host 'localhost'
nov 19, 2022 6:50:19 P. M. org.apache.catalina.core.ApplicationContext log
INFO: Manager: list: Listing contexts for virtual host 'localhost'
nov 19, 2022 6:50:19 P. M. org.apache.catalina.core.ApplicationContext log
INFO: Manager: undeploy: Undeploying web application at '/apprest'
nov 19, 2022 6:50:20 P. M. org.apache.catalina.core.ApplicationContext log
INFO: Manager: install: Installing context configuration at 'file:/C:/Users/EMICHI~1/AppData/Local/Temp/context5969307706701760073.xml'
nov 19, 2022 6:50:21 P. M. org.apache.catalina.core.ApplicationContext log
INFO: Manager: start: Starting web application '/apprest'
nov 19, 2022 6:52:12 P. M. org.apache.catalina.core.ApplicationContext log
INFO: Manager: list: Listing contexts for virtual host 'localhost'
nov 19, 2022 6:52:19 P. M. org.apache.catalina.core.ApplicationContext log
INFO: Manager: list: Listing contexts for virtual host 'localhost'
nov 19, 2022 6:52:20 P. M. org.apache.catalina.core.ApplicationContext log
INFO: Manager: list: Listing contexts for virtual host 'localhost'
nov 19, 2022 6:52:20 P. M. org.apache.catalina.core.ApplicationContext log
INFO: Manager: list: Listing contexts for virtual host 'localhost'
nov 19, 2022 6:52:34 P. M. org.apache.catalina.core.ApplicationContext log
INFO: Manager: list: Listing contexts for virtual host 'localhost'
nov 19, 2022 6:52:34 P. M. org.apache.catalina.core.ApplicationContext log
INFO: Manager: restart: Reloading web application '/apprest'
nov 19, 2022 6:52:42 P. M. org.apache.catalina.core.ApplicationContext log
INFO: Manager: list: Listing contexts for virtual host 'localhost'
nov 19, 2022 6:52:42 P. M. org.apache.catalina.core.ApplicationContext log
INFO: Manager: restart: Reloading web application '/apprest'
nov 19, 2022 6:52:53 P. M. org.apache.catalina.core.ApplicationContext log
INFO: Manager: list: Listing contexts for virtual host 'localhost'
nov 19, 2022 7:48:45 P. M. org.apache.catalina.core.ApplicationContext log
INFO: Manager: list: Listing contexts for virtual host 'localhost'
nov 19, 2022 7:48:45 P. M. org.apache.catalina.core.ApplicationContext log
INFO: Manager: undeploy: Undeploying web application at '/apprest'
nov 19, 2022 7:49:17 P. M. org.apache.catalina.core.ApplicationContext log
INFO: Manager: list: Listing contexts for virtual host 'localhost'
nov 19, 2022 7:49:17 P. M. org.apache.catalina.core.ApplicationContext log
INFO: Manager: list: Listing contexts for virtual host 'localhost'
nov 19, 2022 7:50:38 P. M. org.apache.catalina.core.ApplicationContext log
INFO: Manager: list: Listing contexts for virtual host 'localhost'
nov 19, 2022 7:50:38 P. M. org.apache.catalina.core.ApplicationContext log
INFO: Manager: list: Listing contexts for virtual host 'localhost'
nov 19, 2022 7:50:48 P. M. org.apache.catalina.core.ApplicationContext log
INFO: Manager: list: Listing contexts for virtual host 'localhost'
nov 19, 2022 7:50:48 P. M. org.apache.catalina.core.ApplicationContext log
INFO: Manager: list: Listing contexts for virtual host 'localhost'
nov 19, 2022 7:50:48 P. M. org.apache.catalina.core.ApplicationContext log
INFO: Manager: install: Installing context configuration at 'file:/C:/Users/EMICHI~1/AppData/Local/Temp/context11902883910530508512.xml'
nov 19, 2022 7:50:50 P. M. org.apache.catalina.core.ApplicationContext log
INFO: Manager: start: Starting web application '/apprest'
nov 19, 2022 7:54:57 P. M. org.apache.catalina.core.ApplicationContext log
INFO: Manager: list: Listing contexts for virtual host 'localhost'
nov 19, 2022 7:54:57 P. M. org.apache.catalina.core.ApplicationContext log
INFO: Manager: restart: Reloading web application '/apprest'
nov 19, 2022 7:55:56 P. M. org.apache.catalina.core.ApplicationContext log
INFO: Manager: list: Listing contexts for virtual host 'localhost'
nov 19, 2022 7:55:56 P. M. org.apache.catalina.core.ApplicationContext log
INFO: Manager: list: Listing contexts for virtual host 'localhost'
nov 19, 2022 7:55:56 P. M. org.apache.catalina.core.ApplicationContext log
INFO: Manager: undeploy: Undeploying web application at '/apprest'
nov 19, 2022 7:55:56 P. M. org.apache.catalina.core.ApplicationContext log
INFO: Manager: install: Installing context configuration at 'file:/C:/Users/EMICHI~1/AppData/Local/Temp/context10805653345048104002.xml'
nov 19, 2022 7:55:58 P. M. org.apache.catalina.core.ApplicationContext log
INFO: Manager: start: Starting web application '/apprest'
nov 19, 2022 7:57:01 P. M. org.apache.catalina.core.ApplicationContext log
INFO: Manager: list: Listing contexts for virtual host 'localhost'
nov 19, 2022 7:57:01 P. M. org.apache.catalina.core.ApplicationContext log
INFO: Manager: restart: Reloading web application '/apprest'
nov 19, 2022 7:57:04 P. M. org.apache.catalina.core.ApplicationContext log
INFO: Manager: list: Listing contexts for virtual host 'localhost'
nov 19, 2022 7:57:04 P. M. org.apache.catalina.core.ApplicationContext log
INFO: Manager: list: Listing contexts for virtual host 'localhost'
nov 19, 2022 7:57:04 P. M. org.apache.catalina.core.ApplicationContext log
INFO: Manager: undeploy: Undeploying web application at '/apprest'
nov 19, 2022 7:57:05 P. M. org.apache.catalina.core.ApplicationContext log
INFO: Manager: install: Installing context configuration at 'file:/C:/Users/EMICHI~1/AppData/Local/Temp/context4460618758741638854.xml'
nov 19, 2022 7:57:07 P. M. org.apache.catalina.core.ApplicationContext log
INFO: Manager: start: Starting web application '/apprest'
nov 19, 2022 7:57:54 P. M. org.apache.catalina.core.ApplicationContext log
INFO: Manager: list: Listing contexts for virtual host 'localhost'
nov 19, 2022 7:57:54 P. M. org.apache.catalina.core.ApplicationContext log
INFO: Manager: restart: Reloading web application '/apprest'
nov 19, 2022 7:57:55 P. M. org.apache.catalina.core.ApplicationContext log
INFO: Manager: list: Listing contexts for virtual host 'localhost'
nov 19, 2022 7:57:55 P. M. org.apache.catalina.core.ApplicationContext log
INFO: Manager: list: Listing contexts for virtual host 'localhost'
nov 19, 2022 7:57:57 P. M. org.apache.catalina.core.ApplicationContext log
INFO: Manager: undeploy: Undeploying web application at '/apprest'
nov 19, 2022 7:57:58 P. M. org.apache.catalina.core.ApplicationContext log
INFO: Manager: install: Installing context configuration at 'file:/C:/Users/EMICHI~1/AppData/Local/Temp/context6340901569688711784.xml'
nov 19, 2022 7:58:00 P. M. org.apache.catalina.core.ApplicationContext log
INFO: Manager: start: Starting web application '/apprest'
nov 19, 2022 7:58:51 P. M. org.apache.catalina.core.ApplicationContext log
INFO: Manager: list: Listing contexts for virtual host 'localhost'
nov 19, 2022 7:58:51 P. M. org.apache.catalina.core.ApplicationContext log
INFO: Manager: restart: Reloading web application '/apprest'
nov 19, 2022 7:59:12 P. M. org.apache.catalina.core.ApplicationContext log
INFO: Manager: list: Listing contexts for virtual host 'localhost'
nov 19, 2022 7:59:12 P. M. org.apache.catalina.core.ApplicationContext log
INFO: Manager: list: Listing contexts for virtual host 'localhost'
nov 19, 2022 7:59:12 P. M. org.apache.catalina.core.ApplicationContext log
INFO: Manager: undeploy: Undeploying web application at '/apprest'
nov 19, 2022 7:59:12 P. M. org.apache.catalina.core.ApplicationContext log
INFO: Manager: install: Installing context configuration at 'file:/C:/Users/EMICHI~1/AppData/Local/Temp/context8017584350681649452.xml'
nov 19, 2022 7:59:15 P. M. org.apache.catalina.core.ApplicationContext log
INFO: Manager: start: Starting web application '/apprest'
nov 19, 2022 8:01:13 P. M. org.apache.catalina.core.ApplicationContext log
INFO: Manager: list: Listing contexts for virtual host 'localhost'
nov 19, 2022 8:01:13 P. M. org.apache.catalina.core.ApplicationContext log
INFO: Manager: restart: Reloading web application '/apprest'
nov 19, 2022 8:01:14 P. M. org.apache.catalina.core.ApplicationContext log
INFO: Manager: list: Listing contexts for virtual host 'localhost'
nov 19, 2022 8:01:14 P. M. org.apache.catalina.core.ApplicationContext log
INFO: Manager: list: Listing contexts for virtual host 'localhost'
nov 19, 2022 8:01:16 P. M. org.apache.catalina.core.ApplicationContext log
INFO: Manager: undeploy: Undeploying web application at '/apprest'
nov 19, 2022 8:01:17 P. M. org.apache.catalina.core.ApplicationContext log
INFO: Manager: install: Installing context configuration at 'file:/C:/Users/EMICHI~1/AppData/Local/Temp/context16287652360464065567.xml'
nov 19, 2022 8:01:19 P. M. org.apache.catalina.core.ApplicationContext log
INFO: Manager: start: Starting web application '/apprest'
nov 19, 2022 8:03:15 P. M. org.apache.catalina.core.ApplicationContext log
INFO: Manager: list: Listing contexts for virtual host 'localhost'
nov 19, 2022 8:03:15 P. M. org.apache.catalina.core.ApplicationContext log
INFO: Manager: restart: Reloading web application '/apprest'
nov 19, 2022 8:03:17 P. M. org.apache.catalina.core.ApplicationContext log
INFO: Manager: list: Listing contexts for virtual host 'localhost'
nov 19, 2022 8:03:17 P. M. org.apache.catalina.core.ApplicationContext log
INFO: Manager: list: Listing contexts for virtual host 'localhost'
nov 19, 2022 8:03:19 P. M. org.apache.catalina.core.ApplicationContext log
INFO: Manager: undeploy: Undeploying web application at '/apprest'
nov 19, 2022 8:03:20 P. M. org.apache.catalina.core.ApplicationContext log
INFO: Manager: install: Installing context configuration at 'file:/C:/Users/EMICHI~1/AppData/Local/Temp/context9361550888531300403.xml'
nov 19, 2022 8:03:22 P. M. org.apache.catalina.core.ApplicationContext log
INFO: Manager: start: Starting web application '/apprest'
nov 19, 2022 8:06:02 P. M. org.apache.catalina.core.ApplicationContext log
INFO: Manager: list: Listing contexts for virtual host 'localhost'
nov 19, 2022 8:07:00 P. M. org.apache.catalina.core.ApplicationContext log
INFO: Manager: list: Listing contexts for virtual host 'localhost'
nov 19, 2022 8:07:00 P. M. org.apache.catalina.core.ApplicationContext log
INFO: Manager: list: Listing contexts for virtual host 'localhost'
nov 19, 2022 8:07:00 P. M. org.apache.catalina.core.ApplicationContext log
INFO: Manager: undeploy: Undeploying web application at '/apprest'
nov 19, 2022 8:07:01 P. M. org.apache.catalina.core.ApplicationContext log
INFO: Manager: install: Installing context configuration at 'file:/C:/Users/EMICHI~1/AppData/Local/Temp/context14337145923877716332.xml'
nov 19, 2022 8:07:03 P. M. org.apache.catalina.core.ApplicationContext log
INFO: Manager: start: Starting web application '/apprest'
nov 19, 2022 8:09:08 P. M. org.apache.catalina.core.ApplicationContext log
INFO: Manager: list: Listing contexts for virtual host 'localhost'
nov 19, 2022 8:09:08 P. M. org.apache.catalina.core.ApplicationContext log
INFO: Manager: list: Listing contexts for virtual host 'localhost'
nov 19, 2022 8:09:08 P. M. org.apache.catalina.core.ApplicationContext log
INFO: Manager: list: Listing contexts for virtual host 'localhost'
nov 19, 2022 8:09:08 P. M. org.apache.catalina.core.ApplicationContext log
INFO: Manager: undeploy: Undeploying web application at '/apprest'
nov 19, 2022 8:09:09 P. M. org.apache.catalina.core.ApplicationContext log
INFO: Manager: restart: Reloading web application '/apprest'
nov 19, 2022 8:09:09 P. M. org.apache.catalina.core.ApplicationContext log
INFO: Manager: install: Installing context configuration at 'file:/C:/Users/EMICHI~1/AppData/Local/Temp/context4185257572209291689.xml'
nov 19, 2022 8:09:12 P. M. org.apache.catalina.core.ApplicationContext log
INFO: Manager: start: Starting web application '/apprest'
nov 19, 2022 8:09:37 P. M. org.apache.catalina.core.ApplicationContext log
INFO: Manager: list: Listing contexts for virtual host 'localhost'
nov 19, 2022 8:09:37 P. M. org.apache.catalina.core.ApplicationContext log
INFO: Manager: list: Listing contexts for virtual host 'localhost'
nov 19, 2022 8:09:37 P. M. org.apache.catalina.core.ApplicationContext log
INFO: Manager: undeploy: Undeploying web application at '/apprest'
nov 19, 2022 8:09:37 P. M. org.apache.catalina.core.ApplicationContext log
INFO: Manager: install: Installing context configuration at 'file:/C:/Users/EMICHI~1/AppData/Local/Temp/context17769194448168003045.xml'
nov 19, 2022 8:09:40 P. M. org.apache.catalina.core.ApplicationContext log
INFO: Manager: start: Starting web application '/apprest'
nov 19, 2022 8:09:42 P. M. org.apache.catalina.core.ApplicationContext log
INFO: Manager: list: Listing contexts for virtual host 'localhost'
nov 19, 2022 8:09:42 P. M. org.apache.catalina.core.ApplicationContext log
INFO: Manager: list: Listing contexts for virtual host 'localhost'
nov 19, 2022 8:09:42 P. M. org.apache.catalina.core.ApplicationContext log
INFO: Manager: undeploy: Undeploying web application at '/apprest'
nov 19, 2022 8:09:43 P. M. org.apache.catalina.core.ApplicationContext log
INFO: Manager: install: Installing context configuration at 'file:/C:/Users/EMICHI~1/AppData/Local/Temp/context4106990190289723362.xml'
nov 19, 2022 8:09:45 P. M. org.apache.catalina.core.ApplicationContext log
INFO: Manager: start: Starting web application '/apprest'
nov 19, 2022 8:09:58 P. M. org.apache.catalina.core.ApplicationContext log
INFO: Manager: list: Listing contexts for virtual host 'localhost'
nov 19, 2022 8:09:58 P. M. org.apache.catalina.core.ApplicationContext log
INFO: Manager: restart: Reloading web application '/apprest'
nov 19, 2022 8:13:15 P. M. org.apache.catalina.core.ApplicationContext log
INFO: Manager: list: Listing contexts for virtual host 'localhost'
nov 19, 2022 8:13:18 P. M. org.apache.catalina.core.ApplicationContext log
INFO: Manager: list: Listing contexts for virtual host 'localhost'
nov 19, 2022 8:13:18 P. M. org.apache.catalina.core.ApplicationContext log
INFO: Manager: list: Listing contexts for virtual host 'localhost'
nov 19, 2022 8:13:18 P. M. org.apache.catalina.core.ApplicationContext log
INFO: Manager: undeploy: Undeploying web application at '/apprest'
nov 19, 2022 8:13:19 P. M. org.apache.catalina.core.ApplicationContext log
INFO: Manager: install: Installing context configuration at 'file:/C:/Users/EMICHI~1/AppData/Local/Temp/context10770703214548285854.xml'
nov 19, 2022 8:13:21 P. M. org.apache.catalina.core.ApplicationContext log
INFO: Manager: start: Starting web application '/apprest'
nov 19, 2022 8:13:34 P. M. org.apache.catalina.core.ApplicationContext log
INFO: Manager: list: Listing contexts for virtual host 'localhost'
nov 19, 2022 8:15:14 P. M. org.apache.catalina.core.ApplicationContext log
INFO: Manager: list: Listing contexts for virtual host 'localhost'
nov 19, 2022 8:15:16 P. M. org.apache.catalina.core.ApplicationContext log
INFO: Manager: list: Listing contexts for virtual host 'localhost'
nov 19, 2022 8:15:16 P. M. org.apache.catalina.core.ApplicationContext log
INFO: Manager: list: Listing contexts for virtual host 'localhost'
nov 19, 2022 8:15:16 P. M. org.apache.catalina.core.ApplicationContext log
INFO: Manager: undeploy: Undeploying web application at '/apprest'
nov 19, 2022 8:15:17 P. M. org.apache.catalina.core.ApplicationContext log
INFO: Manager: install: Installing context configuration at 'file:/C:/Users/EMICHI~1/AppData/Local/Temp/context11153840986122236085.xml'
nov 19, 2022 8:15:19 P. M. org.apache.catalina.core.ApplicationContext log
INFO: Manager: start: Starting web application '/apprest'
nov 19, 2022 8:16:11 P. M. org.apache.catalina.core.ApplicationContext log
INFO: Manager: list: Listing contexts for virtual host 'localhost'
nov 19, 2022 8:16:13 P. M. org.apache.catalina.core.ApplicationContext log
INFO: Manager: list: Listing contexts for virtual host 'localhost'
nov 19, 2022 8:16:13 P. M. org.apache.catalina.core.ApplicationContext log
INFO: Manager: list: Listing contexts for virtual host 'localhost'
nov 19, 2022 8:16:13 P. M. org.apache.catalina.core.ApplicationContext log
INFO: Manager: undeploy: Undeploying web application at '/apprest'
nov 19, 2022 8:16:13 P. M. org.apache.catalina.core.ApplicationContext log
INFO: Manager: install: Installing context configuration at 'file:/C:/Users/EMICHI~1/AppData/Local/Temp/context13004375361006025648.xml'
nov 19, 2022 8:16:16 P. M. org.apache.catalina.core.ApplicationContext log
INFO: Manager: start: Starting web application '/apprest'
nov 19, 2022 8:16:49 P. M. org.apache.catalina.core.ApplicationContext log
INFO: Manager: list: Listing contexts for virtual host 'localhost'
nov 19, 2022 8:16:51 P. M. org.apache.catalina.core.ApplicationContext log
INFO: Manager: list: Listing contexts for virtual host 'localhost'
nov 19, 2022 8:16:51 P. M. org.apache.catalina.core.ApplicationContext log
INFO: Manager: list: Listing contexts for virtual host 'localhost'
nov 19, 2022 8:16:51 P. M. org.apache.catalina.core.ApplicationContext log
INFO: Manager: undeploy: Undeploying web application at '/apprest'
nov 19, 2022 8:16:52 P. M. org.apache.catalina.core.ApplicationContext log
INFO: Manager: install: Installing context configuration at 'file:/C:/Users/EMICHI~1/AppData/Local/Temp/context14599045271652556128.xml'
nov 19, 2022 8:16:54 P. M. org.apache.catalina.core.ApplicationContext log
INFO: Manager: start: Starting web application '/apprest'
nov 19, 2022 8:18:32 P. M. org.apache.catalina.core.ApplicationContext log
INFO: Manager: list: Listing contexts for virtual host 'localhost'
nov 19, 2022 8:18:35 P. M. org.apache.catalina.core.ApplicationContext log
INFO: Manager: list: Listing contexts for virtual host 'localhost'
nov 19, 2022 8:18:36 P. M. org.apache.catalina.core.ApplicationContext log
INFO: Manager: list: Listing contexts for virtual host 'localhost'
nov 19, 2022 8:18:36 P. M. org.apache.catalina.core.ApplicationContext log
INFO: Manager: list: Listing contexts for virtual host 'localhost'
nov 19, 2022 8:18:36 P. M. org.apache.catalina.core.ApplicationContext log
INFO: Manager: undeploy: Undeploying web application at '/apprest'
nov 19, 2022 8:18:36 P. M. org.apache.catalina.core.ApplicationContext log
INFO: Manager: install: Installing context configuration at 'file:/C:/Users/EMICHI~1/AppData/Local/Temp/context1384464122530610161.xml'
nov 19, 2022 8:18:39 P. M. org.apache.catalina.core.ApplicationContext log
INFO: Manager: start: Starting web application '/apprest'
nov 19, 2022 8:18:56 P. M. org.apache.catalina.core.ApplicationContext log
INFO: Manager: list: Listing contexts for virtual host 'localhost'
nov 19, 2022 8:18:57 P. M. org.apache.catalina.core.ApplicationContext log
INFO: Manager: list: Listing contexts for virtual host 'localhost'
nov 19, 2022 8:18:57 P. M. org.apache.catalina.core.ApplicationContext log
INFO: Manager: list: Listing contexts for virtual host 'localhost'
nov 19, 2022 8:18:57 P. M. org.apache.catalina.core.ApplicationContext log
INFO: Manager: undeploy: Undeploying web application at '/apprest'
nov 19, 2022 8:18:58 P. M. org.apache.catalina.core.ApplicationContext log
INFO: Manager: install: Installing context configuration at 'file:/C:/Users/EMICHI~1/AppData/Local/Temp/context17226503576704808892.xml'
nov 19, 2022 8:19:01 P. M. org.apache.catalina.core.ApplicationContext log
INFO: Manager: start: Starting web application '/apprest'
nov 19, 2022 8:19:44 P. M. org.apache.catalina.core.ApplicationContext log
INFO: Manager: list: Listing contexts for virtual host 'localhost'
nov 19, 2022 8:19:45 P. M. org.apache.catalina.core.ApplicationContext log
INFO: Manager: list: Listing contexts for virtual host 'localhost'
nov 19, 2022 8:19:45 P. M. org.apache.catalina.core.ApplicationContext log
INFO: Manager: list: Listing contexts for virtual host 'localhost'
nov 19, 2022 8:19:45 P. M. org.apache.catalina.core.ApplicationContext log
INFO: Manager: undeploy: Undeploying web application at '/apprest'
nov 19, 2022 8:19:46 P. M. org.apache.catalina.core.ApplicationContext log
INFO: Manager: install: Installing context configuration at 'file:/C:/Users/EMICHI~1/AppData/Local/Temp/context1134902139394372196.xml'
nov 19, 2022 8:19:48 P. M. org.apache.catalina.core.ApplicationContext log
INFO: Manager: start: Starting web application '/apprest'
nov 19, 2022 8:19:55 P. M. org.apache.catalina.core.ApplicationContext log
INFO: Manager: list: Listing contexts for virtual host 'localhost'
nov 19, 2022 8:21:53 P. M. org.apache.catalina.core.ApplicationContext log
INFO: Manager: list: Listing contexts for virtual host 'localhost'
nov 19, 2022 8:21:53 P. M. org.apache.catalina.core.ApplicationContext log
INFO: Manager: list: Listing contexts for virtual host 'localhost'
nov 19, 2022 8:21:53 P. M. org.apache.catalina.core.ApplicationContext log
INFO: Manager: list: Listing contexts for virtual host 'localhost'
nov 19, 2022 8:21:53 P. M. org.apache.catalina.core.ApplicationContext log
INFO: Manager: undeploy: Undeploying web application at '/apprest'
nov 19, 2022 8:21:53 P. M. org.apache.catalina.core.ApplicationContext log
INFO: Manager: install: Installing context configuration at 'file:/C:/Users/EMICHI~1/AppData/Local/Temp/context5333542756441786864.xml'
nov 19, 2022 8:21:56 P. M. org.apache.catalina.core.ApplicationContext log
INFO: Manager: start: Starting web application '/apprest'
